<?xml version="1.0" encoding="UTF-8"?>
<coverage generated="1627794511121" clover="3.2.0">
  <project timestamp="1627794511121" name="All files">
    <metrics statements="486" coveredstatements="474" conditionals="96" coveredconditionals="88" methods="82" coveredmethods="79" elements="664" coveredelements="641" complexity="0" loc="486" ncloc="486" packages="5" files="20" classes="20"/>
    <package name="ayc-back">
      <metrics statements="54" coveredstatements="52" conditionals="20" coveredconditionals="16" methods="8" coveredmethods="7"/>
      <file name="app.js" path="/home/jpendy/springboard/ayc-back/app.js">
        <metrics statements="26" coveredstatements="26" conditionals="4" coveredconditionals="3" methods="2" coveredmethods="2"/>
        <line num="5" count="6" type="stmt"/>
        <line num="6" count="6" type="stmt"/>
        <line num="8" count="6" type="stmt"/>
        <line num="10" count="6" type="stmt"/>
        <line num="11" count="6" type="stmt"/>
        <line num="12" count="6" type="stmt"/>
        <line num="13" count="6" type="stmt"/>
        <line num="14" count="6" type="stmt"/>
        <line num="15" count="6" type="stmt"/>
        <line num="17" count="6" type="stmt"/>
        <line num="19" count="6" type="stmt"/>
        <line num="20" count="6" type="stmt"/>
        <line num="21" count="6" type="stmt"/>
        <line num="23" count="6" type="stmt"/>
        <line num="24" count="6" type="stmt"/>
        <line num="25" count="6" type="stmt"/>
        <line num="26" count="6" type="stmt"/>
        <line num="27" count="6" type="stmt"/>
        <line num="30" count="6" type="stmt"/>
        <line num="31" count="2" type="stmt"/>
        <line num="35" count="6" type="stmt"/>
        <line num="36" count="47" type="cond" truecount="2" falsecount="0"/>
        <line num="37" count="47" type="cond" truecount="1" falsecount="1"/>
        <line num="38" count="47" type="stmt"/>
        <line num="40" count="47" type="stmt"/>
        <line num="45" count="6" type="stmt"/>
      </file>
      <file name="config.js" path="/home/jpendy/springboard/ayc-back/config.js">
        <metrics statements="13" coveredstatements="13" conditionals="10" coveredconditionals="10" methods="1" coveredmethods="1"/>
        <line num="4" count="14" type="stmt"/>
        <line num="5" count="14" type="stmt"/>
        <line num="7" count="14" type="cond" truecount="2" falsecount="0"/>
        <line num="9" count="14" type="cond" truecount="2" falsecount="0"/>
        <line num="13" count="28" type="cond" truecount="2" falsecount="0"/>
        <line num="19" count="14" type="cond" truecount="2" falsecount="0"/>
        <line num="21" count="14" type="stmt"/>
        <line num="22" count="14" type="stmt"/>
        <line num="23" count="14" type="stmt"/>
        <line num="24" count="14" type="stmt"/>
        <line num="25" count="14" type="stmt"/>
        <line num="26" count="14" type="stmt"/>
        <line num="28" count="14" type="stmt"/>
      </file>
      <file name="db.js" path="/home/jpendy/springboard/ayc-back/db.js">
        <metrics statements="7" coveredstatements="6" conditionals="2" coveredconditionals="1" methods="0" coveredmethods="0"/>
        <line num="4" count="11" type="stmt"/>
        <line num="5" count="11" type="stmt"/>
        <line num="9" count="11" type="cond" truecount="1" falsecount="1"/>
        <line num="10" count="0" type="stmt"/>
        <line num="17" count="11" type="stmt"/>
        <line num="22" count="11" type="stmt"/>
        <line num="24" count="11" type="stmt"/>
      </file>
      <file name="expressError.js" path="/home/jpendy/springboard/ayc-back/expressError.js">
        <metrics statements="8" coveredstatements="7" conditionals="4" coveredconditionals="2" methods="5" coveredmethods="4"/>
        <line num="9" count="69" type="stmt"/>
        <line num="10" count="69" type="stmt"/>
        <line num="11" count="69" type="stmt"/>
        <line num="19" count="31" type="stmt"/>
        <line num="27" count="18" type="stmt"/>
        <line num="35" count="20" type="stmt"/>
        <line num="43" count="0" type="stmt"/>
        <line num="47" count="13" type="stmt"/>
      </file>
    </package>
    <package name="ayc-back.helpers">
      <metrics statements="15" coveredstatements="15" conditionals="4" coveredconditionals="4" methods="5" coveredmethods="5"/>
      <file name="sql.js" path="/home/jpendy/springboard/ayc-back/helpers/sql.js">
        <metrics statements="7" coveredstatements="7" conditionals="4" coveredconditionals="4" methods="2" coveredmethods="2"/>
        <line num="1" count="12" type="stmt"/>
        <line num="5" count="20" type="stmt"/>
        <line num="6" count="20" type="cond" truecount="2" falsecount="0"/>
        <line num="9" count="17" type="stmt"/>
        <line num="10" count="37" type="cond" truecount="2" falsecount="0"/>
        <line num="13" count="17" type="stmt"/>
        <line num="19" count="12" type="stmt"/>
      </file>
      <file name="toTitle.js" path="/home/jpendy/springboard/ayc-back/helpers/toTitle.js">
        <metrics statements="3" coveredstatements="3" conditionals="0" coveredconditionals="0" methods="2" coveredmethods="2"/>
        <line num="4" count="7" type="stmt"/>
        <line num="7" count="11" type="stmt"/>
        <line num="12" count="7" type="stmt"/>
      </file>
      <file name="tokens.js" path="/home/jpendy/springboard/ayc-back/helpers/tokens.js">
        <metrics statements="5" coveredstatements="5" conditionals="0" coveredconditionals="0" methods="1" coveredmethods="1"/>
        <line num="1" count="7" type="stmt"/>
        <line num="2" count="7" type="stmt"/>
        <line num="12" count="12" type="stmt"/>
        <line num="16" count="12" type="stmt"/>
        <line num="19" count="7" type="stmt"/>
      </file>
    </package>
    <package name="ayc-back.middleware">
      <metrics statements="15" coveredstatements="15" conditionals="6" coveredconditionals="6" methods="2" coveredmethods="2"/>
      <file name="auth.js" path="/home/jpendy/springboard/ayc-back/middleware/auth.js">
        <metrics statements="15" coveredstatements="15" conditionals="6" coveredconditionals="6" methods="2" coveredmethods="2"/>
        <line num="5" count="7" type="stmt"/>
        <line num="6" count="7" type="stmt"/>
        <line num="7" count="7" type="stmt"/>
        <line num="13" count="77" type="stmt"/>
        <line num="14" count="77" type="cond" truecount="2" falsecount="0"/>
        <line num="16" count="77" type="cond" truecount="2" falsecount="0"/>
        <line num="17" count="47" type="stmt"/>
        <line num="18" count="47" type="stmt"/>
        <line num="20" count="76" type="stmt"/>
        <line num="22" count="1" type="stmt"/>
        <line num="27" count="61" type="stmt"/>
        <line num="28" count="61" type="cond" truecount="2" falsecount="0"/>
        <line num="29" count="45" type="stmt"/>
        <line num="31" count="16" type="stmt"/>
        <line num="35" count="7" type="stmt"/>
      </file>
    </package>
    <package name="ayc-back.models">
      <metrics statements="164" coveredstatements="163" conditionals="46" coveredconditionals="44" methods="31" coveredmethods="31"/>
      <file name="_testCommon.js" path="/home/jpendy/springboard/ayc-back/models/_testCommon.js">
        <metrics statements="24" coveredstatements="24" conditionals="0" coveredconditionals="0" methods="7" coveredmethods="7"/>
        <line num="1" count="5" type="stmt"/>
        <line num="2" count="5" type="stmt"/>
        <line num="3" count="5" type="stmt"/>
        <line num="5" count="5" type="stmt"/>
        <line num="6" count="5" type="stmt"/>
        <line num="7" count="5" type="stmt"/>
        <line num="10" count="5" type="stmt"/>
        <line num="11" count="5" type="stmt"/>
        <line num="12" count="5" type="stmt"/>
        <line num="13" count="5" type="stmt"/>
        <line num="14" count="5" type="stmt"/>
        <line num="16" count="5" type="stmt"/>
        <line num="22" count="10" type="stmt"/>
        <line num="24" count="5" type="stmt"/>
        <line num="30" count="5" type="stmt"/>
        <line num="41" count="5" type="stmt"/>
        <line num="46" count="15" type="stmt"/>
        <line num="48" count="5" type="stmt"/>
        <line num="55" count="15" type="stmt"/>
        <line num="57" count="5" type="stmt"/>
        <line num="66" count="50" type="stmt"/>
        <line num="70" count="50" type="stmt"/>
        <line num="74" count="5" type="stmt"/>
        <line num="77" count="5" type="stmt"/>
      </file>
      <file name="admin.js" path="/home/jpendy/springboard/ayc-back/models/admin.js">
        <metrics statements="14" coveredstatements="14" conditionals="4" coveredconditionals="4" methods="1" coveredmethods="1"/>
        <line num="3" count="7" type="stmt"/>
        <line num="4" count="7" type="stmt"/>
        <line num="5" count="7" type="stmt"/>
        <line num="10" count="7" type="stmt"/>
        <line num="12" count="7" type="stmt"/>
        <line num="25" count="4" type="stmt"/>
        <line num="32" count="4" type="stmt"/>
        <line num="34" count="4" type="cond" truecount="2" falsecount="0"/>
        <line num="36" count="3" type="stmt"/>
        <line num="37" count="3" type="cond" truecount="2" falsecount="0"/>
        <line num="38" count="2" type="stmt"/>
        <line num="39" count="2" type="stmt"/>
        <line num="43" count="2" type="stmt"/>
        <line num="47" count="7" type="stmt"/>
      </file>
      <file name="customer.js" path="/home/jpendy/springboard/ayc-back/models/customer.js">
        <metrics statements="29" coveredstatements="29" conditionals="8" coveredconditionals="8" methods="5" coveredmethods="5"/>
        <line num="3" count="7" type="stmt"/>
        <line num="4" count="7" type="stmt"/>
        <line num="5" count="7" type="stmt"/>
        <line num="6" count="7" type="stmt"/>
        <line num="19" count="15" type="stmt"/>
        <line num="26" count="15" type="cond" truecount="2" falsecount="0"/>
        <line num="27" count="1" type="stmt"/>
        <line num="29" count="14" type="stmt"/>
        <line num="36" count="14" type="stmt"/>
        <line num="38" count="14" type="stmt"/>
        <line num="45" count="2" type="stmt"/>
        <line num="49" count="2" type="stmt"/>
        <line num="50" count="2" type="stmt"/>
        <line num="62" count="4" type="stmt"/>
        <line num="75" count="4" type="cond" truecount="2" falsecount="0"/>
        <line num="76" count="2" type="stmt"/>
        <line num="78" count="2" type="stmt"/>
        <line num="88" count="7" type="stmt"/>
        <line num="89" count="6" type="stmt"/>
        <line num="91" count="6" type="stmt"/>
        <line num="99" count="6" type="stmt"/>
        <line num="100" count="6" type="stmt"/>
        <line num="102" count="6" type="cond" truecount="2" falsecount="0"/>
        <line num="104" count="4" type="stmt"/>
        <line num="114" count="4" type="stmt"/>
        <line num="122" count="4" type="stmt"/>
        <line num="124" count="4" type="cond" truecount="2" falsecount="0"/>
        <line num="126" count="2" type="stmt"/>
        <line num="130" count="7" type="stmt"/>
      </file>
      <file name="member.js" path="/home/jpendy/springboard/ayc-back/models/member.js">
        <metrics statements="27" coveredstatements="26" conditionals="8" coveredconditionals="7" methods="5" coveredmethods="5"/>
        <line num="3" count="8" type="stmt"/>
        <line num="4" count="8" type="stmt"/>
        <line num="5" count="8" type="stmt"/>
        <line num="13" count="13" type="stmt"/>
        <line num="20" count="13" type="cond" truecount="1" falsecount="1"/>
        <line num="21" count="0" type="stmt"/>
        <line num="24" count="13" type="stmt"/>
        <line num="34" count="13" type="stmt"/>
        <line num="35" count="13" type="stmt"/>
        <line num="41" count="2" type="stmt"/>
        <line num="51" count="2" type="stmt"/>
        <line num="59" count="4" type="stmt"/>
        <line num="69" count="4" type="stmt"/>
        <line num="71" count="4" type="cond" truecount="2" falsecount="0"/>
        <line num="72" count="2" type="stmt"/>
        <line num="82" count="6" type="stmt"/>
        <line num="87" count="5" type="stmt"/>
        <line num="89" count="5" type="stmt"/>
        <line num="96" count="5" type="stmt"/>
        <line num="97" count="5" type="stmt"/>
        <line num="99" count="5" type="cond" truecount="2" falsecount="0"/>
        <line num="101" count="3" type="stmt"/>
        <line num="109" count="4" type="stmt"/>
        <line num="116" count="4" type="stmt"/>
        <line num="118" count="4" type="cond" truecount="2" falsecount="0"/>
        <line num="120" count="2" type="stmt"/>
        <line num="124" count="8" type="stmt"/>
      </file>
      <file name="tag.js" path="/home/jpendy/springboard/ayc-back/models/tag.js">
        <metrics statements="26" coveredstatements="26" conditionals="10" coveredconditionals="10" methods="5" coveredmethods="5"/>
        <line num="3" count="7" type="stmt"/>
        <line num="4" count="7" type="stmt"/>
        <line num="5" count="7" type="stmt"/>
        <line num="15" count="14" type="stmt"/>
        <line num="22" count="14" type="cond" truecount="2" falsecount="0"/>
        <line num="23" count="1" type="stmt"/>
        <line num="25" count="13" type="stmt"/>
        <line num="32" count="13" type="stmt"/>
        <line num="34" count="13" type="stmt"/>
        <line num="38" count="2" type="stmt"/>
        <line num="43" count="2" type="stmt"/>
        <line num="47" count="4" type="stmt"/>
        <line num="55" count="4" type="stmt"/>
        <line num="57" count="4" type="cond" truecount="2" falsecount="0"/>
        <line num="59" count="2" type="stmt"/>
        <line num="63" count="5" type="cond" truecount="2" falsecount="0"/>
        <line num="64" count="4" type="stmt"/>
        <line num="73" count="4" type="stmt"/>
        <line num="74" count="4" type="stmt"/>
        <line num="76" count="4" type="cond" truecount="2" falsecount="0"/>
        <line num="78" count="2" type="stmt"/>
        <line num="82" count="4" type="stmt"/>
        <line num="87" count="4" type="stmt"/>
        <line num="88" count="4" type="cond" truecount="2" falsecount="0"/>
        <line num="89" count="2" type="stmt"/>
        <line num="93" count="7" type="stmt"/>
      </file>
      <file name="video.js" path="/home/jpendy/springboard/ayc-back/models/video.js">
        <metrics statements="44" coveredstatements="44" conditionals="16" coveredconditionals="15" methods="8" coveredmethods="8"/>
        <line num="3" count="7" type="stmt"/>
        <line num="4" count="7" type="stmt"/>
        <line num="5" count="7" type="stmt"/>
        <line num="15" count="15" type="stmt"/>
        <line num="22" count="15" type="cond" truecount="2" falsecount="0"/>
        <line num="23" count="1" type="stmt"/>
        <line num="25" count="14" type="stmt"/>
        <line num="33" count="14" type="stmt"/>
        <line num="35" count="14" type="stmt"/>
        <line num="42" count="4" type="stmt"/>
        <line num="43" count="4" type="cond" truecount="2" falsecount="0"/>
        <line num="44" count="2" type="stmt"/>
        <line num="46" count="2" type="stmt"/>
        <line num="54" count="4" type="stmt"/>
        <line num="56" count="4" type="stmt"/>
        <line num="63" count="4" type="stmt"/>
        <line num="73" count="4" type="stmt"/>
        <line num="74" count="4" type="cond" truecount="2" falsecount="0"/>
        <line num="76" count="2" type="stmt"/>
        <line num="84" count="2" type="stmt"/>
        <line num="85" count="2" type="stmt"/>
        <line num="94" count="6" type="stmt"/>
        <line num="95" count="5" type="stmt"/>
        <line num="97" count="5" type="stmt"/>
        <line num="104" count="5" type="stmt"/>
        <line num="105" count="5" type="stmt"/>
        <line num="107" count="5" type="cond" truecount="2" falsecount="0"/>
        <line num="109" count="3" type="stmt"/>
        <line num="115" count="4" type="stmt"/>
        <line num="123" count="4" type="stmt"/>
        <line num="125" count="4" type="cond" truecount="2" falsecount="0"/>
        <line num="129" count="4" type="stmt"/>
        <line num="135" count="4" type="stmt"/>
        <line num="137" count="4" type="cond" truecount="2" falsecount="0"/>
        <line num="139" count="2" type="stmt"/>
        <line num="145" count="2" type="stmt"/>
        <line num="147" count="2" type="cond" truecount="1" falsecount="1"/>
        <line num="149" count="2" type="stmt"/>
        <line num="156" count="2" type="stmt"/>
        <line num="157" count="2" type="stmt"/>
        <line num="161" count="5" type="stmt"/>
        <line num="169" count="5" type="cond" truecount="2" falsecount="0"/>
        <line num="170" count="3" type="stmt"/>
        <line num="176" count="7" type="stmt"/>
      </file>
    </package>
    <package name="ayc-back.routes">
      <metrics statements="238" coveredstatements="229" conditionals="20" coveredconditionals="18" methods="36" coveredmethods="34"/>
      <file name="_testCommon.js" path="/home/jpendy/springboard/ayc-back/routes/_testCommon.js">
        <metrics statements="32" coveredstatements="32" conditionals="0" coveredconditionals="0" methods="4" coveredmethods="4"/>
        <line num="1" count="5" type="stmt"/>
        <line num="3" count="5" type="stmt"/>
        <line num="4" count="5" type="stmt"/>
        <line num="5" count="5" type="stmt"/>
        <line num="6" count="5" type="stmt"/>
        <line num="8" count="5" type="stmt"/>
        <line num="9" count="5" type="stmt"/>
        <line num="10" count="5" type="stmt"/>
        <line num="12" count="5" type="stmt"/>
        <line num="13" count="5" type="stmt"/>
        <line num="14" count="5" type="stmt"/>
        <line num="17" count="5" type="stmt"/>
        <line num="18" count="5" type="stmt"/>
        <line num="19" count="5" type="stmt"/>
        <line num="20" count="5" type="stmt"/>
        <line num="21" count="5" type="stmt"/>
        <line num="23" count="5" type="stmt"/>
        <line num="28" count="5" type="stmt"/>
        <line num="34" count="5" type="stmt"/>
        <line num="42" count="5" type="stmt"/>
        <line num="51" count="5" type="stmt"/>
        <line num="59" count="5" type="stmt"/>
        <line num="67" count="5" type="stmt"/>
        <line num="73" count="5" type="stmt"/>
        <line num="79" count="5" type="stmt"/>
        <line num="85" count="5" type="stmt"/>
        <line num="98" count="72" type="stmt"/>
        <line num="102" count="72" type="stmt"/>
        <line num="106" count="5" type="stmt"/>
        <line num="109" count="5" type="stmt"/>
        <line num="110" count="5" type="stmt"/>
        <line num="112" count="5" type="stmt"/>
      </file>
      <file name="auth.js" path="/home/jpendy/springboard/ayc-back/routes/auth.js">
        <metrics statements="19" coveredstatements="16" conditionals="2" coveredconditionals="1" methods="2" coveredmethods="1"/>
        <line num="5" count="6" type="stmt"/>
        <line num="7" count="6" type="stmt"/>
        <line num="8" count="6" type="stmt"/>
        <line num="10" count="6" type="stmt"/>
        <line num="11" count="6" type="stmt"/>
        <line num="12" count="6" type="stmt"/>
        <line num="14" count="6" type="stmt"/>
        <line num="22" count="6" type="stmt"/>
        <line num="23" count="1" type="stmt"/>
        <line num="24" count="1" type="stmt"/>
        <line num="25" count="1" type="cond" truecount="1" falsecount="1"/>
        <line num="26" count="0" type="stmt"/>
        <line num="27" count="0" type="stmt"/>
        <line num="30" count="1" type="stmt"/>
        <line num="31" count="1" type="stmt"/>
        <line num="32" count="1" type="stmt"/>
        <line num="33" count="1" type="stmt"/>
        <line num="35" count="0" type="stmt"/>
        <line num="39" count="6" type="stmt"/>
      </file>
      <file name="customers.js" path="/home/jpendy/springboard/ayc-back/routes/customers.js">
        <metrics statements="42" coveredstatements="41" conditionals="4" coveredconditionals="4" methods="7" coveredmethods="7"/>
        <line num="5" count="6" type="stmt"/>
        <line num="6" count="6" type="stmt"/>
        <line num="8" count="6" type="stmt"/>
        <line num="9" count="6" type="stmt"/>
        <line num="10" count="6" type="stmt"/>
        <line num="12" count="6" type="stmt"/>
        <line num="13" count="6" type="stmt"/>
        <line num="15" count="6" type="stmt"/>
        <line num="24" count="6" type="stmt"/>
        <line num="25" count="4" type="stmt"/>
        <line num="26" count="4" type="stmt"/>
        <line num="27" count="4" type="cond" truecount="2" falsecount="0"/>
        <line num="28" count="2" type="stmt"/>
        <line num="29" count="2" type="stmt"/>
        <line num="31" count="2" type="stmt"/>
        <line num="32" count="2" type="stmt"/>
        <line num="34" count="2" type="stmt"/>
        <line num="44" count="6" type="stmt"/>
        <line num="45" count="1" type="stmt"/>
        <line num="46" count="1" type="stmt"/>
        <line num="47" count="1" type="stmt"/>
        <line num="49" count="0" type="stmt"/>
        <line num="59" count="6" type="stmt"/>
        <line num="60" count="2" type="stmt"/>
        <line num="61" count="2" type="stmt"/>
        <line num="62" count="1" type="stmt"/>
        <line num="64" count="1" type="stmt"/>
        <line num="75" count="6" type="stmt"/>
        <line num="76" count="4" type="stmt"/>
        <line num="77" count="4" type="stmt"/>
        <line num="78" count="4" type="cond" truecount="2" falsecount="0"/>
        <line num="79" count="2" type="stmt"/>
        <line num="80" count="2" type="stmt"/>
        <line num="83" count="2" type="stmt"/>
        <line num="84" count="1" type="stmt"/>
        <line num="86" count="3" type="stmt"/>
        <line num="96" count="6" type="stmt"/>
        <line num="97" count="2" type="stmt"/>
        <line num="98" count="2" type="stmt"/>
        <line num="99" count="1" type="stmt"/>
        <line num="101" count="1" type="stmt"/>
        <line num="105" count="6" type="stmt"/>
      </file>
      <file name="tags.js" path="/home/jpendy/springboard/ayc-back/routes/tags.js">
        <metrics statements="42" coveredstatements="41" conditionals="4" coveredconditionals="4" methods="7" coveredmethods="7"/>
        <line num="5" count="6" type="stmt"/>
        <line num="6" count="6" type="stmt"/>
        <line num="8" count="6" type="stmt"/>
        <line num="9" count="6" type="stmt"/>
        <line num="10" count="6" type="stmt"/>
        <line num="12" count="6" type="stmt"/>
        <line num="14" count="6" type="stmt"/>
        <line num="23" count="6" type="stmt"/>
        <line num="24" count="3" type="stmt"/>
        <line num="25" count="3" type="stmt"/>
        <line num="26" count="3" type="cond" truecount="2" falsecount="0"/>
        <line num="27" count="2" type="stmt"/>
        <line num="28" count="2" type="stmt"/>
        <line num="30" count="1" type="stmt"/>
        <line num="31" count="1" type="stmt"/>
        <line num="33" count="2" type="stmt"/>
        <line num="43" count="6" type="stmt"/>
        <line num="44" count="1" type="stmt"/>
        <line num="45" count="1" type="stmt"/>
        <line num="46" count="1" type="stmt"/>
        <line num="48" count="0" type="stmt"/>
        <line num="58" count="6" type="stmt"/>
        <line num="59" count="2" type="stmt"/>
        <line num="60" count="2" type="stmt"/>
        <line num="61" count="1" type="stmt"/>
        <line num="63" count="1" type="stmt"/>
        <line num="76" count="6" type="stmt"/>
        <line num="77" count="3" type="stmt"/>
        <line num="78" count="3" type="stmt"/>
        <line num="79" count="3" type="cond" truecount="2" falsecount="0"/>
        <line num="80" count="1" type="stmt"/>
        <line num="81" count="1" type="stmt"/>
        <line num="84" count="2" type="stmt"/>
        <line num="85" count="1" type="stmt"/>
        <line num="86" count="1" type="stmt"/>
        <line num="88" count="2" type="stmt"/>
        <line num="98" count="6" type="stmt"/>
        <line num="99" count="2" type="stmt"/>
        <line num="100" count="2" type="stmt"/>
        <line num="101" count="1" type="stmt"/>
        <line num="103" count="1" type="stmt"/>
        <line num="107" count="6" type="stmt"/>
      </file>
      <file name="team.js" path="/home/jpendy/springboard/ayc-back/routes/team.js">
        <metrics statements="46" coveredstatements="45" conditionals="4" coveredconditionals="4" methods="7" coveredmethods="7"/>
        <line num="5" count="6" type="stmt"/>
        <line num="6" count="6" type="stmt"/>
        <line num="7" count="6" type="stmt"/>
        <line num="8" count="6" type="stmt"/>
        <line num="9" count="6" type="stmt"/>
        <line num="10" count="6" type="stmt"/>
        <line num="12" count="6" type="stmt"/>
        <line num="13" count="6" type="stmt"/>
        <line num="15" count="6" type="stmt"/>
        <line num="25" count="6" type="stmt"/>
        <line num="26" count="4" type="stmt"/>
        <line num="27" count="4" type="stmt"/>
        <line num="28" count="4" type="cond" truecount="2" falsecount="0"/>
        <line num="29" count="2" type="stmt"/>
        <line num="30" count="2" type="stmt"/>
        <line num="32" count="2" type="stmt"/>
        <line num="33" count="2" type="stmt"/>
        <line num="35" count="2" type="stmt"/>
        <line num="45" count="6" type="stmt"/>
        <line num="46" count="1" type="stmt"/>
        <line num="47" count="1" type="stmt"/>
        <line num="48" count="1" type="stmt"/>
        <line num="50" count="0" type="stmt"/>
        <line num="60" count="6" type="stmt"/>
        <line num="61" count="2" type="stmt"/>
        <line num="62" count="2" type="stmt"/>
        <line num="64" count="2" type="stmt"/>
        <line num="65" count="1" type="stmt"/>
        <line num="67" count="1" type="stmt"/>
        <line num="77" count="6" type="stmt"/>
        <line num="78" count="3" type="stmt"/>
        <line num="79" count="3" type="stmt"/>
        <line num="80" count="3" type="cond" truecount="2" falsecount="0"/>
        <line num="81" count="1" type="stmt"/>
        <line num="82" count="1" type="stmt"/>
        <line num="85" count="2" type="stmt"/>
        <line num="86" count="2" type="stmt"/>
        <line num="87" count="1" type="stmt"/>
        <line num="89" count="2" type="stmt"/>
        <line num="97" count="6" type="stmt"/>
        <line num="98" count="2" type="stmt"/>
        <line num="99" count="2" type="stmt"/>
        <line num="100" count="2" type="stmt"/>
        <line num="101" count="1" type="stmt"/>
        <line num="103" count="1" type="stmt"/>
        <line num="107" count="6" type="stmt"/>
      </file>
      <file name="videos.js" path="/home/jpendy/springboard/ayc-back/routes/videos.js">
        <metrics statements="57" coveredstatements="54" conditionals="6" coveredconditionals="5" methods="9" coveredmethods="8"/>
        <line num="5" count="6" type="stmt"/>
        <line num="6" count="6" type="stmt"/>
        <line num="8" count="6" type="stmt"/>
        <line num="9" count="6" type="stmt"/>
        <line num="10" count="6" type="stmt"/>
        <line num="12" count="6" type="stmt"/>
        <line num="13" count="6" type="stmt"/>
        <line num="15" count="6" type="stmt"/>
        <line num="24" count="6" type="stmt"/>
        <line num="25" count="5" type="stmt"/>
        <line num="26" count="5" type="stmt"/>
        <line num="27" count="5" type="cond" truecount="2" falsecount="0"/>
        <line num="28" count="3" type="stmt"/>
        <line num="29" count="3" type="stmt"/>
        <line num="31" count="2" type="stmt"/>
        <line num="32" count="2" type="stmt"/>
        <line num="34" count="3" type="stmt"/>
        <line num="44" count="6" type="stmt"/>
        <line num="45" count="2" type="stmt"/>
        <line num="46" count="2" type="cond" truecount="2" falsecount="0"/>
        <line num="47" count="1" type="stmt"/>
        <line num="48" count="1" type="stmt"/>
        <line num="50" count="1" type="stmt"/>
        <line num="51" count="1" type="stmt"/>
        <line num="54" count="0" type="stmt"/>
        <line num="64" count="6" type="stmt"/>
        <line num="65" count="2" type="stmt"/>
        <line num="66" count="2" type="stmt"/>
        <line num="67" count="1" type="stmt"/>
        <line num="69" count="1" type="stmt"/>
        <line num="80" count="6" type="stmt"/>
        <line num="81" count="2" type="stmt"/>
        <line num="82" count="2" type="stmt"/>
        <line num="83" count="2" type="cond" truecount="1" falsecount="1"/>
        <line num="84" count="0" type="stmt"/>
        <line num="85" count="0" type="stmt"/>
        <line num="88" count="2" type="stmt"/>
        <line num="89" count="1" type="stmt"/>
        <line num="91" count="1" type="stmt"/>
        <line num="101" count="6" type="stmt"/>
        <line num="102" count="2" type="stmt"/>
        <line num="103" count="2" type="stmt"/>
        <line num="104" count="1" type="stmt"/>
        <line num="106" count="1" type="stmt"/>
        <line num="116" count="6" type="stmt"/>
        <line num="117" count="3" type="stmt"/>
        <line num="118" count="3" type="stmt"/>
        <line num="119" count="3" type="stmt"/>
        <line num="120" count="1" type="stmt"/>
        <line num="122" count="2" type="stmt"/>
        <line num="132" count="6" type="stmt"/>
        <line num="133" count="3" type="stmt"/>
        <line num="134" count="3" type="stmt"/>
        <line num="135" count="3" type="stmt"/>
        <line num="136" count="1" type="stmt"/>
        <line num="140" count="2" type="stmt"/>
        <line num="144" count="6" type="stmt"/>
      </file>
    </package>
  </project>
</coverage>
