{"/home/jpendy/springboard/ayc-back/app.js": {"path":"/home/jpendy/springboard/ayc-back/app.js","statementMap":{"0":{"start":{"line":5,"column":16},"end":{"line":5,"column":34}},"1":{"start":{"line":6,"column":13},"end":{"line":6,"column":28}},"2":{"start":{"line":8,"column":26},"end":{"line":8,"column":51}},"3":{"start":{"line":10,"column":28},"end":{"line":10,"column":56}},"4":{"start":{"line":11,"column":19},"end":{"line":11,"column":43}},"5":{"start":{"line":12,"column":19},"end":{"line":12,"column":43}},"6":{"start":{"line":13,"column":24},"end":{"line":13,"column":53}},"7":{"start":{"line":14,"column":20},"end":{"line":14,"column":46}},"8":{"start":{"line":15,"column":18},"end":{"line":15,"column":42}},"9":{"start":{"line":17,"column":12},"end":{"line":17,"column":21}},"10":{"start":{"line":19,"column":0},"end":{"line":19,"column":16}},"11":{"start":{"line":20,"column":0},"end":{"line":20,"column":24}},"12":{"start":{"line":21,"column":0},"end":{"line":21,"column":25}},"13":{"start":{"line":23,"column":0},"end":{"line":23,"column":29}},"14":{"start":{"line":24,"column":0},"end":{"line":24,"column":29}},"15":{"start":{"line":25,"column":0},"end":{"line":25,"column":39}},"16":{"start":{"line":26,"column":0},"end":{"line":26,"column":32}},"17":{"start":{"line":27,"column":0},"end":{"line":27,"column":28}},"18":{"start":{"line":30,"column":0},"end":{"line":32,"column":3}},"19":{"start":{"line":31,"column":2},"end":{"line":31,"column":35}},"20":{"start":{"line":35,"column":0},"end":{"line":43,"column":3}},"21":{"start":{"line":36,"column":2},"end":{"line":36,"column":64}},"22":{"start":{"line":36,"column":39},"end":{"line":36,"column":64}},"23":{"start":{"line":37,"column":17},"end":{"line":37,"column":34}},"24":{"start":{"line":38,"column":18},"end":{"line":38,"column":29}},"25":{"start":{"line":40,"column":2},"end":{"line":42,"column":5}},"26":{"start":{"line":45,"column":0},"end":{"line":45,"column":21}}},"fnMap":{"0":{"name":"(anonymous_0)","decl":{"start":{"line":30,"column":8},"end":{"line":30,"column":9}},"loc":{"start":{"line":30,"column":34},"end":{"line":32,"column":1}},"line":30},"1":{"name":"(anonymous_1)","decl":{"start":{"line":35,"column":8},"end":{"line":35,"column":9}},"loc":{"start":{"line":35,"column":39},"end":{"line":43,"column":1}},"line":35}},"branchMap":{"0":{"loc":{"start":{"line":36,"column":2},"end":{"line":36,"column":64}},"type":"if","locations":[{"start":{"line":36,"column":2},"end":{"line":36,"column":64}},{"start":{"line":36,"column":2},"end":{"line":36,"column":64}}],"line":36},"1":{"loc":{"start":{"line":37,"column":17},"end":{"line":37,"column":34}},"type":"binary-expr","locations":[{"start":{"line":37,"column":17},"end":{"line":37,"column":27}},{"start":{"line":37,"column":31},"end":{"line":37,"column":34}}],"line":37}},"s":{"0":6,"1":6,"2":6,"3":6,"4":6,"5":6,"6":6,"7":6,"8":6,"9":6,"10":6,"11":6,"12":6,"13":6,"14":6,"15":6,"16":6,"17":6,"18":6,"19":2,"20":6,"21":47,"22":1,"23":47,"24":47,"25":47,"26":6},"f":{"0":2,"1":47},"b":{"0":[1,46],"1":[47,0]},"_coverageSchema":"1a1c01bbd47fc00a2c39e90264f33305004495a9","hash":"17ccc480fff21873287299ac44d890a3c0e8ddc6"}
,"/home/jpendy/springboard/ayc-back/config.js": {"path":"/home/jpendy/springboard/ayc-back/config.js","statementMap":{"0":{"start":{"line":4,"column":0},"end":{"line":4,"column":27}},"1":{"start":{"line":5,"column":0},"end":{"line":5,"column":18}},"2":{"start":{"line":7,"column":19},"end":{"line":7,"column":57}},"3":{"start":{"line":9,"column":13},"end":{"line":9,"column":38}},"4":{"start":{"line":13,"column":2},"end":{"line":15,"column":42}},"5":{"start":{"line":19,"column":27},"end":{"line":19,"column":67}},"6":{"start":{"line":21,"column":0},"end":{"line":21,"column":33}},"7":{"start":{"line":22,"column":0},"end":{"line":22,"column":46}},"8":{"start":{"line":23,"column":0},"end":{"line":23,"column":45}},"9":{"start":{"line":24,"column":0},"end":{"line":24,"column":61}},"10":{"start":{"line":25,"column":0},"end":{"line":25,"column":50}},"11":{"start":{"line":26,"column":0},"end":{"line":26,"column":19}},"12":{"start":{"line":28,"column":0},"end":{"line":33,"column":2}}},"fnMap":{"0":{"name":"getDatabaseUri","decl":{"start":{"line":12,"column":9},"end":{"line":12,"column":23}},"loc":{"start":{"line":12,"column":26},"end":{"line":16,"column":1}},"line":12}},"branchMap":{"0":{"loc":{"start":{"line":7,"column":19},"end":{"line":7,"column":57}},"type":"binary-expr","locations":[{"start":{"line":7,"column":19},"end":{"line":7,"column":41}},{"start":{"line":7,"column":45},"end":{"line":7,"column":57}}],"line":7},"1":{"loc":{"start":{"line":9,"column":13},"end":{"line":9,"column":38}},"type":"binary-expr","locations":[{"start":{"line":9,"column":13},"end":{"line":9,"column":30}},{"start":{"line":9,"column":34},"end":{"line":9,"column":38}}],"line":9},"2":{"loc":{"start":{"line":13,"column":9},"end":{"line":15,"column":41}},"type":"cond-expr","locations":[{"start":{"line":14,"column":6},"end":{"line":14,"column":16}},{"start":{"line":15,"column":6},"end":{"line":15,"column":41}}],"line":13},"3":{"loc":{"start":{"line":15,"column":6},"end":{"line":15,"column":41}},"type":"binary-expr","locations":[{"start":{"line":15,"column":6},"end":{"line":15,"column":30}},{"start":{"line":15,"column":34},"end":{"line":15,"column":41}}],"line":15},"4":{"loc":{"start":{"line":19,"column":27},"end":{"line":19,"column":67}},"type":"cond-expr","locations":[{"start":{"line":19,"column":61},"end":{"line":19,"column":62}},{"start":{"line":19,"column":65},"end":{"line":19,"column":67}}],"line":19}},"s":{"0":14,"1":14,"2":14,"3":14,"4":28,"5":14,"6":14,"7":14,"8":14,"9":14,"10":14,"11":14,"12":14},"f":{"0":28},"b":{"0":[14,13],"1":[14,13],"2":[25,3],"3":[3,1],"4":[13,1]},"_coverageSchema":"1a1c01bbd47fc00a2c39e90264f33305004495a9","hash":"9d8c959cc3a85211ca6e1035bed64b73dd6678b5"}
,"/home/jpendy/springboard/ayc-back/db.js": {"path":"/home/jpendy/springboard/ayc-back/db.js","statementMap":{"0":{"start":{"line":4,"column":19},"end":{"line":4,"column":32}},"1":{"start":{"line":5,"column":27},"end":{"line":5,"column":46}},"2":{"start":{"line":9,"column":0},"end":{"line":20,"column":1}},"3":{"start":{"line":10,"column":2},"end":{"line":15,"column":5}},"4":{"start":{"line":17,"column":2},"end":{"line":19,"column":5}},"5":{"start":{"line":22,"column":0},"end":{"line":22,"column":13}},"6":{"start":{"line":24,"column":0},"end":{"line":24,"column":20}}},"fnMap":{},"branchMap":{"0":{"loc":{"start":{"line":9,"column":0},"end":{"line":20,"column":1}},"type":"if","locations":[{"start":{"line":9,"column":0},"end":{"line":20,"column":1}},{"start":{"line":9,"column":0},"end":{"line":20,"column":1}}],"line":9}},"s":{"0":11,"1":11,"2":11,"3":0,"4":11,"5":11,"6":11},"f":{},"b":{"0":[0,11]},"_coverageSchema":"1a1c01bbd47fc00a2c39e90264f33305004495a9","hash":"2babf7f96d1d2841ee610ab628ec5fa636323db0"}
,"/home/jpendy/springboard/ayc-back/expressError.js": {"path":"/home/jpendy/springboard/ayc-back/expressError.js","statementMap":{"0":{"start":{"line":9,"column":4},"end":{"line":9,"column":12}},"1":{"start":{"line":10,"column":4},"end":{"line":10,"column":27}},"2":{"start":{"line":11,"column":4},"end":{"line":11,"column":25}},"3":{"start":{"line":19,"column":4},"end":{"line":19,"column":24}},"4":{"start":{"line":27,"column":4},"end":{"line":27,"column":24}},"5":{"start":{"line":35,"column":4},"end":{"line":35,"column":24}},"6":{"start":{"line":43,"column":4},"end":{"line":43,"column":24}},"7":{"start":{"line":47,"column":0},"end":{"line":53,"column":2}}},"fnMap":{"0":{"name":"(anonymous_0)","decl":{"start":{"line":8,"column":2},"end":{"line":8,"column":3}},"loc":{"start":{"line":8,"column":31},"end":{"line":12,"column":3}},"line":8},"1":{"name":"(anonymous_1)","decl":{"start":{"line":18,"column":2},"end":{"line":18,"column":3}},"loc":{"start":{"line":18,"column":37},"end":{"line":20,"column":3}},"line":18},"2":{"name":"(anonymous_2)","decl":{"start":{"line":26,"column":2},"end":{"line":26,"column":3}},"loc":{"start":{"line":26,"column":40},"end":{"line":28,"column":3}},"line":26},"3":{"name":"(anonymous_3)","decl":{"start":{"line":34,"column":2},"end":{"line":34,"column":3}},"loc":{"start":{"line":34,"column":39},"end":{"line":36,"column":3}},"line":34},"4":{"name":"(anonymous_4)","decl":{"start":{"line":42,"column":2},"end":{"line":42,"column":3}},"loc":{"start":{"line":42,"column":39},"end":{"line":44,"column":3}},"line":42}},"branchMap":{"0":{"loc":{"start":{"line":18,"column":14},"end":{"line":18,"column":35}},"type":"default-arg","locations":[{"start":{"line":18,"column":24},"end":{"line":18,"column":35}}],"line":18},"1":{"loc":{"start":{"line":26,"column":14},"end":{"line":26,"column":38}},"type":"default-arg","locations":[{"start":{"line":26,"column":24},"end":{"line":26,"column":38}}],"line":26},"2":{"loc":{"start":{"line":34,"column":14},"end":{"line":34,"column":37}},"type":"default-arg","locations":[{"start":{"line":34,"column":24},"end":{"line":34,"column":37}}],"line":34},"3":{"loc":{"start":{"line":42,"column":14},"end":{"line":42,"column":37}},"type":"default-arg","locations":[{"start":{"line":42,"column":24},"end":{"line":42,"column":37}}],"line":42}},"s":{"0":69,"1":69,"2":69,"3":31,"4":18,"5":20,"6":0,"7":13},"f":{"0":69,"1":31,"2":18,"3":20,"4":0},"b":{"0":[2],"1":[16],"2":[0],"3":[0]},"_coverageSchema":"1a1c01bbd47fc00a2c39e90264f33305004495a9","hash":"a761d484c100bb8d16db4cdb65e0625ae91e1d77"}
,"/home/jpendy/springboard/ayc-back/helpers/sql.js": {"path":"/home/jpendy/springboard/ayc-back/helpers/sql.js","statementMap":{"0":{"start":{"line":1,"column":28},"end":{"line":1,"column":54}},"1":{"start":{"line":5,"column":15},"end":{"line":5,"column":40}},"2":{"start":{"line":6,"column":2},"end":{"line":6,"column":62}},"3":{"start":{"line":6,"column":25},"end":{"line":6,"column":62}},"4":{"start":{"line":9,"column":15},"end":{"line":11,"column":3}},"5":{"start":{"line":10,"column":22},"end":{"line":10,"column":68}},"6":{"start":{"line":13,"column":2},"end":{"line":16,"column":4}},"7":{"start":{"line":19,"column":0},"end":{"line":19,"column":41}}},"fnMap":{"0":{"name":"sqlForPartialUpdate","decl":{"start":{"line":4,"column":9},"end":{"line":4,"column":28}},"loc":{"start":{"line":4,"column":52},"end":{"line":17,"column":1}},"line":4},"1":{"name":"(anonymous_1)","decl":{"start":{"line":10,"column":4},"end":{"line":10,"column":5}},"loc":{"start":{"line":10,"column":22},"end":{"line":10,"column":68}},"line":10}},"branchMap":{"0":{"loc":{"start":{"line":6,"column":2},"end":{"line":6,"column":62}},"type":"if","locations":[{"start":{"line":6,"column":2},"end":{"line":6,"column":62}},{"start":{"line":6,"column":2},"end":{"line":6,"column":62}}],"line":6},"1":{"loc":{"start":{"line":10,"column":26},"end":{"line":10,"column":53}},"type":"binary-expr","locations":[{"start":{"line":10,"column":26},"end":{"line":10,"column":42}},{"start":{"line":10,"column":46},"end":{"line":10,"column":53}}],"line":10}},"s":{"0":12,"1":20,"2":20,"3":3,"4":17,"5":37,"6":17,"7":12},"f":{"0":20,"1":37},"b":{"0":[3,17],"1":[37,27]},"_coverageSchema":"1a1c01bbd47fc00a2c39e90264f33305004495a9","hash":"2457ae0070e72f6d1a834146ff7a21f0051bf157"}
,"/home/jpendy/springboard/ayc-back/helpers/toTitle.js": {"path":"/home/jpendy/springboard/ayc-back/helpers/toTitle.js","statementMap":{"0":{"start":{"line":4,"column":2},"end":{"line":9,"column":15}},"1":{"start":{"line":7,"column":6},"end":{"line":7,"column":60}},"2":{"start":{"line":12,"column":0},"end":{"line":12,"column":29}}},"fnMap":{"0":{"name":"toTitle","decl":{"start":{"line":3,"column":9},"end":{"line":3,"column":16}},"loc":{"start":{"line":3,"column":25},"end":{"line":10,"column":1}},"line":3},"1":{"name":"(anonymous_1)","decl":{"start":{"line":6,"column":9},"end":{"line":6,"column":10}},"loc":{"start":{"line":6,"column":19},"end":{"line":8,"column":5}},"line":6}},"branchMap":{},"s":{"0":7,"1":11,"2":7},"f":{"0":7,"1":11},"b":{},"_coverageSchema":"1a1c01bbd47fc00a2c39e90264f33305004495a9","hash":"7e9164e833fb1d2833dd8acb404b1fcfe617be84"}
,"/home/jpendy/springboard/ayc-back/helpers/tokens.js": {"path":"/home/jpendy/springboard/ayc-back/helpers/tokens.js","statementMap":{"0":{"start":{"line":1,"column":12},"end":{"line":1,"column":35}},"1":{"start":{"line":2,"column":23},"end":{"line":2,"column":43}},"2":{"start":{"line":12,"column":16},"end":{"line":14,"column":3}},"3":{"start":{"line":16,"column":2},"end":{"line":16,"column":39}},"4":{"start":{"line":19,"column":0},"end":{"line":19,"column":33}}},"fnMap":{"0":{"name":"createToken","decl":{"start":{"line":6,"column":9},"end":{"line":6,"column":20}},"loc":{"start":{"line":6,"column":28},"end":{"line":17,"column":1}},"line":6}},"branchMap":{},"s":{"0":7,"1":7,"2":12,"3":12,"4":7},"f":{"0":12},"b":{},"_coverageSchema":"1a1c01bbd47fc00a2c39e90264f33305004495a9","hash":"de57797c3007d5e02250fa9e7218e1e134bd2768"}
,"/home/jpendy/springboard/ayc-back/middleware/auth.js": {"path":"/home/jpendy/springboard/ayc-back/middleware/auth.js","statementMap":{"0":{"start":{"line":5,"column":12},"end":{"line":5,"column":35}},"1":{"start":{"line":6,"column":23},"end":{"line":6,"column":43}},"2":{"start":{"line":7,"column":30},"end":{"line":7,"column":56}},"3":{"start":{"line":13,"column":2},"end":{"line":23,"column":3}},"4":{"start":{"line":14,"column":23},"end":{"line":14,"column":63}},"5":{"start":{"line":16,"column":4},"end":{"line":19,"column":5}},"6":{"start":{"line":17,"column":20},"end":{"line":17,"column":64}},"7":{"start":{"line":18,"column":6},"end":{"line":18,"column":54}},"8":{"start":{"line":20,"column":4},"end":{"line":20,"column":18}},"9":{"start":{"line":22,"column":4},"end":{"line":22,"column":18}},"10":{"start":{"line":27,"column":2},"end":{"line":32,"column":3}},"11":{"start":{"line":28,"column":4},"end":{"line":28,"column":56}},"12":{"start":{"line":28,"column":26},"end":{"line":28,"column":56}},"13":{"start":{"line":29,"column":4},"end":{"line":29,"column":18}},"14":{"start":{"line":31,"column":4},"end":{"line":31,"column":21}},"15":{"start":{"line":35,"column":0},"end":{"line":38,"column":2}}},"fnMap":{"0":{"name":"authenticateJWT","decl":{"start":{"line":12,"column":9},"end":{"line":12,"column":24}},"loc":{"start":{"line":12,"column":41},"end":{"line":24,"column":1}},"line":12},"1":{"name":"ensureAdmin","decl":{"start":{"line":26,"column":9},"end":{"line":26,"column":20}},"loc":{"start":{"line":26,"column":37},"end":{"line":33,"column":1}},"line":26}},"branchMap":{"0":{"loc":{"start":{"line":14,"column":23},"end":{"line":14,"column":63}},"type":"binary-expr","locations":[{"start":{"line":14,"column":23},"end":{"line":14,"column":34}},{"start":{"line":14,"column":38},"end":{"line":14,"column":63}}],"line":14},"1":{"loc":{"start":{"line":16,"column":4},"end":{"line":19,"column":5}},"type":"if","locations":[{"start":{"line":16,"column":4},"end":{"line":19,"column":5}},{"start":{"line":16,"column":4},"end":{"line":19,"column":5}}],"line":16},"2":{"loc":{"start":{"line":28,"column":4},"end":{"line":28,"column":56}},"type":"if","locations":[{"start":{"line":28,"column":4},"end":{"line":28,"column":56}},{"start":{"line":28,"column":4},"end":{"line":28,"column":56}}],"line":28}},"s":{"0":7,"1":7,"2":7,"3":77,"4":77,"5":77,"6":47,"7":47,"8":76,"9":1,"10":61,"11":61,"12":16,"13":45,"14":16,"15":7},"f":{"0":77,"1":61},"b":{"0":[77,76],"1":[47,30],"2":[16,45]},"_coverageSchema":"1a1c01bbd47fc00a2c39e90264f33305004495a9","hash":"0094cd774777bd6dced88e49a2c405f8f6c90ce3"}
,"/home/jpendy/springboard/ayc-back/models/_testCommon.js": {"path":"/home/jpendy/springboard/ayc-back/models/_testCommon.js","statementMap":{"0":{"start":{"line":1,"column":15},"end":{"line":1,"column":32}},"1":{"start":{"line":2,"column":11},"end":{"line":2,"column":30}},"2":{"start":{"line":3,"column":31},"end":{"line":3,"column":51}},"3":{"start":{"line":5,"column":19},"end":{"line":5,"column":21}},"4":{"start":{"line":6,"column":21},"end":{"line":6,"column":23}},"5":{"start":{"line":7,"column":24},"end":{"line":7,"column":26}},"6":{"start":{"line":10,"column":2},"end":{"line":10,"column":37}},"7":{"start":{"line":11,"column":2},"end":{"line":11,"column":42}},"8":{"start":{"line":12,"column":2},"end":{"line":12,"column":37}},"9":{"start":{"line":13,"column":2},"end":{"line":13,"column":39}},"10":{"start":{"line":14,"column":2},"end":{"line":14,"column":39}},"11":{"start":{"line":16,"column":27},"end":{"line":20,"column":16}},"12":{"start":{"line":22,"column":2},"end":{"line":22,"column":74}},"13":{"start":{"line":22,"column":67},"end":{"line":22,"column":71}},"14":{"start":{"line":24,"column":22},"end":{"line":28,"column":6}},"15":{"start":{"line":30,"column":2},"end":{"line":39,"column":4}},"16":{"start":{"line":41,"column":22},"end":{"line":44,"column":16}},"17":{"start":{"line":46,"column":2},"end":{"line":46,"column":64}},"18":{"start":{"line":46,"column":57},"end":{"line":46,"column":61}},"19":{"start":{"line":48,"column":24},"end":{"line":53,"column":17}},"20":{"start":{"line":55,"column":2},"end":{"line":55,"column":68}},"21":{"start":{"line":55,"column":61},"end":{"line":55,"column":65}},"22":{"start":{"line":57,"column":2},"end":{"line":62,"column":4}},"23":{"start":{"line":66,"column":2},"end":{"line":66,"column":26}},"24":{"start":{"line":70,"column":2},"end":{"line":70,"column":29}},"25":{"start":{"line":74,"column":2},"end":{"line":74,"column":17}},"26":{"start":{"line":77,"column":0},"end":{"line":85,"column":2}}},"fnMap":{"0":{"name":"commonBeforeAll","decl":{"start":{"line":9,"column":15},"end":{"line":9,"column":30}},"loc":{"start":{"line":9,"column":33},"end":{"line":63,"column":1}},"line":9},"1":{"name":"(anonymous_1)","decl":{"start":{"line":22,"column":60},"end":{"line":22,"column":61}},"loc":{"start":{"line":22,"column":67},"end":{"line":22,"column":71}},"line":22},"2":{"name":"(anonymous_2)","decl":{"start":{"line":46,"column":50},"end":{"line":46,"column":51}},"loc":{"start":{"line":46,"column":57},"end":{"line":46,"column":61}},"line":46},"3":{"name":"(anonymous_3)","decl":{"start":{"line":55,"column":54},"end":{"line":55,"column":55}},"loc":{"start":{"line":55,"column":61},"end":{"line":55,"column":65}},"line":55},"4":{"name":"commonBeforeEach","decl":{"start":{"line":65,"column":15},"end":{"line":65,"column":31}},"loc":{"start":{"line":65,"column":34},"end":{"line":67,"column":1}},"line":65},"5":{"name":"commonAfterEach","decl":{"start":{"line":69,"column":15},"end":{"line":69,"column":30}},"loc":{"start":{"line":69,"column":33},"end":{"line":71,"column":1}},"line":69},"6":{"name":"commonAfterAll","decl":{"start":{"line":73,"column":15},"end":{"line":73,"column":29}},"loc":{"start":{"line":73,"column":32},"end":{"line":75,"column":1}},"line":73}},"branchMap":{},"s":{"0":5,"1":5,"2":5,"3":5,"4":5,"5":5,"6":5,"7":5,"8":5,"9":5,"10":5,"11":5,"12":5,"13":10,"14":5,"15":5,"16":5,"17":5,"18":15,"19":5,"20":5,"21":15,"22":5,"23":50,"24":50,"25":5,"26":5},"f":{"0":5,"1":10,"2":15,"3":15,"4":50,"5":50,"6":5},"b":{},"_coverageSchema":"1a1c01bbd47fc00a2c39e90264f33305004495a9","hash":"2aef76088f4efeccfa1caf036218f7c7c21d85a5"}
,"/home/jpendy/springboard/ayc-back/models/admin.js": {"path":"/home/jpendy/springboard/ayc-back/models/admin.js","statementMap":{"0":{"start":{"line":3,"column":11},"end":{"line":3,"column":27}},"1":{"start":{"line":4,"column":15},"end":{"line":4,"column":32}},"2":{"start":{"line":5,"column":32},"end":{"line":5,"column":57}},"3":{"start":{"line":10,"column":4},"end":{"line":10,"column":30}},"4":{"start":{"line":12,"column":31},"end":{"line":12,"column":54}},"5":{"start":{"line":25,"column":19},"end":{"line":30,"column":5}},"6":{"start":{"line":32,"column":18},"end":{"line":32,"column":32}},"7":{"start":{"line":34,"column":4},"end":{"line":41,"column":5}},"8":{"start":{"line":36,"column":22},"end":{"line":36,"column":68}},"9":{"start":{"line":37,"column":6},"end":{"line":40,"column":7}},"10":{"start":{"line":38,"column":8},"end":{"line":38,"column":30}},"11":{"start":{"line":39,"column":8},"end":{"line":39,"column":21}},"12":{"start":{"line":43,"column":4},"end":{"line":43,"column":61}},"13":{"start":{"line":47,"column":0},"end":{"line":47,"column":23}}},"fnMap":{"0":{"name":"(anonymous_0)","decl":{"start":{"line":23,"column":2},"end":{"line":23,"column":3}},"loc":{"start":{"line":23,"column":48},"end":{"line":44,"column":3}},"line":23}},"branchMap":{"0":{"loc":{"start":{"line":34,"column":4},"end":{"line":41,"column":5}},"type":"if","locations":[{"start":{"line":34,"column":4},"end":{"line":41,"column":5}},{"start":{"line":34,"column":4},"end":{"line":41,"column":5}}],"line":34},"1":{"loc":{"start":{"line":37,"column":6},"end":{"line":40,"column":7}},"type":"if","locations":[{"start":{"line":37,"column":6},"end":{"line":40,"column":7}},{"start":{"line":37,"column":6},"end":{"line":40,"column":7}}],"line":37}},"s":{"0":7,"1":7,"2":7,"3":7,"4":7,"5":4,"6":4,"7":4,"8":3,"9":3,"10":2,"11":2,"12":2,"13":7},"f":{"0":4},"b":{"0":[3,1],"1":[2,1]},"_coverageSchema":"1a1c01bbd47fc00a2c39e90264f33305004495a9","hash":"f407975c7aa1d6f3e536b7b2b05939da558b5420"}
,"/home/jpendy/springboard/ayc-back/models/customer.js": {"path":"/home/jpendy/springboard/ayc-back/models/customer.js","statementMap":{"0":{"start":{"line":3,"column":21},"end":{"line":3,"column":43}},"1":{"start":{"line":4,"column":11},"end":{"line":4,"column":27}},"2":{"start":{"line":5,"column":43},"end":{"line":5,"column":69}},"3":{"start":{"line":6,"column":32},"end":{"line":6,"column":57}},"4":{"start":{"line":19,"column":27},"end":{"line":24,"column":5}},"5":{"start":{"line":26,"column":4},"end":{"line":27,"column":66}},"6":{"start":{"line":27,"column":6},"end":{"line":27,"column":66}},"7":{"start":{"line":29,"column":19},"end":{"line":35,"column":5}},"8":{"start":{"line":36,"column":21},"end":{"line":36,"column":35}},"9":{"start":{"line":38,"column":4},"end":{"line":38,"column":20}},"10":{"start":{"line":45,"column":18},"end":{"line":47,"column":19}},"11":{"start":{"line":49,"column":24},"end":{"line":49,"column":45}},"12":{"start":{"line":50,"column":4},"end":{"line":50,"column":28}},"13":{"start":{"line":62,"column":24},"end":{"line":73,"column":5}},"14":{"start":{"line":75,"column":4},"end":{"line":76,"column":60}},"15":{"start":{"line":76,"column":6},"end":{"line":76,"column":60}},"16":{"start":{"line":78,"column":4},"end":{"line":78,"column":31}},"17":{"start":{"line":88,"column":32},"end":{"line":88,"column":61}},"18":{"start":{"line":89,"column":21},"end":{"line":89,"column":46}},"19":{"start":{"line":91,"column":21},"end":{"line":98,"column":40}},"20":{"start":{"line":99,"column":19},"end":{"line":99,"column":60}},"21":{"start":{"line":100,"column":21},"end":{"line":100,"column":35}},"22":{"start":{"line":102,"column":4},"end":{"line":102,"column":73}},"23":{"start":{"line":102,"column":19},"end":{"line":102,"column":73}},"24":{"start":{"line":104,"column":4},"end":{"line":104,"column":20}},"25":{"start":{"line":114,"column":19},"end":{"line":120,"column":5}},"26":{"start":{"line":122,"column":21},"end":{"line":122,"column":35}},"27":{"start":{"line":124,"column":4},"end":{"line":124,"column":73}},"28":{"start":{"line":124,"column":19},"end":{"line":124,"column":73}},"29":{"start":{"line":126,"column":4},"end":{"line":126,"column":20}},"30":{"start":{"line":130,"column":0},"end":{"line":130,"column":26}}},"fnMap":{"0":{"name":"(anonymous_0)","decl":{"start":{"line":18,"column":2},"end":{"line":18,"column":3}},"loc":{"start":{"line":18,"column":52},"end":{"line":39,"column":3}},"line":18},"1":{"name":"(anonymous_1)","decl":{"start":{"line":44,"column":2},"end":{"line":44,"column":3}},"loc":{"start":{"line":44,"column":25},"end":{"line":51,"column":3}},"line":44},"2":{"name":"(anonymous_2)","decl":{"start":{"line":61,"column":2},"end":{"line":61,"column":3}},"loc":{"start":{"line":61,"column":23},"end":{"line":79,"column":3}},"line":61},"3":{"name":"(anonymous_3)","decl":{"start":{"line":87,"column":2},"end":{"line":87,"column":3}},"loc":{"start":{"line":87,"column":32},"end":{"line":105,"column":3}},"line":87},"4":{"name":"(anonymous_4)","decl":{"start":{"line":113,"column":2},"end":{"line":113,"column":3}},"loc":{"start":{"line":113,"column":26},"end":{"line":127,"column":3}},"line":113}},"branchMap":{"0":{"loc":{"start":{"line":26,"column":4},"end":{"line":27,"column":66}},"type":"if","locations":[{"start":{"line":26,"column":4},"end":{"line":27,"column":66}},{"start":{"line":26,"column":4},"end":{"line":27,"column":66}}],"line":26},"1":{"loc":{"start":{"line":75,"column":4},"end":{"line":76,"column":60}},"type":"if","locations":[{"start":{"line":75,"column":4},"end":{"line":76,"column":60}},{"start":{"line":75,"column":4},"end":{"line":76,"column":60}}],"line":75},"2":{"loc":{"start":{"line":102,"column":4},"end":{"line":102,"column":73}},"type":"if","locations":[{"start":{"line":102,"column":4},"end":{"line":102,"column":73}},{"start":{"line":102,"column":4},"end":{"line":102,"column":73}}],"line":102},"3":{"loc":{"start":{"line":124,"column":4},"end":{"line":124,"column":73}},"type":"if","locations":[{"start":{"line":124,"column":4},"end":{"line":124,"column":73}},{"start":{"line":124,"column":4},"end":{"line":124,"column":73}}],"line":124}},"s":{"0":7,"1":7,"2":7,"3":7,"4":15,"5":15,"6":1,"7":14,"8":14,"9":14,"10":2,"11":2,"12":2,"13":4,"14":4,"15":2,"16":2,"17":7,"18":6,"19":6,"20":6,"21":6,"22":6,"23":2,"24":4,"25":4,"26":4,"27":4,"28":2,"29":2,"30":7},"f":{"0":15,"1":2,"2":4,"3":7,"4":4},"b":{"0":[1,14],"1":[2,2],"2":[2,4],"3":[2,2]},"_coverageSchema":"1a1c01bbd47fc00a2c39e90264f33305004495a9","hash":"1e403c2d1dbc14827f192959e3a112df6fe1f56c"}
,"/home/jpendy/springboard/ayc-back/models/member.js": {"path":"/home/jpendy/springboard/ayc-back/models/member.js","statementMap":{"0":{"start":{"line":3,"column":11},"end":{"line":3,"column":27}},"1":{"start":{"line":4,"column":43},"end":{"line":4,"column":69}},"2":{"start":{"line":5,"column":32},"end":{"line":5,"column":57}},"3":{"start":{"line":13,"column":27},"end":{"line":18,"column":5}},"4":{"start":{"line":20,"column":4},"end":{"line":22,"column":5}},"5":{"start":{"line":21,"column":6},"end":{"line":21,"column":59}},"6":{"start":{"line":24,"column":19},"end":{"line":32,"column":5}},"7":{"start":{"line":34,"column":19},"end":{"line":34,"column":33}},"8":{"start":{"line":35,"column":4},"end":{"line":35,"column":18}},"9":{"start":{"line":41,"column":19},"end":{"line":49,"column":5}},"10":{"start":{"line":51,"column":4},"end":{"line":51,"column":23}},"11":{"start":{"line":59,"column":22},"end":{"line":67,"column":5}},"12":{"start":{"line":69,"column":19},"end":{"line":69,"column":36}},"13":{"start":{"line":71,"column":4},"end":{"line":71,"column":68}},"14":{"start":{"line":71,"column":17},"end":{"line":71,"column":68}},"15":{"start":{"line":72,"column":4},"end":{"line":72,"column":18}},"16":{"start":{"line":82,"column":32},"end":{"line":86,"column":6}},"17":{"start":{"line":87,"column":25},"end":{"line":87,"column":50}},"18":{"start":{"line":89,"column":21},"end":{"line":95,"column":38}},"19":{"start":{"line":96,"column":19},"end":{"line":96,"column":62}},"20":{"start":{"line":97,"column":19},"end":{"line":97,"column":33}},"21":{"start":{"line":99,"column":4},"end":{"line":99,"column":68}},"22":{"start":{"line":99,"column":17},"end":{"line":99,"column":68}},"23":{"start":{"line":101,"column":4},"end":{"line":101,"column":18}},"24":{"start":{"line":109,"column":19},"end":{"line":115,"column":5}},"25":{"start":{"line":116,"column":19},"end":{"line":116,"column":33}},"26":{"start":{"line":118,"column":4},"end":{"line":118,"column":68}},"27":{"start":{"line":118,"column":17},"end":{"line":118,"column":68}},"28":{"start":{"line":120,"column":4},"end":{"line":120,"column":18}},"29":{"start":{"line":124,"column":0},"end":{"line":124,"column":24}}},"fnMap":{"0":{"name":"(anonymous_0)","decl":{"start":{"line":12,"column":2},"end":{"line":12,"column":3}},"loc":{"start":{"line":12,"column":45},"end":{"line":36,"column":3}},"line":12},"1":{"name":"(anonymous_1)","decl":{"start":{"line":40,"column":2},"end":{"line":40,"column":3}},"loc":{"start":{"line":40,"column":25},"end":{"line":52,"column":3}},"line":40},"2":{"name":"(anonymous_2)","decl":{"start":{"line":58,"column":2},"end":{"line":58,"column":3}},"loc":{"start":{"line":58,"column":25},"end":{"line":73,"column":3}},"line":58},"3":{"name":"(anonymous_3)","decl":{"start":{"line":81,"column":2},"end":{"line":81,"column":3}},"loc":{"start":{"line":81,"column":34},"end":{"line":102,"column":3}},"line":81},"4":{"name":"(anonymous_4)","decl":{"start":{"line":108,"column":2},"end":{"line":108,"column":3}},"loc":{"start":{"line":108,"column":28},"end":{"line":121,"column":3}},"line":108}},"branchMap":{"0":{"loc":{"start":{"line":20,"column":4},"end":{"line":22,"column":5}},"type":"if","locations":[{"start":{"line":20,"column":4},"end":{"line":22,"column":5}},{"start":{"line":20,"column":4},"end":{"line":22,"column":5}}],"line":20},"1":{"loc":{"start":{"line":71,"column":4},"end":{"line":71,"column":68}},"type":"if","locations":[{"start":{"line":71,"column":4},"end":{"line":71,"column":68}},{"start":{"line":71,"column":4},"end":{"line":71,"column":68}}],"line":71},"2":{"loc":{"start":{"line":99,"column":4},"end":{"line":99,"column":68}},"type":"if","locations":[{"start":{"line":99,"column":4},"end":{"line":99,"column":68}},{"start":{"line":99,"column":4},"end":{"line":99,"column":68}}],"line":99},"3":{"loc":{"start":{"line":118,"column":4},"end":{"line":118,"column":68}},"type":"if","locations":[{"start":{"line":118,"column":4},"end":{"line":118,"column":68}},{"start":{"line":118,"column":4},"end":{"line":118,"column":68}}],"line":118}},"s":{"0":8,"1":8,"2":8,"3":13,"4":13,"5":0,"6":13,"7":13,"8":13,"9":2,"10":2,"11":4,"12":4,"13":4,"14":2,"15":2,"16":6,"17":5,"18":5,"19":5,"20":5,"21":5,"22":2,"23":3,"24":4,"25":4,"26":4,"27":2,"28":2,"29":8},"f":{"0":13,"1":2,"2":4,"3":6,"4":4},"b":{"0":[0,13],"1":[2,2],"2":[2,3],"3":[2,2]},"_coverageSchema":"1a1c01bbd47fc00a2c39e90264f33305004495a9","hash":"efdb4e57d8f658f72a87730e3e32e1032f6a5d4a"}
,"/home/jpendy/springboard/ayc-back/models/tag.js": {"path":"/home/jpendy/springboard/ayc-back/models/tag.js","statementMap":{"0":{"start":{"line":3,"column":11},"end":{"line":3,"column":27}},"1":{"start":{"line":4,"column":43},"end":{"line":4,"column":69}},"2":{"start":{"line":5,"column":32},"end":{"line":5,"column":57}},"3":{"start":{"line":15,"column":27},"end":{"line":20,"column":5}},"4":{"start":{"line":22,"column":4},"end":{"line":23,"column":64}},"5":{"start":{"line":23,"column":6},"end":{"line":23,"column":64}},"6":{"start":{"line":25,"column":19},"end":{"line":31,"column":5}},"7":{"start":{"line":32,"column":16},"end":{"line":32,"column":30}},"8":{"start":{"line":34,"column":4},"end":{"line":34,"column":15}},"9":{"start":{"line":38,"column":20},"end":{"line":41,"column":48}},"10":{"start":{"line":43,"column":4},"end":{"line":43,"column":24}},"11":{"start":{"line":47,"column":19},"end":{"line":53,"column":5}},"12":{"start":{"line":55,"column":16},"end":{"line":55,"column":30}},"13":{"start":{"line":57,"column":4},"end":{"line":57,"column":63}},"14":{"start":{"line":57,"column":14},"end":{"line":57,"column":63}},"15":{"start":{"line":59,"column":4},"end":{"line":59,"column":15}},"16":{"start":{"line":63,"column":4},"end":{"line":63,"column":52}},"17":{"start":{"line":63,"column":15},"end":{"line":63,"column":52}},"18":{"start":{"line":64,"column":19},"end":{"line":71,"column":5}},"19":{"start":{"line":73,"column":16},"end":{"line":73,"column":30}},"20":{"start":{"line":74,"column":4},"end":{"line":74,"column":21}},"21":{"start":{"line":76,"column":4},"end":{"line":76,"column":63}},"22":{"start":{"line":76,"column":14},"end":{"line":76,"column":63}},"23":{"start":{"line":78,"column":4},"end":{"line":78,"column":15}},"24":{"start":{"line":82,"column":19},"end":{"line":85,"column":5}},"25":{"start":{"line":87,"column":16},"end":{"line":87,"column":30}},"26":{"start":{"line":88,"column":4},"end":{"line":88,"column":63}},"27":{"start":{"line":88,"column":14},"end":{"line":88,"column":63}},"28":{"start":{"line":89,"column":4},"end":{"line":89,"column":15}},"29":{"start":{"line":93,"column":0},"end":{"line":93,"column":21}}},"fnMap":{"0":{"name":"(anonymous_0)","decl":{"start":{"line":14,"column":2},"end":{"line":14,"column":3}},"loc":{"start":{"line":14,"column":29},"end":{"line":35,"column":3}},"line":14},"1":{"name":"(anonymous_1)","decl":{"start":{"line":37,"column":2},"end":{"line":37,"column":3}},"loc":{"start":{"line":37,"column":25},"end":{"line":44,"column":3}},"line":37},"2":{"name":"(anonymous_2)","decl":{"start":{"line":46,"column":2},"end":{"line":46,"column":3}},"loc":{"start":{"line":46,"column":23},"end":{"line":60,"column":3}},"line":46},"3":{"name":"(anonymous_3)","decl":{"start":{"line":62,"column":2},"end":{"line":62,"column":3}},"loc":{"start":{"line":62,"column":36},"end":{"line":79,"column":3}},"line":62},"4":{"name":"(anonymous_4)","decl":{"start":{"line":81,"column":2},"end":{"line":81,"column":3}},"loc":{"start":{"line":81,"column":26},"end":{"line":90,"column":3}},"line":81}},"branchMap":{"0":{"loc":{"start":{"line":22,"column":4},"end":{"line":23,"column":64}},"type":"if","locations":[{"start":{"line":22,"column":4},"end":{"line":23,"column":64}},{"start":{"line":22,"column":4},"end":{"line":23,"column":64}}],"line":22},"1":{"loc":{"start":{"line":57,"column":4},"end":{"line":57,"column":63}},"type":"if","locations":[{"start":{"line":57,"column":4},"end":{"line":57,"column":63}},{"start":{"line":57,"column":4},"end":{"line":57,"column":63}}],"line":57},"2":{"loc":{"start":{"line":63,"column":4},"end":{"line":63,"column":52}},"type":"if","locations":[{"start":{"line":63,"column":4},"end":{"line":63,"column":52}},{"start":{"line":63,"column":4},"end":{"line":63,"column":52}}],"line":63},"3":{"loc":{"start":{"line":76,"column":4},"end":{"line":76,"column":63}},"type":"if","locations":[{"start":{"line":76,"column":4},"end":{"line":76,"column":63}},{"start":{"line":76,"column":4},"end":{"line":76,"column":63}}],"line":76},"4":{"loc":{"start":{"line":88,"column":4},"end":{"line":88,"column":63}},"type":"if","locations":[{"start":{"line":88,"column":4},"end":{"line":88,"column":63}},{"start":{"line":88,"column":4},"end":{"line":88,"column":63}}],"line":88}},"s":{"0":7,"1":7,"2":7,"3":14,"4":14,"5":1,"6":13,"7":13,"8":13,"9":2,"10":2,"11":4,"12":4,"13":4,"14":2,"15":2,"16":5,"17":1,"18":4,"19":4,"20":4,"21":4,"22":2,"23":2,"24":4,"25":4,"26":4,"27":2,"28":2,"29":7},"f":{"0":14,"1":2,"2":4,"3":5,"4":4},"b":{"0":[1,13],"1":[2,2],"2":[1,4],"3":[2,2],"4":[2,2]},"_coverageSchema":"1a1c01bbd47fc00a2c39e90264f33305004495a9","hash":"68b5fd57c7e336b85630c025ff94dcbfc32787c6"}
,"/home/jpendy/springboard/ayc-back/models/video.js": {"path":"/home/jpendy/springboard/ayc-back/models/video.js","statementMap":{"0":{"start":{"line":3,"column":11},"end":{"line":3,"column":27}},"1":{"start":{"line":4,"column":43},"end":{"line":4,"column":69}},"2":{"start":{"line":5,"column":32},"end":{"line":5,"column":57}},"3":{"start":{"line":15,"column":27},"end":{"line":20,"column":5}},"4":{"start":{"line":22,"column":4},"end":{"line":23,"column":65}},"5":{"start":{"line":23,"column":6},"end":{"line":23,"column":65}},"6":{"start":{"line":25,"column":19},"end":{"line":31,"column":5}},"7":{"start":{"line":33,"column":16},"end":{"line":33,"column":30}},"8":{"start":{"line":35,"column":4},"end":{"line":35,"column":17}},"9":{"start":{"line":42,"column":16},"end":{"line":42,"column":18}},"10":{"start":{"line":43,"column":4},"end":{"line":52,"column":5}},"11":{"start":{"line":44,"column":6},"end":{"line":44,"column":231}},"12":{"start":{"line":46,"column":6},"end":{"line":51,"column":32}},"13":{"start":{"line":54,"column":22},"end":{"line":54,"column":43}},"14":{"start":{"line":56,"column":4},"end":{"line":56,"column":26}},"15":{"start":{"line":63,"column":21},"end":{"line":71,"column":5}},"16":{"start":{"line":73,"column":18},"end":{"line":73,"column":34}},"17":{"start":{"line":74,"column":4},"end":{"line":74,"column":67}},"18":{"start":{"line":74,"column":16},"end":{"line":74,"column":67}},"19":{"start":{"line":76,"column":25},"end":{"line":82,"column":5}},"20":{"start":{"line":84,"column":4},"end":{"line":84,"column":58}},"21":{"start":{"line":84,"column":46},"end":{"line":84,"column":56}},"22":{"start":{"line":85,"column":4},"end":{"line":85,"column":17}},"23":{"start":{"line":94,"column":32},"end":{"line":94,"column":61}},"24":{"start":{"line":95,"column":21},"end":{"line":95,"column":46}},"25":{"start":{"line":97,"column":21},"end":{"line":103,"column":39}},"26":{"start":{"line":104,"column":19},"end":{"line":104,"column":60}},"27":{"start":{"line":105,"column":18},"end":{"line":105,"column":32}},"28":{"start":{"line":107,"column":4},"end":{"line":107,"column":67}},"29":{"start":{"line":107,"column":16},"end":{"line":107,"column":67}},"30":{"start":{"line":109,"column":4},"end":{"line":109,"column":17}},"31":{"start":{"line":115,"column":19},"end":{"line":121,"column":5}},"32":{"start":{"line":123,"column":18},"end":{"line":123,"column":32}},"33":{"start":{"line":125,"column":4},"end":{"line":125,"column":67}},"34":{"start":{"line":125,"column":16},"end":{"line":125,"column":67}},"35":{"start":{"line":129,"column":21},"end":{"line":134,"column":5}},"36":{"start":{"line":135,"column":16},"end":{"line":135,"column":32}},"37":{"start":{"line":137,"column":4},"end":{"line":137,"column":67}},"38":{"start":{"line":137,"column":14},"end":{"line":137,"column":67}},"39":{"start":{"line":139,"column":22},"end":{"line":144,"column":5}},"40":{"start":{"line":145,"column":18},"end":{"line":145,"column":35}},"41":{"start":{"line":147,"column":4},"end":{"line":147,"column":73}},"42":{"start":{"line":147,"column":16},"end":{"line":147,"column":73}},"43":{"start":{"line":149,"column":19},"end":{"line":154,"column":5}},"44":{"start":{"line":156,"column":21},"end":{"line":156,"column":35}},"45":{"start":{"line":157,"column":4},"end":{"line":157,"column":20}},"46":{"start":{"line":161,"column":19},"end":{"line":167,"column":5}},"47":{"start":{"line":169,"column":4},"end":{"line":172,"column":8}},"48":{"start":{"line":170,"column":6},"end":{"line":172,"column":8}},"49":{"start":{"line":176,"column":0},"end":{"line":176,"column":23}}},"fnMap":{"0":{"name":"(anonymous_0)","decl":{"start":{"line":14,"column":2},"end":{"line":14,"column":3}},"loc":{"start":{"line":14,"column":48},"end":{"line":36,"column":3}},"line":14},"1":{"name":"(anonymous_1)","decl":{"start":{"line":41,"column":2},"end":{"line":41,"column":3}},"loc":{"start":{"line":41,"column":28},"end":{"line":57,"column":3}},"line":41},"2":{"name":"(anonymous_2)","decl":{"start":{"line":62,"column":2},"end":{"line":62,"column":3}},"loc":{"start":{"line":62,"column":23},"end":{"line":86,"column":3}},"line":62},"3":{"name":"(anonymous_3)","decl":{"start":{"line":84,"column":39},"end":{"line":84,"column":40}},"loc":{"start":{"line":84,"column":46},"end":{"line":84,"column":56}},"line":84},"4":{"name":"(anonymous_4)","decl":{"start":{"line":93,"column":2},"end":{"line":93,"column":3}},"loc":{"start":{"line":93,"column":32},"end":{"line":110,"column":3}},"line":93},"5":{"name":"(anonymous_5)","decl":{"start":{"line":114,"column":2},"end":{"line":114,"column":3}},"loc":{"start":{"line":114,"column":26},"end":{"line":126,"column":3}},"line":114},"6":{"name":"(anonymous_6)","decl":{"start":{"line":128,"column":2},"end":{"line":128,"column":3}},"loc":{"start":{"line":128,"column":49},"end":{"line":158,"column":3}},"line":128},"7":{"name":"(anonymous_7)","decl":{"start":{"line":160,"column":2},"end":{"line":160,"column":3}},"loc":{"start":{"line":160,"column":52},"end":{"line":173,"column":3}},"line":160}},"branchMap":{"0":{"loc":{"start":{"line":22,"column":4},"end":{"line":23,"column":65}},"type":"if","locations":[{"start":{"line":22,"column":4},"end":{"line":23,"column":65}},{"start":{"line":22,"column":4},"end":{"line":23,"column":65}}],"line":22},"1":{"loc":{"start":{"line":43,"column":4},"end":{"line":52,"column":5}},"type":"if","locations":[{"start":{"line":43,"column":4},"end":{"line":52,"column":5}},{"start":{"line":43,"column":4},"end":{"line":52,"column":5}}],"line":43},"2":{"loc":{"start":{"line":74,"column":4},"end":{"line":74,"column":67}},"type":"if","locations":[{"start":{"line":74,"column":4},"end":{"line":74,"column":67}},{"start":{"line":74,"column":4},"end":{"line":74,"column":67}}],"line":74},"3":{"loc":{"start":{"line":107,"column":4},"end":{"line":107,"column":67}},"type":"if","locations":[{"start":{"line":107,"column":4},"end":{"line":107,"column":67}},{"start":{"line":107,"column":4},"end":{"line":107,"column":67}}],"line":107},"4":{"loc":{"start":{"line":125,"column":4},"end":{"line":125,"column":67}},"type":"if","locations":[{"start":{"line":125,"column":4},"end":{"line":125,"column":67}},{"start":{"line":125,"column":4},"end":{"line":125,"column":67}}],"line":125},"5":{"loc":{"start":{"line":137,"column":4},"end":{"line":137,"column":67}},"type":"if","locations":[{"start":{"line":137,"column":4},"end":{"line":137,"column":67}},{"start":{"line":137,"column":4},"end":{"line":137,"column":67}}],"line":137},"6":{"loc":{"start":{"line":147,"column":4},"end":{"line":147,"column":73}},"type":"if","locations":[{"start":{"line":147,"column":4},"end":{"line":147,"column":73}},{"start":{"line":147,"column":4},"end":{"line":147,"column":73}}],"line":147},"7":{"loc":{"start":{"line":169,"column":4},"end":{"line":172,"column":8}},"type":"if","locations":[{"start":{"line":169,"column":4},"end":{"line":172,"column":8}},{"start":{"line":169,"column":4},"end":{"line":172,"column":8}}],"line":169}},"s":{"0":7,"1":7,"2":7,"3":15,"4":15,"5":1,"6":14,"7":14,"8":14,"9":4,"10":4,"11":2,"12":2,"13":4,"14":4,"15":4,"16":4,"17":4,"18":2,"19":2,"20":2,"21":2,"22":2,"23":6,"24":5,"25":5,"26":5,"27":5,"28":5,"29":2,"30":3,"31":4,"32":4,"33":4,"34":2,"35":4,"36":4,"37":4,"38":2,"39":2,"40":2,"41":2,"42":0,"43":2,"44":2,"45":2,"46":5,"47":5,"48":3,"49":7},"f":{"0":15,"1":4,"2":4,"3":2,"4":6,"5":4,"6":4,"7":5},"b":{"0":[1,14],"1":[2,2],"2":[2,2],"3":[2,3],"4":[2,2],"5":[2,2],"6":[0,2],"7":[3,2]},"_coverageSchema":"1a1c01bbd47fc00a2c39e90264f33305004495a9","hash":"9a1af2fb5cc7205963306987bcd96ecdda016647"}
,"/home/jpendy/springboard/ayc-back/routes/_testCommon.js": {"path":"/home/jpendy/springboard/ayc-back/routes/_testCommon.js","statementMap":{"0":{"start":{"line":1,"column":11},"end":{"line":1,"column":27}},"1":{"start":{"line":3,"column":15},"end":{"line":3,"column":42}},"2":{"start":{"line":4,"column":17},"end":{"line":4,"column":46}},"3":{"start":{"line":5,"column":14},"end":{"line":5,"column":40}},"4":{"start":{"line":6,"column":12},"end":{"line":6,"column":36}},"5":{"start":{"line":8,"column":15},"end":{"line":8,"column":32}},"6":{"start":{"line":9,"column":31},"end":{"line":9,"column":51}},"7":{"start":{"line":10,"column":24},"end":{"line":10,"column":52}},"8":{"start":{"line":12,"column":24},"end":{"line":12,"column":26}},"9":{"start":{"line":13,"column":21},"end":{"line":13,"column":23}},"10":{"start":{"line":14,"column":19},"end":{"line":14,"column":21}},"11":{"start":{"line":17,"column":2},"end":{"line":17,"column":37}},"12":{"start":{"line":18,"column":2},"end":{"line":18,"column":42}},"13":{"start":{"line":19,"column":2},"end":{"line":19,"column":39}},"14":{"start":{"line":20,"column":2},"end":{"line":20,"column":37}},"15":{"start":{"line":21,"column":2},"end":{"line":21,"column":44}},"16":{"start":{"line":23,"column":2},"end":{"line":27,"column":5}},"17":{"start":{"line":28,"column":2},"end":{"line":32,"column":5}},"18":{"start":{"line":34,"column":2},"end":{"line":41,"column":7}},"19":{"start":{"line":42,"column":2},"end":{"line":49,"column":7}},"20":{"start":{"line":51,"column":2},"end":{"line":57,"column":7}},"21":{"start":{"line":59,"column":2},"end":{"line":65,"column":7}},"22":{"start":{"line":67,"column":2},"end":{"line":71,"column":7}},"23":{"start":{"line":73,"column":2},"end":{"line":77,"column":7}},"24":{"start":{"line":79,"column":2},"end":{"line":83,"column":4}},"25":{"start":{"line":85,"column":2},"end":{"line":94,"column":4}},"26":{"start":{"line":98,"column":2},"end":{"line":98,"column":26}},"27":{"start":{"line":102,"column":2},"end":{"line":102,"column":29}},"28":{"start":{"line":106,"column":2},"end":{"line":106,"column":17}},"29":{"start":{"line":109,"column":16},"end":{"line":109,"column":47}},"30":{"start":{"line":110,"column":16},"end":{"line":110,"column":47}},"31":{"start":{"line":112,"column":0},"end":{"line":122,"column":2}}},"fnMap":{"0":{"name":"commonBeforeAll","decl":{"start":{"line":16,"column":15},"end":{"line":16,"column":30}},"loc":{"start":{"line":16,"column":33},"end":{"line":95,"column":1}},"line":16},"1":{"name":"commonBeforeEach","decl":{"start":{"line":97,"column":15},"end":{"line":97,"column":31}},"loc":{"start":{"line":97,"column":34},"end":{"line":99,"column":1}},"line":97},"2":{"name":"commonAfterEach","decl":{"start":{"line":101,"column":15},"end":{"line":101,"column":30}},"loc":{"start":{"line":101,"column":33},"end":{"line":103,"column":1}},"line":101},"3":{"name":"commonAfterAll","decl":{"start":{"line":105,"column":15},"end":{"line":105,"column":29}},"loc":{"start":{"line":105,"column":32},"end":{"line":107,"column":1}},"line":105}},"branchMap":{},"s":{"0":5,"1":5,"2":5,"3":5,"4":5,"5":5,"6":5,"7":5,"8":5,"9":5,"10":5,"11":5,"12":5,"13":5,"14":5,"15":5,"16":5,"17":5,"18":5,"19":5,"20":5,"21":5,"22":5,"23":5,"24":5,"25":5,"26":72,"27":72,"28":5,"29":5,"30":5,"31":5},"f":{"0":5,"1":72,"2":72,"3":5},"b":{},"_coverageSchema":"1a1c01bbd47fc00a2c39e90264f33305004495a9","hash":"1dde6b3ae4b17b2cc01091aced9db49bcd00cac5"}
,"/home/jpendy/springboard/ayc-back/routes/auth.js": {"path":"/home/jpendy/springboard/ayc-back/routes/auth.js","statementMap":{"0":{"start":{"line":5,"column":19},"end":{"line":5,"column":40}},"1":{"start":{"line":7,"column":14},"end":{"line":7,"column":40}},"2":{"start":{"line":8,"column":16},"end":{"line":8,"column":34}},"3":{"start":{"line":10,"column":24},"end":{"line":10,"column":52}},"4":{"start":{"line":11,"column":24},"end":{"line":11,"column":60}},"5":{"start":{"line":12,"column":28},"end":{"line":12,"column":54}},"6":{"start":{"line":14,"column":15},"end":{"line":14,"column":31}},"7":{"start":{"line":22,"column":0},"end":{"line":37,"column":3}},"8":{"start":{"line":23,"column":2},"end":{"line":36,"column":3}},"9":{"start":{"line":24,"column":22},"end":{"line":24,"column":68}},"10":{"start":{"line":25,"column":4},"end":{"line":28,"column":5}},"11":{"start":{"line":26,"column":19},"end":{"line":26,"column":55}},"12":{"start":{"line":26,"column":47},"end":{"line":26,"column":54}},"13":{"start":{"line":27,"column":6},"end":{"line":27,"column":38}},"14":{"start":{"line":30,"column":35},"end":{"line":30,"column":43}},"15":{"start":{"line":31,"column":18},"end":{"line":31,"column":62}},"16":{"start":{"line":32,"column":18},"end":{"line":32,"column":36}},"17":{"start":{"line":33,"column":4},"end":{"line":33,"column":31}},"18":{"start":{"line":35,"column":4},"end":{"line":35,"column":21}},"19":{"start":{"line":39,"column":0},"end":{"line":39,"column":24}}},"fnMap":{"0":{"name":"(anonymous_0)","decl":{"start":{"line":22,"column":22},"end":{"line":22,"column":23}},"loc":{"start":{"line":22,"column":54},"end":{"line":37,"column":1}},"line":22},"1":{"name":"(anonymous_1)","decl":{"start":{"line":26,"column":40},"end":{"line":26,"column":41}},"loc":{"start":{"line":26,"column":47},"end":{"line":26,"column":54}},"line":26}},"branchMap":{"0":{"loc":{"start":{"line":25,"column":4},"end":{"line":28,"column":5}},"type":"if","locations":[{"start":{"line":25,"column":4},"end":{"line":28,"column":5}},{"start":{"line":25,"column":4},"end":{"line":28,"column":5}}],"line":25}},"s":{"0":6,"1":6,"2":6,"3":6,"4":6,"5":6,"6":6,"7":6,"8":1,"9":1,"10":1,"11":0,"12":0,"13":0,"14":1,"15":1,"16":1,"17":1,"18":0,"19":6},"f":{"0":1,"1":0},"b":{"0":[0,1]},"_coverageSchema":"1a1c01bbd47fc00a2c39e90264f33305004495a9","hash":"1d7870fca6df6fc203cf08fd737e55bc622da7e6"}
,"/home/jpendy/springboard/ayc-back/routes/customers.js": {"path":"/home/jpendy/springboard/ayc-back/routes/customers.js","statementMap":{"0":{"start":{"line":5,"column":19},"end":{"line":5,"column":40}},"1":{"start":{"line":6,"column":16},"end":{"line":6,"column":34}},"2":{"start":{"line":8,"column":28},"end":{"line":8,"column":54}},"3":{"start":{"line":9,"column":24},"end":{"line":9,"column":53}},"4":{"start":{"line":10,"column":17},"end":{"line":10,"column":46}},"5":{"start":{"line":12,"column":26},"end":{"line":12,"column":64}},"6":{"start":{"line":13,"column":29},"end":{"line":13,"column":70}},"7":{"start":{"line":15,"column":15},"end":{"line":15,"column":31}},"8":{"start":{"line":24,"column":0},"end":{"line":36,"column":3}},"9":{"start":{"line":25,"column":2},"end":{"line":35,"column":3}},"10":{"start":{"line":26,"column":22},"end":{"line":26,"column":70}},"11":{"start":{"line":27,"column":4},"end":{"line":30,"column":5}},"12":{"start":{"line":28,"column":19},"end":{"line":28,"column":55}},"13":{"start":{"line":28,"column":47},"end":{"line":28,"column":54}},"14":{"start":{"line":29,"column":6},"end":{"line":29,"column":38}},"15":{"start":{"line":31,"column":21},"end":{"line":31,"column":49}},"16":{"start":{"line":32,"column":4},"end":{"line":32,"column":46}},"17":{"start":{"line":34,"column":4},"end":{"line":34,"column":21}},"18":{"start":{"line":44,"column":0},"end":{"line":51,"column":3}},"19":{"start":{"line":45,"column":2},"end":{"line":50,"column":3}},"20":{"start":{"line":46,"column":22},"end":{"line":46,"column":46}},"21":{"start":{"line":47,"column":4},"end":{"line":47,"column":35}},"22":{"start":{"line":49,"column":4},"end":{"line":49,"column":21}},"23":{"start":{"line":59,"column":0},"end":{"line":66,"column":3}},"24":{"start":{"line":60,"column":2},"end":{"line":65,"column":3}},"25":{"start":{"line":61,"column":21},"end":{"line":61,"column":54}},"26":{"start":{"line":62,"column":4},"end":{"line":62,"column":34}},"27":{"start":{"line":64,"column":4},"end":{"line":64,"column":21}},"28":{"start":{"line":75,"column":0},"end":{"line":88,"column":3}},"29":{"start":{"line":76,"column":2},"end":{"line":87,"column":3}},"30":{"start":{"line":77,"column":22},"end":{"line":77,"column":73}},"31":{"start":{"line":78,"column":4},"end":{"line":81,"column":5}},"32":{"start":{"line":79,"column":19},"end":{"line":79,"column":55}},"33":{"start":{"line":79,"column":47},"end":{"line":79,"column":54}},"34":{"start":{"line":80,"column":6},"end":{"line":80,"column":38}},"35":{"start":{"line":83,"column":21},"end":{"line":83,"column":67}},"36":{"start":{"line":84,"column":4},"end":{"line":84,"column":34}},"37":{"start":{"line":86,"column":4},"end":{"line":86,"column":21}},"38":{"start":{"line":96,"column":0},"end":{"line":103,"column":3}},"39":{"start":{"line":97,"column":2},"end":{"line":102,"column":3}},"40":{"start":{"line":98,"column":4},"end":{"line":98,"column":41}},"41":{"start":{"line":99,"column":4},"end":{"line":99,"column":71}},"42":{"start":{"line":101,"column":4},"end":{"line":101,"column":21}},"43":{"start":{"line":105,"column":0},"end":{"line":105,"column":24}}},"fnMap":{"0":{"name":"(anonymous_0)","decl":{"start":{"line":24,"column":30},"end":{"line":24,"column":31}},"loc":{"start":{"line":24,"column":62},"end":{"line":36,"column":1}},"line":24},"1":{"name":"(anonymous_1)","decl":{"start":{"line":28,"column":40},"end":{"line":28,"column":41}},"loc":{"start":{"line":28,"column":47},"end":{"line":28,"column":54}},"line":28},"2":{"name":"(anonymous_2)","decl":{"start":{"line":44,"column":29},"end":{"line":44,"column":30}},"loc":{"start":{"line":44,"column":61},"end":{"line":51,"column":1}},"line":44},"3":{"name":"(anonymous_3)","decl":{"start":{"line":59,"column":32},"end":{"line":59,"column":33}},"loc":{"start":{"line":59,"column":64},"end":{"line":66,"column":1}},"line":59},"4":{"name":"(anonymous_4)","decl":{"start":{"line":75,"column":34},"end":{"line":75,"column":35}},"loc":{"start":{"line":75,"column":66},"end":{"line":88,"column":1}},"line":75},"5":{"name":"(anonymous_5)","decl":{"start":{"line":79,"column":40},"end":{"line":79,"column":41}},"loc":{"start":{"line":79,"column":47},"end":{"line":79,"column":54}},"line":79},"6":{"name":"(anonymous_6)","decl":{"start":{"line":96,"column":35},"end":{"line":96,"column":36}},"loc":{"start":{"line":96,"column":67},"end":{"line":103,"column":1}},"line":96}},"branchMap":{"0":{"loc":{"start":{"line":27,"column":4},"end":{"line":30,"column":5}},"type":"if","locations":[{"start":{"line":27,"column":4},"end":{"line":30,"column":5}},{"start":{"line":27,"column":4},"end":{"line":30,"column":5}}],"line":27},"1":{"loc":{"start":{"line":78,"column":4},"end":{"line":81,"column":5}},"type":"if","locations":[{"start":{"line":78,"column":4},"end":{"line":81,"column":5}},{"start":{"line":78,"column":4},"end":{"line":81,"column":5}}],"line":78}},"s":{"0":6,"1":6,"2":6,"3":6,"4":6,"5":6,"6":6,"7":6,"8":6,"9":4,"10":4,"11":4,"12":2,"13":2,"14":2,"15":2,"16":2,"17":2,"18":6,"19":1,"20":1,"21":1,"22":0,"23":6,"24":2,"25":2,"26":1,"27":1,"28":6,"29":4,"30":4,"31":4,"32":2,"33":2,"34":2,"35":2,"36":1,"37":3,"38":6,"39":2,"40":2,"41":1,"42":1,"43":6},"f":{"0":4,"1":2,"2":1,"3":2,"4":4,"5":2,"6":2},"b":{"0":[2,2],"1":[2,2]},"_coverageSchema":"1a1c01bbd47fc00a2c39e90264f33305004495a9","hash":"0ac89387ccc7d7ed4ab52d89692fa2126be6aaa8"}
,"/home/jpendy/springboard/ayc-back/routes/tags.js": {"path":"/home/jpendy/springboard/ayc-back/routes/tags.js","statementMap":{"0":{"start":{"line":5,"column":19},"end":{"line":5,"column":40}},"1":{"start":{"line":6,"column":16},"end":{"line":6,"column":34}},"2":{"start":{"line":8,"column":28},"end":{"line":8,"column":54}},"3":{"start":{"line":9,"column":24},"end":{"line":9,"column":53}},"4":{"start":{"line":10,"column":12},"end":{"line":10,"column":36}},"5":{"start":{"line":12,"column":18},"end":{"line":12,"column":48}},"6":{"start":{"line":14,"column":15},"end":{"line":14,"column":31}},"7":{"start":{"line":23,"column":0},"end":{"line":35,"column":3}},"8":{"start":{"line":24,"column":2},"end":{"line":34,"column":3}},"9":{"start":{"line":25,"column":22},"end":{"line":25,"column":62}},"10":{"start":{"line":26,"column":4},"end":{"line":29,"column":5}},"11":{"start":{"line":27,"column":19},"end":{"line":27,"column":55}},"12":{"start":{"line":27,"column":47},"end":{"line":27,"column":54}},"13":{"start":{"line":28,"column":6},"end":{"line":28,"column":38}},"14":{"start":{"line":30,"column":16},"end":{"line":30,"column":39}},"15":{"start":{"line":31,"column":4},"end":{"line":31,"column":41}},"16":{"start":{"line":33,"column":4},"end":{"line":33,"column":21}},"17":{"start":{"line":43,"column":0},"end":{"line":50,"column":3}},"18":{"start":{"line":44,"column":2},"end":{"line":49,"column":3}},"19":{"start":{"line":45,"column":17},"end":{"line":45,"column":36}},"20":{"start":{"line":46,"column":4},"end":{"line":46,"column":30}},"21":{"start":{"line":48,"column":4},"end":{"line":48,"column":21}},"22":{"start":{"line":58,"column":0},"end":{"line":65,"column":3}},"23":{"start":{"line":59,"column":2},"end":{"line":64,"column":3}},"24":{"start":{"line":60,"column":16},"end":{"line":60,"column":44}},"25":{"start":{"line":61,"column":4},"end":{"line":61,"column":29}},"26":{"start":{"line":63,"column":4},"end":{"line":63,"column":21}},"27":{"start":{"line":76,"column":0},"end":{"line":90,"column":3}},"28":{"start":{"line":77,"column":2},"end":{"line":89,"column":3}},"29":{"start":{"line":78,"column":22},"end":{"line":78,"column":62}},"30":{"start":{"line":79,"column":4},"end":{"line":82,"column":5}},"31":{"start":{"line":80,"column":19},"end":{"line":80,"column":55}},"32":{"start":{"line":80,"column":47},"end":{"line":80,"column":54}},"33":{"start":{"line":81,"column":6},"end":{"line":81,"column":38}},"34":{"start":{"line":84,"column":16},"end":{"line":84,"column":57}},"35":{"start":{"line":85,"column":4},"end":{"line":85,"column":21}},"36":{"start":{"line":86,"column":4},"end":{"line":86,"column":29}},"37":{"start":{"line":88,"column":4},"end":{"line":88,"column":21}},"38":{"start":{"line":98,"column":0},"end":{"line":105,"column":3}},"39":{"start":{"line":99,"column":2},"end":{"line":104,"column":3}},"40":{"start":{"line":100,"column":4},"end":{"line":100,"column":36}},"41":{"start":{"line":101,"column":4},"end":{"line":101,"column":66}},"42":{"start":{"line":103,"column":4},"end":{"line":103,"column":21}},"43":{"start":{"line":107,"column":0},"end":{"line":107,"column":24}}},"fnMap":{"0":{"name":"(anonymous_0)","decl":{"start":{"line":23,"column":30},"end":{"line":23,"column":31}},"loc":{"start":{"line":23,"column":62},"end":{"line":35,"column":1}},"line":23},"1":{"name":"(anonymous_1)","decl":{"start":{"line":27,"column":40},"end":{"line":27,"column":41}},"loc":{"start":{"line":27,"column":47},"end":{"line":27,"column":54}},"line":27},"2":{"name":"(anonymous_2)","decl":{"start":{"line":43,"column":16},"end":{"line":43,"column":17}},"loc":{"start":{"line":43,"column":48},"end":{"line":50,"column":1}},"line":43},"3":{"name":"(anonymous_3)","decl":{"start":{"line":58,"column":19},"end":{"line":58,"column":20}},"loc":{"start":{"line":58,"column":51},"end":{"line":65,"column":1}},"line":58},"4":{"name":"(anonymous_4)","decl":{"start":{"line":76,"column":34},"end":{"line":76,"column":35}},"loc":{"start":{"line":76,"column":66},"end":{"line":90,"column":1}},"line":76},"5":{"name":"(anonymous_5)","decl":{"start":{"line":80,"column":40},"end":{"line":80,"column":41}},"loc":{"start":{"line":80,"column":47},"end":{"line":80,"column":54}},"line":80},"6":{"name":"(anonymous_6)","decl":{"start":{"line":98,"column":35},"end":{"line":98,"column":36}},"loc":{"start":{"line":98,"column":67},"end":{"line":105,"column":1}},"line":98}},"branchMap":{"0":{"loc":{"start":{"line":26,"column":4},"end":{"line":29,"column":5}},"type":"if","locations":[{"start":{"line":26,"column":4},"end":{"line":29,"column":5}},{"start":{"line":26,"column":4},"end":{"line":29,"column":5}}],"line":26},"1":{"loc":{"start":{"line":79,"column":4},"end":{"line":82,"column":5}},"type":"if","locations":[{"start":{"line":79,"column":4},"end":{"line":82,"column":5}},{"start":{"line":79,"column":4},"end":{"line":82,"column":5}}],"line":79}},"s":{"0":6,"1":6,"2":6,"3":6,"4":6,"5":6,"6":6,"7":6,"8":3,"9":3,"10":3,"11":2,"12":2,"13":2,"14":1,"15":1,"16":2,"17":6,"18":1,"19":1,"20":1,"21":0,"22":6,"23":2,"24":2,"25":1,"26":1,"27":6,"28":3,"29":3,"30":3,"31":1,"32":1,"33":1,"34":2,"35":1,"36":1,"37":2,"38":6,"39":2,"40":2,"41":1,"42":1,"43":6},"f":{"0":3,"1":2,"2":1,"3":2,"4":3,"5":1,"6":2},"b":{"0":[2,1],"1":[1,2]},"_coverageSchema":"1a1c01bbd47fc00a2c39e90264f33305004495a9","hash":"e6e00c3ed7879c84e58806d3eda6b437ef698b20"}
,"/home/jpendy/springboard/ayc-back/routes/team.js": {"path":"/home/jpendy/springboard/ayc-back/routes/team.js","statementMap":{"0":{"start":{"line":5,"column":19},"end":{"line":5,"column":40}},"1":{"start":{"line":6,"column":16},"end":{"line":6,"column":34}},"2":{"start":{"line":7,"column":15},"end":{"line":7,"column":42}},"3":{"start":{"line":8,"column":20},"end":{"line":8,"column":49}},"4":{"start":{"line":9,"column":28},"end":{"line":9,"column":54}},"5":{"start":{"line":10,"column":24},"end":{"line":10,"column":53}},"6":{"start":{"line":12,"column":24},"end":{"line":12,"column":60}},"7":{"start":{"line":13,"column":27},"end":{"line":13,"column":66}},"8":{"start":{"line":15,"column":15},"end":{"line":15,"column":31}},"9":{"start":{"line":25,"column":0},"end":{"line":37,"column":3}},"10":{"start":{"line":26,"column":2},"end":{"line":36,"column":3}},"11":{"start":{"line":27,"column":22},"end":{"line":27,"column":68}},"12":{"start":{"line":28,"column":4},"end":{"line":31,"column":5}},"13":{"start":{"line":29,"column":19},"end":{"line":29,"column":55}},"14":{"start":{"line":29,"column":47},"end":{"line":29,"column":54}},"15":{"start":{"line":30,"column":6},"end":{"line":30,"column":38}},"16":{"start":{"line":32,"column":19},"end":{"line":32,"column":51}},"17":{"start":{"line":33,"column":4},"end":{"line":33,"column":44}},"18":{"start":{"line":35,"column":4},"end":{"line":35,"column":21}},"19":{"start":{"line":45,"column":0},"end":{"line":52,"column":3}},"20":{"start":{"line":46,"column":2},"end":{"line":51,"column":3}},"21":{"start":{"line":47,"column":17},"end":{"line":47,"column":39}},"22":{"start":{"line":48,"column":4},"end":{"line":48,"column":30}},"23":{"start":{"line":50,"column":4},"end":{"line":50,"column":21}},"24":{"start":{"line":60,"column":0},"end":{"line":69,"column":3}},"25":{"start":{"line":61,"column":2},"end":{"line":68,"column":3}},"26":{"start":{"line":62,"column":26},"end":{"line":62,"column":50}},"27":{"start":{"line":64,"column":19},"end":{"line":64,"column":50}},"28":{"start":{"line":65,"column":4},"end":{"line":65,"column":32}},"29":{"start":{"line":67,"column":4},"end":{"line":67,"column":21}},"30":{"start":{"line":77,"column":0},"end":{"line":91,"column":3}},"31":{"start":{"line":78,"column":2},"end":{"line":90,"column":3}},"32":{"start":{"line":79,"column":22},"end":{"line":79,"column":71}},"33":{"start":{"line":80,"column":4},"end":{"line":83,"column":5}},"34":{"start":{"line":81,"column":19},"end":{"line":81,"column":55}},"35":{"start":{"line":81,"column":47},"end":{"line":81,"column":54}},"36":{"start":{"line":82,"column":6},"end":{"line":82,"column":38}},"37":{"start":{"line":85,"column":26},"end":{"line":85,"column":50}},"38":{"start":{"line":86,"column":19},"end":{"line":86,"column":63}},"39":{"start":{"line":87,"column":4},"end":{"line":87,"column":32}},"40":{"start":{"line":89,"column":4},"end":{"line":89,"column":21}},"41":{"start":{"line":97,"column":0},"end":{"line":105,"column":3}},"42":{"start":{"line":98,"column":2},"end":{"line":104,"column":3}},"43":{"start":{"line":99,"column":26},"end":{"line":99,"column":50}},"44":{"start":{"line":100,"column":4},"end":{"line":100,"column":39}},"45":{"start":{"line":101,"column":4},"end":{"line":101,"column":48}},"46":{"start":{"line":103,"column":4},"end":{"line":103,"column":21}},"47":{"start":{"line":107,"column":0},"end":{"line":107,"column":24}}},"fnMap":{"0":{"name":"(anonymous_0)","decl":{"start":{"line":25,"column":30},"end":{"line":25,"column":31}},"loc":{"start":{"line":25,"column":62},"end":{"line":37,"column":1}},"line":25},"1":{"name":"(anonymous_1)","decl":{"start":{"line":29,"column":40},"end":{"line":29,"column":41}},"loc":{"start":{"line":29,"column":47},"end":{"line":29,"column":54}},"line":29},"2":{"name":"(anonymous_2)","decl":{"start":{"line":45,"column":16},"end":{"line":45,"column":17}},"loc":{"start":{"line":45,"column":48},"end":{"line":52,"column":1}},"line":45},"3":{"name":"(anonymous_3)","decl":{"start":{"line":60,"column":21},"end":{"line":60,"column":22}},"loc":{"start":{"line":60,"column":53},"end":{"line":69,"column":1}},"line":60},"4":{"name":"(anonymous_4)","decl":{"start":{"line":77,"column":36},"end":{"line":77,"column":37}},"loc":{"start":{"line":77,"column":68},"end":{"line":91,"column":1}},"line":77},"5":{"name":"(anonymous_5)","decl":{"start":{"line":81,"column":40},"end":{"line":81,"column":41}},"loc":{"start":{"line":81,"column":47},"end":{"line":81,"column":54}},"line":81},"6":{"name":"(anonymous_6)","decl":{"start":{"line":97,"column":37},"end":{"line":97,"column":38}},"loc":{"start":{"line":97,"column":69},"end":{"line":105,"column":1}},"line":97}},"branchMap":{"0":{"loc":{"start":{"line":28,"column":4},"end":{"line":31,"column":5}},"type":"if","locations":[{"start":{"line":28,"column":4},"end":{"line":31,"column":5}},{"start":{"line":28,"column":4},"end":{"line":31,"column":5}}],"line":28},"1":{"loc":{"start":{"line":80,"column":4},"end":{"line":83,"column":5}},"type":"if","locations":[{"start":{"line":80,"column":4},"end":{"line":83,"column":5}},{"start":{"line":80,"column":4},"end":{"line":83,"column":5}}],"line":80}},"s":{"0":6,"1":6,"2":6,"3":6,"4":6,"5":6,"6":6,"7":6,"8":6,"9":6,"10":4,"11":4,"12":4,"13":2,"14":2,"15":2,"16":2,"17":2,"18":2,"19":6,"20":1,"21":1,"22":1,"23":0,"24":6,"25":2,"26":2,"27":2,"28":1,"29":1,"30":6,"31":3,"32":3,"33":3,"34":1,"35":1,"36":1,"37":2,"38":2,"39":1,"40":2,"41":6,"42":2,"43":2,"44":2,"45":1,"46":1,"47":6},"f":{"0":4,"1":2,"2":1,"3":2,"4":3,"5":1,"6":2},"b":{"0":[2,2],"1":[1,2]},"_coverageSchema":"1a1c01bbd47fc00a2c39e90264f33305004495a9","hash":"803dddaec62c939f64d9958d92c48829e8772136"}
,"/home/jpendy/springboard/ayc-back/routes/videos.js": {"path":"/home/jpendy/springboard/ayc-back/routes/videos.js","statementMap":{"0":{"start":{"line":5,"column":19},"end":{"line":5,"column":40}},"1":{"start":{"line":6,"column":16},"end":{"line":6,"column":34}},"2":{"start":{"line":8,"column":28},"end":{"line":8,"column":54}},"3":{"start":{"line":9,"column":24},"end":{"line":9,"column":53}},"4":{"start":{"line":10,"column":14},"end":{"line":10,"column":40}},"5":{"start":{"line":12,"column":23},"end":{"line":12,"column":58}},"6":{"start":{"line":13,"column":26},"end":{"line":13,"column":64}},"7":{"start":{"line":15,"column":15},"end":{"line":15,"column":31}},"8":{"start":{"line":24,"column":0},"end":{"line":36,"column":3}},"9":{"start":{"line":25,"column":2},"end":{"line":35,"column":3}},"10":{"start":{"line":26,"column":22},"end":{"line":26,"column":67}},"11":{"start":{"line":27,"column":4},"end":{"line":30,"column":5}},"12":{"start":{"line":28,"column":19},"end":{"line":28,"column":55}},"13":{"start":{"line":28,"column":47},"end":{"line":28,"column":54}},"14":{"start":{"line":29,"column":6},"end":{"line":29,"column":38}},"15":{"start":{"line":31,"column":18},"end":{"line":31,"column":43}},"16":{"start":{"line":32,"column":4},"end":{"line":32,"column":43}},"17":{"start":{"line":34,"column":4},"end":{"line":34,"column":21}},"18":{"start":{"line":44,"column":0},"end":{"line":56,"column":3}},"19":{"start":{"line":45,"column":2},"end":{"line":55,"column":3}},"20":{"start":{"line":46,"column":4},"end":{"line":52,"column":5}},"21":{"start":{"line":47,"column":21},"end":{"line":47,"column":55}},"22":{"start":{"line":48,"column":6},"end":{"line":48,"column":34}},"23":{"start":{"line":50,"column":21},"end":{"line":50,"column":42}},"24":{"start":{"line":51,"column":6},"end":{"line":51,"column":34}},"25":{"start":{"line":54,"column":4},"end":{"line":54,"column":21}},"26":{"start":{"line":64,"column":0},"end":{"line":71,"column":3}},"27":{"start":{"line":65,"column":2},"end":{"line":70,"column":3}},"28":{"start":{"line":66,"column":18},"end":{"line":66,"column":48}},"29":{"start":{"line":67,"column":4},"end":{"line":67,"column":31}},"30":{"start":{"line":69,"column":4},"end":{"line":69,"column":21}},"31":{"start":{"line":80,"column":0},"end":{"line":93,"column":3}},"32":{"start":{"line":81,"column":2},"end":{"line":92,"column":3}},"33":{"start":{"line":82,"column":22},"end":{"line":82,"column":70}},"34":{"start":{"line":83,"column":4},"end":{"line":86,"column":5}},"35":{"start":{"line":84,"column":19},"end":{"line":84,"column":55}},"36":{"start":{"line":84,"column":47},"end":{"line":84,"column":54}},"37":{"start":{"line":85,"column":6},"end":{"line":85,"column":38}},"38":{"start":{"line":88,"column":18},"end":{"line":88,"column":61}},"39":{"start":{"line":89,"column":4},"end":{"line":89,"column":31}},"40":{"start":{"line":91,"column":4},"end":{"line":91,"column":21}},"41":{"start":{"line":101,"column":0},"end":{"line":108,"column":3}},"42":{"start":{"line":102,"column":2},"end":{"line":107,"column":3}},"43":{"start":{"line":103,"column":4},"end":{"line":103,"column":38}},"44":{"start":{"line":104,"column":4},"end":{"line":104,"column":68}},"45":{"start":{"line":106,"column":4},"end":{"line":106,"column":21}},"46":{"start":{"line":116,"column":0},"end":{"line":124,"column":3}},"47":{"start":{"line":117,"column":2},"end":{"line":123,"column":3}},"48":{"start":{"line":118,"column":19},"end":{"line":118,"column":71}},"49":{"start":{"line":119,"column":21},"end":{"line":119,"column":52}},"50":{"start":{"line":120,"column":4},"end":{"line":120,"column":34}},"51":{"start":{"line":122,"column":4},"end":{"line":122,"column":21}},"52":{"start":{"line":132,"column":0},"end":{"line":142,"column":3}},"53":{"start":{"line":133,"column":2},"end":{"line":141,"column":3}},"54":{"start":{"line":134,"column":19},"end":{"line":134,"column":71}},"55":{"start":{"line":135,"column":4},"end":{"line":135,"column":39}},"56":{"start":{"line":136,"column":4},"end":{"line":138,"column":7}},"57":{"start":{"line":140,"column":4},"end":{"line":140,"column":21}},"58":{"start":{"line":144,"column":0},"end":{"line":144,"column":24}}},"fnMap":{"0":{"name":"(anonymous_0)","decl":{"start":{"line":24,"column":30},"end":{"line":24,"column":31}},"loc":{"start":{"line":24,"column":62},"end":{"line":36,"column":1}},"line":24},"1":{"name":"(anonymous_1)","decl":{"start":{"line":28,"column":40},"end":{"line":28,"column":41}},"loc":{"start":{"line":28,"column":47},"end":{"line":28,"column":54}},"line":28},"2":{"name":"(anonymous_2)","decl":{"start":{"line":44,"column":16},"end":{"line":44,"column":17}},"loc":{"start":{"line":44,"column":48},"end":{"line":56,"column":1}},"line":44},"3":{"name":"(anonymous_3)","decl":{"start":{"line":64,"column":19},"end":{"line":64,"column":20}},"loc":{"start":{"line":64,"column":51},"end":{"line":71,"column":1}},"line":64},"4":{"name":"(anonymous_4)","decl":{"start":{"line":80,"column":34},"end":{"line":80,"column":35}},"loc":{"start":{"line":80,"column":66},"end":{"line":93,"column":1}},"line":80},"5":{"name":"(anonymous_5)","decl":{"start":{"line":84,"column":40},"end":{"line":84,"column":41}},"loc":{"start":{"line":84,"column":47},"end":{"line":84,"column":54}},"line":84},"6":{"name":"(anonymous_6)","decl":{"start":{"line":101,"column":35},"end":{"line":101,"column":36}},"loc":{"start":{"line":101,"column":67},"end":{"line":108,"column":1}},"line":101},"7":{"name":"(anonymous_7)","decl":{"start":{"line":116,"column":37},"end":{"line":116,"column":38}},"loc":{"start":{"line":116,"column":69},"end":{"line":124,"column":1}},"line":116},"8":{"name":"(anonymous_8)","decl":{"start":{"line":132,"column":39},"end":{"line":132,"column":40}},"loc":{"start":{"line":132,"column":71},"end":{"line":142,"column":1}},"line":132}},"branchMap":{"0":{"loc":{"start":{"line":27,"column":4},"end":{"line":30,"column":5}},"type":"if","locations":[{"start":{"line":27,"column":4},"end":{"line":30,"column":5}},{"start":{"line":27,"column":4},"end":{"line":30,"column":5}}],"line":27},"1":{"loc":{"start":{"line":46,"column":4},"end":{"line":52,"column":5}},"type":"if","locations":[{"start":{"line":46,"column":4},"end":{"line":52,"column":5}},{"start":{"line":46,"column":4},"end":{"line":52,"column":5}}],"line":46},"2":{"loc":{"start":{"line":83,"column":4},"end":{"line":86,"column":5}},"type":"if","locations":[{"start":{"line":83,"column":4},"end":{"line":86,"column":5}},{"start":{"line":83,"column":4},"end":{"line":86,"column":5}}],"line":83}},"s":{"0":6,"1":6,"2":6,"3":6,"4":6,"5":6,"6":6,"7":6,"8":6,"9":5,"10":5,"11":5,"12":3,"13":3,"14":3,"15":2,"16":2,"17":3,"18":6,"19":2,"20":2,"21":1,"22":1,"23":1,"24":1,"25":0,"26":6,"27":2,"28":2,"29":1,"30":1,"31":6,"32":2,"33":2,"34":2,"35":0,"36":0,"37":0,"38":2,"39":1,"40":1,"41":6,"42":2,"43":2,"44":1,"45":1,"46":6,"47":3,"48":3,"49":3,"50":1,"51":2,"52":6,"53":3,"54":3,"55":3,"56":1,"57":2,"58":6},"f":{"0":5,"1":3,"2":2,"3":2,"4":2,"5":0,"6":2,"7":3,"8":3},"b":{"0":[3,2],"1":[1,1],"2":[0,2]},"_coverageSchema":"1a1c01bbd47fc00a2c39e90264f33305004495a9","hash":"1a824861778ed9c577db0c22dac86e716b1f8019"}
}
