{"/home/jpendy/springboard/ayc-back/app.js": {"path":"/home/jpendy/springboard/ayc-back/app.js","statementMap":{"0":{"start":{"line":5,"column":16},"end":{"line":5,"column":34}},"1":{"start":{"line":6,"column":13},"end":{"line":6,"column":28}},"2":{"start":{"line":8,"column":26},"end":{"line":8,"column":51}},"3":{"start":{"line":10,"column":28},"end":{"line":10,"column":56}},"4":{"start":{"line":11,"column":19},"end":{"line":11,"column":43}},"5":{"start":{"line":12,"column":19},"end":{"line":12,"column":43}},"6":{"start":{"line":13,"column":24},"end":{"line":13,"column":53}},"7":{"start":{"line":15,"column":12},"end":{"line":15,"column":21}},"8":{"start":{"line":17,"column":0},"end":{"line":17,"column":16}},"9":{"start":{"line":18,"column":0},"end":{"line":18,"column":24}},"10":{"start":{"line":19,"column":0},"end":{"line":19,"column":25}},"11":{"start":{"line":21,"column":0},"end":{"line":21,"column":29}},"12":{"start":{"line":22,"column":0},"end":{"line":22,"column":29}},"13":{"start":{"line":23,"column":0},"end":{"line":23,"column":39}},"14":{"start":{"line":26,"column":0},"end":{"line":28,"column":3}},"15":{"start":{"line":27,"column":2},"end":{"line":27,"column":35}},"16":{"start":{"line":31,"column":0},"end":{"line":39,"column":3}},"17":{"start":{"line":32,"column":2},"end":{"line":32,"column":64}},"18":{"start":{"line":32,"column":39},"end":{"line":32,"column":64}},"19":{"start":{"line":33,"column":17},"end":{"line":33,"column":34}},"20":{"start":{"line":34,"column":18},"end":{"line":34,"column":29}},"21":{"start":{"line":36,"column":2},"end":{"line":38,"column":5}},"22":{"start":{"line":41,"column":0},"end":{"line":41,"column":21}}},"fnMap":{"0":{"name":"(anonymous_0)","decl":{"start":{"line":26,"column":8},"end":{"line":26,"column":9}},"loc":{"start":{"line":26,"column":34},"end":{"line":28,"column":1}},"line":26},"1":{"name":"(anonymous_1)","decl":{"start":{"line":31,"column":8},"end":{"line":31,"column":9}},"loc":{"start":{"line":31,"column":39},"end":{"line":39,"column":1}},"line":31}},"branchMap":{"0":{"loc":{"start":{"line":32,"column":2},"end":{"line":32,"column":64}},"type":"if","locations":[{"start":{"line":32,"column":2},"end":{"line":32,"column":64}},{"start":{"line":32,"column":2},"end":{"line":32,"column":64}}],"line":32},"1":{"loc":{"start":{"line":33,"column":17},"end":{"line":33,"column":34}},"type":"binary-expr","locations":[{"start":{"line":33,"column":17},"end":{"line":33,"column":27}},{"start":{"line":33,"column":31},"end":{"line":33,"column":34}}],"line":33}},"s":{"0":4,"1":4,"2":4,"3":4,"4":4,"5":4,"6":4,"7":4,"8":4,"9":4,"10":4,"11":4,"12":4,"13":4,"14":4,"15":2,"16":4,"17":13,"18":1,"19":13,"20":13,"21":13,"22":4},"f":{"0":2,"1":13},"b":{"0":[1,12],"1":[13,0]},"_coverageSchema":"1a1c01bbd47fc00a2c39e90264f33305004495a9","hash":"a26444832634dab560eca46a352e7f3b32db0b28"}
,"/home/jpendy/springboard/ayc-back/config.js": {"path":"/home/jpendy/springboard/ayc-back/config.js","statementMap":{"0":{"start":{"line":4,"column":0},"end":{"line":4,"column":27}},"1":{"start":{"line":5,"column":0},"end":{"line":5,"column":18}},"2":{"start":{"line":7,"column":19},"end":{"line":7,"column":57}},"3":{"start":{"line":9,"column":13},"end":{"line":9,"column":38}},"4":{"start":{"line":13,"column":2},"end":{"line":15,"column":42}},"5":{"start":{"line":19,"column":27},"end":{"line":19,"column":67}},"6":{"start":{"line":21,"column":0},"end":{"line":21,"column":33}},"7":{"start":{"line":22,"column":0},"end":{"line":22,"column":46}},"8":{"start":{"line":23,"column":0},"end":{"line":23,"column":45}},"9":{"start":{"line":24,"column":0},"end":{"line":24,"column":61}},"10":{"start":{"line":25,"column":0},"end":{"line":25,"column":50}},"11":{"start":{"line":26,"column":0},"end":{"line":26,"column":19}},"12":{"start":{"line":28,"column":0},"end":{"line":33,"column":2}}},"fnMap":{"0":{"name":"getDatabaseUri","decl":{"start":{"line":12,"column":9},"end":{"line":12,"column":23}},"loc":{"start":{"line":12,"column":26},"end":{"line":16,"column":1}},"line":12}},"branchMap":{"0":{"loc":{"start":{"line":7,"column":19},"end":{"line":7,"column":57}},"type":"binary-expr","locations":[{"start":{"line":7,"column":19},"end":{"line":7,"column":41}},{"start":{"line":7,"column":45},"end":{"line":7,"column":57}}],"line":7},"1":{"loc":{"start":{"line":9,"column":13},"end":{"line":9,"column":38}},"type":"binary-expr","locations":[{"start":{"line":9,"column":13},"end":{"line":9,"column":30}},{"start":{"line":9,"column":34},"end":{"line":9,"column":38}}],"line":9},"2":{"loc":{"start":{"line":13,"column":9},"end":{"line":15,"column":41}},"type":"cond-expr","locations":[{"start":{"line":14,"column":6},"end":{"line":14,"column":16}},{"start":{"line":15,"column":6},"end":{"line":15,"column":41}}],"line":13},"3":{"loc":{"start":{"line":15,"column":6},"end":{"line":15,"column":41}},"type":"binary-expr","locations":[{"start":{"line":15,"column":6},"end":{"line":15,"column":30}},{"start":{"line":15,"column":34},"end":{"line":15,"column":41}}],"line":15},"4":{"loc":{"start":{"line":19,"column":27},"end":{"line":19,"column":67}},"type":"cond-expr","locations":[{"start":{"line":19,"column":61},"end":{"line":19,"column":62}},{"start":{"line":19,"column":65},"end":{"line":19,"column":67}}],"line":19}},"s":{"0":12,"1":12,"2":12,"3":12,"4":24,"5":12,"6":12,"7":12,"8":12,"9":12,"10":12,"11":12,"12":12},"f":{"0":24},"b":{"0":[12,11],"1":[12,11],"2":[21,3],"3":[3,1],"4":[11,1]},"_coverageSchema":"1a1c01bbd47fc00a2c39e90264f33305004495a9","hash":"9d8c959cc3a85211ca6e1035bed64b73dd6678b5"}
,"/home/jpendy/springboard/ayc-back/db.js": {"path":"/home/jpendy/springboard/ayc-back/db.js","statementMap":{"0":{"start":{"line":4,"column":19},"end":{"line":4,"column":32}},"1":{"start":{"line":5,"column":27},"end":{"line":5,"column":46}},"2":{"start":{"line":9,"column":0},"end":{"line":20,"column":1}},"3":{"start":{"line":10,"column":2},"end":{"line":15,"column":5}},"4":{"start":{"line":17,"column":2},"end":{"line":19,"column":5}},"5":{"start":{"line":22,"column":0},"end":{"line":22,"column":13}},"6":{"start":{"line":24,"column":0},"end":{"line":24,"column":20}}},"fnMap":{},"branchMap":{"0":{"loc":{"start":{"line":9,"column":0},"end":{"line":20,"column":1}},"type":"if","locations":[{"start":{"line":9,"column":0},"end":{"line":20,"column":1}},{"start":{"line":9,"column":0},"end":{"line":20,"column":1}}],"line":9}},"s":{"0":9,"1":9,"2":9,"3":0,"4":9,"5":9,"6":9},"f":{},"b":{"0":[0,9]},"_coverageSchema":"1a1c01bbd47fc00a2c39e90264f33305004495a9","hash":"2babf7f96d1d2841ee610ab628ec5fa636323db0"}
,"/home/jpendy/springboard/ayc-back/expressError.js": {"path":"/home/jpendy/springboard/ayc-back/expressError.js","statementMap":{"0":{"start":{"line":9,"column":4},"end":{"line":9,"column":12}},"1":{"start":{"line":10,"column":4},"end":{"line":10,"column":27}},"2":{"start":{"line":11,"column":4},"end":{"line":11,"column":25}},"3":{"start":{"line":19,"column":4},"end":{"line":19,"column":24}},"4":{"start":{"line":27,"column":4},"end":{"line":27,"column":24}},"5":{"start":{"line":35,"column":4},"end":{"line":35,"column":24}},"6":{"start":{"line":43,"column":4},"end":{"line":43,"column":24}},"7":{"start":{"line":47,"column":0},"end":{"line":53,"column":2}}},"fnMap":{"0":{"name":"(anonymous_0)","decl":{"start":{"line":8,"column":2},"end":{"line":8,"column":3}},"loc":{"start":{"line":8,"column":31},"end":{"line":12,"column":3}},"line":8},"1":{"name":"(anonymous_1)","decl":{"start":{"line":18,"column":2},"end":{"line":18,"column":3}},"loc":{"start":{"line":18,"column":44},"end":{"line":20,"column":3}},"line":18},"2":{"name":"(anonymous_2)","decl":{"start":{"line":26,"column":2},"end":{"line":26,"column":3}},"loc":{"start":{"line":26,"column":40},"end":{"line":28,"column":3}},"line":26},"3":{"name":"(anonymous_3)","decl":{"start":{"line":34,"column":2},"end":{"line":34,"column":3}},"loc":{"start":{"line":34,"column":39},"end":{"line":36,"column":3}},"line":34},"4":{"name":"(anonymous_4)","decl":{"start":{"line":42,"column":2},"end":{"line":42,"column":3}},"loc":{"start":{"line":42,"column":39},"end":{"line":44,"column":3}},"line":42}},"branchMap":{"0":{"loc":{"start":{"line":18,"column":14},"end":{"line":18,"column":42}},"type":"default-arg","locations":[{"start":{"line":18,"column":24},"end":{"line":18,"column":42}}],"line":18},"1":{"loc":{"start":{"line":26,"column":14},"end":{"line":26,"column":38}},"type":"default-arg","locations":[{"start":{"line":26,"column":24},"end":{"line":26,"column":38}}],"line":26},"2":{"loc":{"start":{"line":34,"column":14},"end":{"line":34,"column":37}},"type":"default-arg","locations":[{"start":{"line":34,"column":24},"end":{"line":34,"column":37}}],"line":34},"3":{"loc":{"start":{"line":42,"column":14},"end":{"line":42,"column":37}},"type":"default-arg","locations":[{"start":{"line":42,"column":24},"end":{"line":42,"column":37}}],"line":42}},"s":{"0":34,"1":34,"2":34,"3":20,"4":7,"5":7,"6":0,"7":11},"f":{"0":34,"1":20,"2":7,"3":7,"4":0},"b":{"0":[2],"1":[5],"2":[0],"3":[0]},"_coverageSchema":"1a1c01bbd47fc00a2c39e90264f33305004495a9","hash":"4c404f7209f4a2d8dd23ede4d5e0b42b50d28b42"}
,"/home/jpendy/springboard/ayc-back/helpers/sql.js": {"path":"/home/jpendy/springboard/ayc-back/helpers/sql.js","statementMap":{"0":{"start":{"line":1,"column":28},"end":{"line":1,"column":54}},"1":{"start":{"line":5,"column":15},"end":{"line":5,"column":40}},"2":{"start":{"line":6,"column":2},"end":{"line":6,"column":62}},"3":{"start":{"line":6,"column":25},"end":{"line":6,"column":62}},"4":{"start":{"line":9,"column":15},"end":{"line":11,"column":3}},"5":{"start":{"line":10,"column":22},"end":{"line":10,"column":68}},"6":{"start":{"line":13,"column":2},"end":{"line":16,"column":4}},"7":{"start":{"line":19,"column":0},"end":{"line":19,"column":41}}},"fnMap":{"0":{"name":"sqlForPartialUpdate","decl":{"start":{"line":4,"column":9},"end":{"line":4,"column":28}},"loc":{"start":{"line":4,"column":52},"end":{"line":17,"column":1}},"line":4},"1":{"name":"(anonymous_1)","decl":{"start":{"line":10,"column":4},"end":{"line":10,"column":5}},"loc":{"start":{"line":10,"column":22},"end":{"line":10,"column":68}},"line":10}},"branchMap":{"0":{"loc":{"start":{"line":6,"column":2},"end":{"line":6,"column":62}},"type":"if","locations":[{"start":{"line":6,"column":2},"end":{"line":6,"column":62}},{"start":{"line":6,"column":2},"end":{"line":6,"column":62}}],"line":6},"1":{"loc":{"start":{"line":10,"column":26},"end":{"line":10,"column":53}},"type":"binary-expr","locations":[{"start":{"line":10,"column":26},"end":{"line":10,"column":42}},{"start":{"line":10,"column":46},"end":{"line":10,"column":53}}],"line":10}},"s":{"0":10,"1":18,"2":18,"3":3,"4":15,"5":35,"6":15,"7":10},"f":{"0":18,"1":35},"b":{"0":[3,15],"1":[35,25]},"_coverageSchema":"1a1c01bbd47fc00a2c39e90264f33305004495a9","hash":"2457ae0070e72f6d1a834146ff7a21f0051bf157"}
,"/home/jpendy/springboard/ayc-back/helpers/toTitle.js": {"path":"/home/jpendy/springboard/ayc-back/helpers/toTitle.js","statementMap":{"0":{"start":{"line":4,"column":2},"end":{"line":9,"column":15}},"1":{"start":{"line":7,"column":6},"end":{"line":7,"column":60}},"2":{"start":{"line":12,"column":0},"end":{"line":12,"column":29}}},"fnMap":{"0":{"name":"toTitle","decl":{"start":{"line":3,"column":9},"end":{"line":3,"column":16}},"loc":{"start":{"line":3,"column":25},"end":{"line":10,"column":1}},"line":3},"1":{"name":"(anonymous_1)","decl":{"start":{"line":6,"column":9},"end":{"line":6,"column":10}},"loc":{"start":{"line":6,"column":19},"end":{"line":8,"column":5}},"line":6}},"branchMap":{},"s":{"0":7,"1":11,"2":5},"f":{"0":7,"1":11},"b":{},"_coverageSchema":"1a1c01bbd47fc00a2c39e90264f33305004495a9","hash":"7e9164e833fb1d2833dd8acb404b1fcfe617be84"}
,"/home/jpendy/springboard/ayc-back/helpers/tokens.js": {"path":"/home/jpendy/springboard/ayc-back/helpers/tokens.js","statementMap":{"0":{"start":{"line":1,"column":12},"end":{"line":1,"column":35}},"1":{"start":{"line":2,"column":23},"end":{"line":2,"column":43}},"2":{"start":{"line":12,"column":16},"end":{"line":14,"column":3}},"3":{"start":{"line":16,"column":2},"end":{"line":16,"column":39}},"4":{"start":{"line":19,"column":0},"end":{"line":19,"column":33}}},"fnMap":{"0":{"name":"createToken","decl":{"start":{"line":6,"column":9},"end":{"line":6,"column":20}},"loc":{"start":{"line":6,"column":28},"end":{"line":17,"column":1}},"line":6}},"branchMap":{},"s":{"0":5,"1":5,"2":8,"3":8,"4":5},"f":{"0":8},"b":{},"_coverageSchema":"1a1c01bbd47fc00a2c39e90264f33305004495a9","hash":"de57797c3007d5e02250fa9e7218e1e134bd2768"}
,"/home/jpendy/springboard/ayc-back/middleware/auth.js": {"path":"/home/jpendy/springboard/ayc-back/middleware/auth.js","statementMap":{"0":{"start":{"line":5,"column":12},"end":{"line":5,"column":35}},"1":{"start":{"line":6,"column":23},"end":{"line":6,"column":43}},"2":{"start":{"line":7,"column":30},"end":{"line":7,"column":56}},"3":{"start":{"line":13,"column":2},"end":{"line":23,"column":3}},"4":{"start":{"line":14,"column":23},"end":{"line":14,"column":63}},"5":{"start":{"line":16,"column":4},"end":{"line":19,"column":5}},"6":{"start":{"line":17,"column":20},"end":{"line":17,"column":64}},"7":{"start":{"line":18,"column":6},"end":{"line":18,"column":54}},"8":{"start":{"line":20,"column":4},"end":{"line":20,"column":18}},"9":{"start":{"line":22,"column":4},"end":{"line":22,"column":18}},"10":{"start":{"line":27,"column":2},"end":{"line":32,"column":3}},"11":{"start":{"line":28,"column":4},"end":{"line":28,"column":56}},"12":{"start":{"line":28,"column":26},"end":{"line":28,"column":56}},"13":{"start":{"line":29,"column":4},"end":{"line":29,"column":18}},"14":{"start":{"line":31,"column":4},"end":{"line":31,"column":21}},"15":{"start":{"line":35,"column":0},"end":{"line":38,"column":2}}},"fnMap":{"0":{"name":"authenticateJWT","decl":{"start":{"line":12,"column":9},"end":{"line":12,"column":24}},"loc":{"start":{"line":12,"column":41},"end":{"line":24,"column":1}},"line":12},"1":{"name":"ensureAdmin","decl":{"start":{"line":26,"column":9},"end":{"line":26,"column":20}},"loc":{"start":{"line":26,"column":37},"end":{"line":33,"column":1}},"line":26}},"branchMap":{"0":{"loc":{"start":{"line":14,"column":23},"end":{"line":14,"column":63}},"type":"binary-expr","locations":[{"start":{"line":14,"column":23},"end":{"line":14,"column":34}},{"start":{"line":14,"column":38},"end":{"line":14,"column":63}}],"line":14},"1":{"loc":{"start":{"line":16,"column":4},"end":{"line":19,"column":5}},"type":"if","locations":[{"start":{"line":16,"column":4},"end":{"line":19,"column":5}},{"start":{"line":16,"column":4},"end":{"line":19,"column":5}}],"line":16},"2":{"loc":{"start":{"line":28,"column":4},"end":{"line":28,"column":56}},"type":"if","locations":[{"start":{"line":28,"column":4},"end":{"line":28,"column":56}},{"start":{"line":28,"column":4},"end":{"line":28,"column":56}}],"line":28}},"s":{"0":5,"1":5,"2":5,"3":27,"4":27,"5":27,"6":15,"7":15,"8":26,"9":1,"10":18,"11":18,"12":5,"13":13,"14":5,"15":5},"f":{"0":27,"1":18},"b":{"0":[27,26],"1":[15,12],"2":[5,13]},"_coverageSchema":"1a1c01bbd47fc00a2c39e90264f33305004495a9","hash":"0094cd774777bd6dced88e49a2c405f8f6c90ce3"}
,"/home/jpendy/springboard/ayc-back/models/_testCommon.js": {"path":"/home/jpendy/springboard/ayc-back/models/_testCommon.js","statementMap":{"0":{"start":{"line":1,"column":15},"end":{"line":1,"column":32}},"1":{"start":{"line":2,"column":11},"end":{"line":2,"column":30}},"2":{"start":{"line":3,"column":31},"end":{"line":3,"column":51}},"3":{"start":{"line":5,"column":19},"end":{"line":5,"column":21}},"4":{"start":{"line":6,"column":21},"end":{"line":6,"column":23}},"5":{"start":{"line":7,"column":24},"end":{"line":7,"column":26}},"6":{"start":{"line":10,"column":2},"end":{"line":10,"column":37}},"7":{"start":{"line":11,"column":2},"end":{"line":11,"column":42}},"8":{"start":{"line":12,"column":2},"end":{"line":12,"column":37}},"9":{"start":{"line":13,"column":2},"end":{"line":13,"column":39}},"10":{"start":{"line":14,"column":2},"end":{"line":14,"column":39}},"11":{"start":{"line":16,"column":27},"end":{"line":20,"column":16}},"12":{"start":{"line":22,"column":2},"end":{"line":22,"column":74}},"13":{"start":{"line":22,"column":67},"end":{"line":22,"column":71}},"14":{"start":{"line":24,"column":22},"end":{"line":28,"column":6}},"15":{"start":{"line":30,"column":2},"end":{"line":39,"column":4}},"16":{"start":{"line":41,"column":22},"end":{"line":44,"column":16}},"17":{"start":{"line":46,"column":2},"end":{"line":46,"column":64}},"18":{"start":{"line":46,"column":57},"end":{"line":46,"column":61}},"19":{"start":{"line":48,"column":24},"end":{"line":53,"column":17}},"20":{"start":{"line":55,"column":2},"end":{"line":55,"column":68}},"21":{"start":{"line":55,"column":61},"end":{"line":55,"column":65}},"22":{"start":{"line":57,"column":2},"end":{"line":62,"column":4}},"23":{"start":{"line":66,"column":2},"end":{"line":66,"column":26}},"24":{"start":{"line":70,"column":2},"end":{"line":70,"column":29}},"25":{"start":{"line":74,"column":2},"end":{"line":74,"column":17}},"26":{"start":{"line":77,"column":0},"end":{"line":85,"column":2}}},"fnMap":{"0":{"name":"commonBeforeAll","decl":{"start":{"line":9,"column":15},"end":{"line":9,"column":30}},"loc":{"start":{"line":9,"column":33},"end":{"line":63,"column":1}},"line":9},"1":{"name":"(anonymous_1)","decl":{"start":{"line":22,"column":60},"end":{"line":22,"column":61}},"loc":{"start":{"line":22,"column":67},"end":{"line":22,"column":71}},"line":22},"2":{"name":"(anonymous_2)","decl":{"start":{"line":46,"column":50},"end":{"line":46,"column":51}},"loc":{"start":{"line":46,"column":57},"end":{"line":46,"column":61}},"line":46},"3":{"name":"(anonymous_3)","decl":{"start":{"line":55,"column":54},"end":{"line":55,"column":55}},"loc":{"start":{"line":55,"column":61},"end":{"line":55,"column":65}},"line":55},"4":{"name":"commonBeforeEach","decl":{"start":{"line":65,"column":15},"end":{"line":65,"column":31}},"loc":{"start":{"line":65,"column":34},"end":{"line":67,"column":1}},"line":65},"5":{"name":"commonAfterEach","decl":{"start":{"line":69,"column":15},"end":{"line":69,"column":30}},"loc":{"start":{"line":69,"column":33},"end":{"line":71,"column":1}},"line":69},"6":{"name":"commonAfterAll","decl":{"start":{"line":73,"column":15},"end":{"line":73,"column":29}},"loc":{"start":{"line":73,"column":32},"end":{"line":75,"column":1}},"line":73}},"branchMap":{},"s":{"0":5,"1":5,"2":5,"3":5,"4":5,"5":5,"6":5,"7":5,"8":5,"9":5,"10":5,"11":5,"12":5,"13":10,"14":5,"15":5,"16":5,"17":5,"18":15,"19":5,"20":5,"21":15,"22":5,"23":48,"24":48,"25":5,"26":5},"f":{"0":5,"1":10,"2":15,"3":15,"4":48,"5":48,"6":5},"b":{},"_coverageSchema":"1a1c01bbd47fc00a2c39e90264f33305004495a9","hash":"2aef76088f4efeccfa1caf036218f7c7c21d85a5"}
,"/home/jpendy/springboard/ayc-back/models/admin.js": {"path":"/home/jpendy/springboard/ayc-back/models/admin.js","statementMap":{"0":{"start":{"line":3,"column":11},"end":{"line":3,"column":27}},"1":{"start":{"line":4,"column":15},"end":{"line":4,"column":32}},"2":{"start":{"line":5,"column":32},"end":{"line":5,"column":57}},"3":{"start":{"line":10,"column":4},"end":{"line":10,"column":30}},"4":{"start":{"line":12,"column":31},"end":{"line":12,"column":54}},"5":{"start":{"line":25,"column":19},"end":{"line":30,"column":5}},"6":{"start":{"line":32,"column":18},"end":{"line":32,"column":32}},"7":{"start":{"line":34,"column":4},"end":{"line":41,"column":5}},"8":{"start":{"line":36,"column":22},"end":{"line":36,"column":68}},"9":{"start":{"line":37,"column":6},"end":{"line":40,"column":7}},"10":{"start":{"line":38,"column":8},"end":{"line":38,"column":30}},"11":{"start":{"line":39,"column":8},"end":{"line":39,"column":21}},"12":{"start":{"line":43,"column":4},"end":{"line":43,"column":61}},"13":{"start":{"line":47,"column":0},"end":{"line":47,"column":23}}},"fnMap":{"0":{"name":"(anonymous_0)","decl":{"start":{"line":23,"column":2},"end":{"line":23,"column":3}},"loc":{"start":{"line":23,"column":48},"end":{"line":44,"column":3}},"line":23}},"branchMap":{"0":{"loc":{"start":{"line":34,"column":4},"end":{"line":41,"column":5}},"type":"if","locations":[{"start":{"line":34,"column":4},"end":{"line":41,"column":5}},{"start":{"line":34,"column":4},"end":{"line":41,"column":5}}],"line":34},"1":{"loc":{"start":{"line":37,"column":6},"end":{"line":40,"column":7}},"type":"if","locations":[{"start":{"line":37,"column":6},"end":{"line":40,"column":7}},{"start":{"line":37,"column":6},"end":{"line":40,"column":7}}],"line":37}},"s":{"0":5,"1":5,"2":5,"3":5,"4":5,"5":4,"6":4,"7":4,"8":3,"9":3,"10":2,"11":2,"12":2,"13":5},"f":{"0":4},"b":{"0":[3,1],"1":[2,1]},"_coverageSchema":"1a1c01bbd47fc00a2c39e90264f33305004495a9","hash":"f407975c7aa1d6f3e536b7b2b05939da558b5420"}
,"/home/jpendy/springboard/ayc-back/models/customer.js": {"path":"/home/jpendy/springboard/ayc-back/models/customer.js","statementMap":{"0":{"start":{"line":3,"column":21},"end":{"line":3,"column":43}},"1":{"start":{"line":4,"column":11},"end":{"line":4,"column":27}},"2":{"start":{"line":5,"column":43},"end":{"line":5,"column":69}},"3":{"start":{"line":6,"column":32},"end":{"line":6,"column":57}},"4":{"start":{"line":19,"column":27},"end":{"line":24,"column":5}},"5":{"start":{"line":26,"column":4},"end":{"line":27,"column":66}},"6":{"start":{"line":27,"column":6},"end":{"line":27,"column":66}},"7":{"start":{"line":29,"column":19},"end":{"line":35,"column":5}},"8":{"start":{"line":36,"column":21},"end":{"line":36,"column":35}},"9":{"start":{"line":38,"column":4},"end":{"line":38,"column":20}},"10":{"start":{"line":45,"column":18},"end":{"line":47,"column":19}},"11":{"start":{"line":49,"column":24},"end":{"line":49,"column":45}},"12":{"start":{"line":50,"column":4},"end":{"line":50,"column":28}},"13":{"start":{"line":62,"column":24},"end":{"line":73,"column":5}},"14":{"start":{"line":75,"column":4},"end":{"line":76,"column":60}},"15":{"start":{"line":76,"column":6},"end":{"line":76,"column":60}},"16":{"start":{"line":78,"column":4},"end":{"line":78,"column":31}},"17":{"start":{"line":88,"column":32},"end":{"line":88,"column":61}},"18":{"start":{"line":89,"column":21},"end":{"line":89,"column":46}},"19":{"start":{"line":91,"column":21},"end":{"line":98,"column":40}},"20":{"start":{"line":99,"column":19},"end":{"line":99,"column":60}},"21":{"start":{"line":100,"column":21},"end":{"line":100,"column":35}},"22":{"start":{"line":102,"column":4},"end":{"line":102,"column":73}},"23":{"start":{"line":102,"column":19},"end":{"line":102,"column":73}},"24":{"start":{"line":104,"column":4},"end":{"line":104,"column":20}},"25":{"start":{"line":114,"column":19},"end":{"line":120,"column":5}},"26":{"start":{"line":122,"column":21},"end":{"line":122,"column":35}},"27":{"start":{"line":124,"column":4},"end":{"line":124,"column":73}},"28":{"start":{"line":124,"column":19},"end":{"line":124,"column":73}},"29":{"start":{"line":126,"column":4},"end":{"line":126,"column":20}},"30":{"start":{"line":130,"column":0},"end":{"line":130,"column":26}}},"fnMap":{"0":{"name":"(anonymous_0)","decl":{"start":{"line":18,"column":2},"end":{"line":18,"column":3}},"loc":{"start":{"line":18,"column":52},"end":{"line":39,"column":3}},"line":18},"1":{"name":"(anonymous_1)","decl":{"start":{"line":44,"column":2},"end":{"line":44,"column":3}},"loc":{"start":{"line":44,"column":25},"end":{"line":51,"column":3}},"line":44},"2":{"name":"(anonymous_2)","decl":{"start":{"line":61,"column":2},"end":{"line":61,"column":3}},"loc":{"start":{"line":61,"column":23},"end":{"line":79,"column":3}},"line":61},"3":{"name":"(anonymous_3)","decl":{"start":{"line":87,"column":2},"end":{"line":87,"column":3}},"loc":{"start":{"line":87,"column":32},"end":{"line":105,"column":3}},"line":87},"4":{"name":"(anonymous_4)","decl":{"start":{"line":113,"column":2},"end":{"line":113,"column":3}},"loc":{"start":{"line":113,"column":26},"end":{"line":127,"column":3}},"line":113}},"branchMap":{"0":{"loc":{"start":{"line":26,"column":4},"end":{"line":27,"column":66}},"type":"if","locations":[{"start":{"line":26,"column":4},"end":{"line":27,"column":66}},{"start":{"line":26,"column":4},"end":{"line":27,"column":66}}],"line":26},"1":{"loc":{"start":{"line":75,"column":4},"end":{"line":76,"column":60}},"type":"if","locations":[{"start":{"line":75,"column":4},"end":{"line":76,"column":60}},{"start":{"line":75,"column":4},"end":{"line":76,"column":60}}],"line":75},"2":{"loc":{"start":{"line":102,"column":4},"end":{"line":102,"column":73}},"type":"if","locations":[{"start":{"line":102,"column":4},"end":{"line":102,"column":73}},{"start":{"line":102,"column":4},"end":{"line":102,"column":73}}],"line":102},"3":{"loc":{"start":{"line":124,"column":4},"end":{"line":124,"column":73}},"type":"if","locations":[{"start":{"line":124,"column":4},"end":{"line":124,"column":73}},{"start":{"line":124,"column":4},"end":{"line":124,"column":73}}],"line":124}},"s":{"0":5,"1":5,"2":5,"3":5,"4":10,"5":10,"6":1,"7":9,"8":9,"9":9,"10":2,"11":2,"12":2,"13":4,"14":4,"15":2,"16":2,"17":7,"18":6,"19":6,"20":6,"21":6,"22":6,"23":2,"24":4,"25":4,"26":4,"27":4,"28":2,"29":2,"30":5},"f":{"0":10,"1":2,"2":4,"3":7,"4":4},"b":{"0":[1,9],"1":[2,2],"2":[2,4],"3":[2,2]},"_coverageSchema":"1a1c01bbd47fc00a2c39e90264f33305004495a9","hash":"1e403c2d1dbc14827f192959e3a112df6fe1f56c"}
,"/home/jpendy/springboard/ayc-back/models/member.js": {"path":"/home/jpendy/springboard/ayc-back/models/member.js","statementMap":{"0":{"start":{"line":3,"column":11},"end":{"line":3,"column":27}},"1":{"start":{"line":4,"column":43},"end":{"line":4,"column":69}},"2":{"start":{"line":5,"column":32},"end":{"line":5,"column":57}},"3":{"start":{"line":13,"column":27},"end":{"line":18,"column":5}},"4":{"start":{"line":20,"column":4},"end":{"line":22,"column":5}},"5":{"start":{"line":21,"column":6},"end":{"line":21,"column":59}},"6":{"start":{"line":24,"column":19},"end":{"line":32,"column":5}},"7":{"start":{"line":34,"column":19},"end":{"line":34,"column":33}},"8":{"start":{"line":35,"column":4},"end":{"line":35,"column":18}},"9":{"start":{"line":41,"column":19},"end":{"line":49,"column":5}},"10":{"start":{"line":51,"column":4},"end":{"line":51,"column":23}},"11":{"start":{"line":59,"column":22},"end":{"line":67,"column":5}},"12":{"start":{"line":69,"column":19},"end":{"line":69,"column":36}},"13":{"start":{"line":71,"column":4},"end":{"line":71,"column":68}},"14":{"start":{"line":71,"column":17},"end":{"line":71,"column":68}},"15":{"start":{"line":72,"column":4},"end":{"line":72,"column":18}},"16":{"start":{"line":82,"column":32},"end":{"line":86,"column":6}},"17":{"start":{"line":87,"column":25},"end":{"line":87,"column":50}},"18":{"start":{"line":89,"column":21},"end":{"line":95,"column":38}},"19":{"start":{"line":96,"column":19},"end":{"line":96,"column":62}},"20":{"start":{"line":97,"column":19},"end":{"line":97,"column":33}},"21":{"start":{"line":99,"column":4},"end":{"line":99,"column":68}},"22":{"start":{"line":99,"column":17},"end":{"line":99,"column":68}},"23":{"start":{"line":101,"column":4},"end":{"line":101,"column":18}},"24":{"start":{"line":109,"column":19},"end":{"line":115,"column":5}},"25":{"start":{"line":116,"column":19},"end":{"line":116,"column":33}},"26":{"start":{"line":118,"column":4},"end":{"line":118,"column":68}},"27":{"start":{"line":118,"column":17},"end":{"line":118,"column":68}},"28":{"start":{"line":120,"column":4},"end":{"line":120,"column":18}},"29":{"start":{"line":124,"column":0},"end":{"line":124,"column":24}}},"fnMap":{"0":{"name":"(anonymous_0)","decl":{"start":{"line":12,"column":2},"end":{"line":12,"column":3}},"loc":{"start":{"line":12,"column":45},"end":{"line":36,"column":3}},"line":12},"1":{"name":"(anonymous_1)","decl":{"start":{"line":40,"column":2},"end":{"line":40,"column":3}},"loc":{"start":{"line":40,"column":25},"end":{"line":52,"column":3}},"line":40},"2":{"name":"(anonymous_2)","decl":{"start":{"line":58,"column":2},"end":{"line":58,"column":3}},"loc":{"start":{"line":58,"column":25},"end":{"line":73,"column":3}},"line":58},"3":{"name":"(anonymous_3)","decl":{"start":{"line":81,"column":2},"end":{"line":81,"column":3}},"loc":{"start":{"line":81,"column":34},"end":{"line":102,"column":3}},"line":81},"4":{"name":"(anonymous_4)","decl":{"start":{"line":108,"column":2},"end":{"line":108,"column":3}},"loc":{"start":{"line":108,"column":28},"end":{"line":121,"column":3}},"line":108}},"branchMap":{"0":{"loc":{"start":{"line":20,"column":4},"end":{"line":22,"column":5}},"type":"if","locations":[{"start":{"line":20,"column":4},"end":{"line":22,"column":5}},{"start":{"line":20,"column":4},"end":{"line":22,"column":5}}],"line":20},"1":{"loc":{"start":{"line":71,"column":4},"end":{"line":71,"column":68}},"type":"if","locations":[{"start":{"line":71,"column":4},"end":{"line":71,"column":68}},{"start":{"line":71,"column":4},"end":{"line":71,"column":68}}],"line":71},"2":{"loc":{"start":{"line":99,"column":4},"end":{"line":99,"column":68}},"type":"if","locations":[{"start":{"line":99,"column":4},"end":{"line":99,"column":68}},{"start":{"line":99,"column":4},"end":{"line":99,"column":68}}],"line":99},"3":{"loc":{"start":{"line":118,"column":4},"end":{"line":118,"column":68}},"type":"if","locations":[{"start":{"line":118,"column":4},"end":{"line":118,"column":68}},{"start":{"line":118,"column":4},"end":{"line":118,"column":68}}],"line":118}},"s":{"0":6,"1":6,"2":6,"3":8,"4":8,"5":0,"6":8,"7":8,"8":8,"9":2,"10":2,"11":4,"12":4,"13":4,"14":2,"15":2,"16":6,"17":5,"18":5,"19":5,"20":5,"21":5,"22":2,"23":3,"24":4,"25":4,"26":4,"27":2,"28":2,"29":6},"f":{"0":8,"1":2,"2":4,"3":6,"4":4},"b":{"0":[0,8],"1":[2,2],"2":[2,3],"3":[2,2]},"_coverageSchema":"1a1c01bbd47fc00a2c39e90264f33305004495a9","hash":"efdb4e57d8f658f72a87730e3e32e1032f6a5d4a"}
,"/home/jpendy/springboard/ayc-back/models/tag.js": {"path":"/home/jpendy/springboard/ayc-back/models/tag.js","statementMap":{"0":{"start":{"line":3,"column":11},"end":{"line":3,"column":27}},"1":{"start":{"line":4,"column":43},"end":{"line":4,"column":69}},"2":{"start":{"line":5,"column":32},"end":{"line":5,"column":57}},"3":{"start":{"line":15,"column":27},"end":{"line":20,"column":5}},"4":{"start":{"line":22,"column":4},"end":{"line":23,"column":64}},"5":{"start":{"line":23,"column":6},"end":{"line":23,"column":64}},"6":{"start":{"line":25,"column":19},"end":{"line":31,"column":5}},"7":{"start":{"line":32,"column":14},"end":{"line":32,"column":28}},"8":{"start":{"line":34,"column":4},"end":{"line":34,"column":15}},"9":{"start":{"line":38,"column":20},"end":{"line":41,"column":48}},"10":{"start":{"line":43,"column":4},"end":{"line":43,"column":24}},"11":{"start":{"line":47,"column":19},"end":{"line":53,"column":5}},"12":{"start":{"line":55,"column":16},"end":{"line":55,"column":30}},"13":{"start":{"line":57,"column":4},"end":{"line":57,"column":63}},"14":{"start":{"line":57,"column":14},"end":{"line":57,"column":63}},"15":{"start":{"line":59,"column":4},"end":{"line":59,"column":15}},"16":{"start":{"line":63,"column":4},"end":{"line":63,"column":55}},"17":{"start":{"line":63,"column":18},"end":{"line":63,"column":55}},"18":{"start":{"line":64,"column":19},"end":{"line":71,"column":5}},"19":{"start":{"line":73,"column":16},"end":{"line":73,"column":30}},"20":{"start":{"line":75,"column":4},"end":{"line":75,"column":63}},"21":{"start":{"line":75,"column":14},"end":{"line":75,"column":63}},"22":{"start":{"line":77,"column":4},"end":{"line":77,"column":15}},"23":{"start":{"line":81,"column":19},"end":{"line":84,"column":5}},"24":{"start":{"line":86,"column":16},"end":{"line":86,"column":30}},"25":{"start":{"line":87,"column":4},"end":{"line":87,"column":63}},"26":{"start":{"line":87,"column":14},"end":{"line":87,"column":63}},"27":{"start":{"line":88,"column":4},"end":{"line":88,"column":15}},"28":{"start":{"line":92,"column":0},"end":{"line":92,"column":21}}},"fnMap":{"0":{"name":"(anonymous_0)","decl":{"start":{"line":14,"column":2},"end":{"line":14,"column":3}},"loc":{"start":{"line":14,"column":32},"end":{"line":35,"column":3}},"line":14},"1":{"name":"(anonymous_1)","decl":{"start":{"line":37,"column":2},"end":{"line":37,"column":3}},"loc":{"start":{"line":37,"column":25},"end":{"line":44,"column":3}},"line":37},"2":{"name":"(anonymous_2)","decl":{"start":{"line":46,"column":2},"end":{"line":46,"column":3}},"loc":{"start":{"line":46,"column":23},"end":{"line":60,"column":3}},"line":46},"3":{"name":"(anonymous_3)","decl":{"start":{"line":62,"column":2},"end":{"line":62,"column":3}},"loc":{"start":{"line":62,"column":35},"end":{"line":78,"column":3}},"line":62},"4":{"name":"(anonymous_4)","decl":{"start":{"line":80,"column":2},"end":{"line":80,"column":3}},"loc":{"start":{"line":80,"column":26},"end":{"line":89,"column":3}},"line":80}},"branchMap":{"0":{"loc":{"start":{"line":22,"column":4},"end":{"line":23,"column":64}},"type":"if","locations":[{"start":{"line":22,"column":4},"end":{"line":23,"column":64}},{"start":{"line":22,"column":4},"end":{"line":23,"column":64}}],"line":22},"1":{"loc":{"start":{"line":57,"column":4},"end":{"line":57,"column":63}},"type":"if","locations":[{"start":{"line":57,"column":4},"end":{"line":57,"column":63}},{"start":{"line":57,"column":4},"end":{"line":57,"column":63}}],"line":57},"2":{"loc":{"start":{"line":63,"column":4},"end":{"line":63,"column":55}},"type":"if","locations":[{"start":{"line":63,"column":4},"end":{"line":63,"column":55}},{"start":{"line":63,"column":4},"end":{"line":63,"column":55}}],"line":63},"3":{"loc":{"start":{"line":75,"column":4},"end":{"line":75,"column":63}},"type":"if","locations":[{"start":{"line":75,"column":4},"end":{"line":75,"column":63}},{"start":{"line":75,"column":4},"end":{"line":75,"column":63}}],"line":75},"4":{"loc":{"start":{"line":87,"column":4},"end":{"line":87,"column":63}},"type":"if","locations":[{"start":{"line":87,"column":4},"end":{"line":87,"column":63}},{"start":{"line":87,"column":4},"end":{"line":87,"column":63}}],"line":87}},"s":{"0":1,"1":1,"2":1,"3":3,"4":3,"5":1,"6":2,"7":2,"8":2,"9":1,"10":1,"11":2,"12":2,"13":2,"14":1,"15":1,"16":3,"17":1,"18":2,"19":2,"20":2,"21":1,"22":1,"23":2,"24":2,"25":2,"26":1,"27":1,"28":1},"f":{"0":3,"1":1,"2":2,"3":3,"4":2},"b":{"0":[1,2],"1":[1,1],"2":[1,2],"3":[1,1],"4":[1,1]},"_coverageSchema":"1a1c01bbd47fc00a2c39e90264f33305004495a9","hash":"8f2cde9289cd3b026cbbb4618d43a283f3a50387"}
,"/home/jpendy/springboard/ayc-back/models/video.js": {"path":"/home/jpendy/springboard/ayc-back/models/video.js","statementMap":{"0":{"start":{"line":3,"column":11},"end":{"line":3,"column":27}},"1":{"start":{"line":4,"column":43},"end":{"line":4,"column":69}},"2":{"start":{"line":5,"column":32},"end":{"line":5,"column":57}},"3":{"start":{"line":15,"column":27},"end":{"line":20,"column":5}},"4":{"start":{"line":22,"column":4},"end":{"line":23,"column":65}},"5":{"start":{"line":23,"column":6},"end":{"line":23,"column":65}},"6":{"start":{"line":25,"column":19},"end":{"line":31,"column":5}},"7":{"start":{"line":33,"column":16},"end":{"line":33,"column":30}},"8":{"start":{"line":35,"column":4},"end":{"line":35,"column":17}},"9":{"start":{"line":42,"column":16},"end":{"line":42,"column":18}},"10":{"start":{"line":43,"column":4},"end":{"line":52,"column":5}},"11":{"start":{"line":44,"column":6},"end":{"line":44,"column":231}},"12":{"start":{"line":46,"column":6},"end":{"line":51,"column":32}},"13":{"start":{"line":54,"column":22},"end":{"line":54,"column":43}},"14":{"start":{"line":56,"column":4},"end":{"line":56,"column":26}},"15":{"start":{"line":63,"column":21},"end":{"line":71,"column":5}},"16":{"start":{"line":73,"column":18},"end":{"line":73,"column":34}},"17":{"start":{"line":74,"column":4},"end":{"line":74,"column":67}},"18":{"start":{"line":74,"column":16},"end":{"line":74,"column":67}},"19":{"start":{"line":76,"column":25},"end":{"line":82,"column":5}},"20":{"start":{"line":84,"column":4},"end":{"line":84,"column":58}},"21":{"start":{"line":84,"column":46},"end":{"line":84,"column":56}},"22":{"start":{"line":85,"column":4},"end":{"line":85,"column":17}},"23":{"start":{"line":94,"column":32},"end":{"line":94,"column":61}},"24":{"start":{"line":95,"column":21},"end":{"line":95,"column":46}},"25":{"start":{"line":97,"column":21},"end":{"line":103,"column":39}},"26":{"start":{"line":104,"column":19},"end":{"line":104,"column":60}},"27":{"start":{"line":105,"column":18},"end":{"line":105,"column":32}},"28":{"start":{"line":107,"column":4},"end":{"line":107,"column":67}},"29":{"start":{"line":107,"column":16},"end":{"line":107,"column":67}},"30":{"start":{"line":109,"column":4},"end":{"line":109,"column":17}},"31":{"start":{"line":115,"column":19},"end":{"line":121,"column":5}},"32":{"start":{"line":123,"column":18},"end":{"line":123,"column":32}},"33":{"start":{"line":125,"column":4},"end":{"line":125,"column":67}},"34":{"start":{"line":125,"column":16},"end":{"line":125,"column":67}},"35":{"start":{"line":129,"column":21},"end":{"line":134,"column":5}},"36":{"start":{"line":135,"column":16},"end":{"line":135,"column":32}},"37":{"start":{"line":137,"column":4},"end":{"line":137,"column":66}},"38":{"start":{"line":137,"column":14},"end":{"line":137,"column":66}},"39":{"start":{"line":139,"column":22},"end":{"line":144,"column":5}},"40":{"start":{"line":145,"column":18},"end":{"line":145,"column":35}},"41":{"start":{"line":147,"column":4},"end":{"line":147,"column":72}},"42":{"start":{"line":147,"column":16},"end":{"line":147,"column":72}},"43":{"start":{"line":149,"column":4},"end":{"line":153,"column":6}},"44":{"start":{"line":157,"column":0},"end":{"line":157,"column":23}}},"fnMap":{"0":{"name":"(anonymous_0)","decl":{"start":{"line":14,"column":2},"end":{"line":14,"column":3}},"loc":{"start":{"line":14,"column":51},"end":{"line":36,"column":3}},"line":14},"1":{"name":"(anonymous_1)","decl":{"start":{"line":41,"column":2},"end":{"line":41,"column":3}},"loc":{"start":{"line":41,"column":28},"end":{"line":57,"column":3}},"line":41},"2":{"name":"(anonymous_2)","decl":{"start":{"line":62,"column":2},"end":{"line":62,"column":3}},"loc":{"start":{"line":62,"column":23},"end":{"line":86,"column":3}},"line":62},"3":{"name":"(anonymous_3)","decl":{"start":{"line":84,"column":39},"end":{"line":84,"column":40}},"loc":{"start":{"line":84,"column":46},"end":{"line":84,"column":56}},"line":84},"4":{"name":"(anonymous_4)","decl":{"start":{"line":93,"column":2},"end":{"line":93,"column":3}},"loc":{"start":{"line":93,"column":32},"end":{"line":110,"column":3}},"line":93},"5":{"name":"(anonymous_5)","decl":{"start":{"line":114,"column":2},"end":{"line":114,"column":3}},"loc":{"start":{"line":114,"column":26},"end":{"line":126,"column":3}},"line":114},"6":{"name":"(anonymous_6)","decl":{"start":{"line":128,"column":2},"end":{"line":128,"column":3}},"loc":{"start":{"line":128,"column":43},"end":{"line":154,"column":3}},"line":128}},"branchMap":{"0":{"loc":{"start":{"line":22,"column":4},"end":{"line":23,"column":65}},"type":"if","locations":[{"start":{"line":22,"column":4},"end":{"line":23,"column":65}},{"start":{"line":22,"column":4},"end":{"line":23,"column":65}}],"line":22},"1":{"loc":{"start":{"line":43,"column":4},"end":{"line":52,"column":5}},"type":"if","locations":[{"start":{"line":43,"column":4},"end":{"line":52,"column":5}},{"start":{"line":43,"column":4},"end":{"line":52,"column":5}}],"line":43},"2":{"loc":{"start":{"line":74,"column":4},"end":{"line":74,"column":67}},"type":"if","locations":[{"start":{"line":74,"column":4},"end":{"line":74,"column":67}},{"start":{"line":74,"column":4},"end":{"line":74,"column":67}}],"line":74},"3":{"loc":{"start":{"line":107,"column":4},"end":{"line":107,"column":67}},"type":"if","locations":[{"start":{"line":107,"column":4},"end":{"line":107,"column":67}},{"start":{"line":107,"column":4},"end":{"line":107,"column":67}}],"line":107},"4":{"loc":{"start":{"line":125,"column":4},"end":{"line":125,"column":67}},"type":"if","locations":[{"start":{"line":125,"column":4},"end":{"line":125,"column":67}},{"start":{"line":125,"column":4},"end":{"line":125,"column":67}}],"line":125},"5":{"loc":{"start":{"line":137,"column":4},"end":{"line":137,"column":66}},"type":"if","locations":[{"start":{"line":137,"column":4},"end":{"line":137,"column":66}},{"start":{"line":137,"column":4},"end":{"line":137,"column":66}}],"line":137},"6":{"loc":{"start":{"line":147,"column":4},"end":{"line":147,"column":72}},"type":"if","locations":[{"start":{"line":147,"column":4},"end":{"line":147,"column":72}},{"start":{"line":147,"column":4},"end":{"line":147,"column":72}}],"line":147}},"s":{"0":1,"1":1,"2":1,"3":3,"4":3,"5":1,"6":2,"7":2,"8":2,"9":2,"10":2,"11":1,"12":1,"13":2,"14":2,"15":2,"16":2,"17":2,"18":1,"19":1,"20":1,"21":1,"22":1,"23":4,"24":3,"25":3,"26":3,"27":3,"28":3,"29":1,"30":2,"31":2,"32":2,"33":2,"34":1,"35":1,"36":1,"37":1,"38":0,"39":1,"40":1,"41":1,"42":0,"43":1,"44":1},"f":{"0":3,"1":2,"2":2,"3":1,"4":4,"5":2,"6":1},"b":{"0":[1,2],"1":[1,1],"2":[1,1],"3":[1,2],"4":[1,1],"5":[0,1],"6":[0,1]},"_coverageSchema":"1a1c01bbd47fc00a2c39e90264f33305004495a9","hash":"4d93664750954f4f491397e1705793db37433010"}
,"/home/jpendy/springboard/ayc-back/routes/_testCommon.js": {"path":"/home/jpendy/springboard/ayc-back/routes/_testCommon.js","statementMap":{"0":{"start":{"line":1,"column":11},"end":{"line":1,"column":27}},"1":{"start":{"line":2,"column":15},"end":{"line":2,"column":42}},"2":{"start":{"line":3,"column":17},"end":{"line":3,"column":46}},"3":{"start":{"line":4,"column":15},"end":{"line":4,"column":32}},"4":{"start":{"line":5,"column":31},"end":{"line":5,"column":51}},"5":{"start":{"line":6,"column":24},"end":{"line":6,"column":52}},"6":{"start":{"line":8,"column":24},"end":{"line":8,"column":26}},"7":{"start":{"line":11,"column":2},"end":{"line":11,"column":37}},"8":{"start":{"line":12,"column":2},"end":{"line":12,"column":42}},"9":{"start":{"line":14,"column":2},"end":{"line":18,"column":5}},"10":{"start":{"line":19,"column":2},"end":{"line":23,"column":5}},"11":{"start":{"line":25,"column":2},"end":{"line":32,"column":7}},"12":{"start":{"line":33,"column":2},"end":{"line":40,"column":7}},"13":{"start":{"line":42,"column":2},"end":{"line":51,"column":4}},"14":{"start":{"line":55,"column":2},"end":{"line":55,"column":26}},"15":{"start":{"line":59,"column":2},"end":{"line":59,"column":29}},"16":{"start":{"line":63,"column":2},"end":{"line":63,"column":17}},"17":{"start":{"line":66,"column":16},"end":{"line":66,"column":47}},"18":{"start":{"line":67,"column":16},"end":{"line":67,"column":47}},"19":{"start":{"line":69,"column":0},"end":{"line":77,"column":2}}},"fnMap":{"0":{"name":"commonBeforeAll","decl":{"start":{"line":10,"column":15},"end":{"line":10,"column":30}},"loc":{"start":{"line":10,"column":33},"end":{"line":52,"column":1}},"line":10},"1":{"name":"commonBeforeEach","decl":{"start":{"line":54,"column":15},"end":{"line":54,"column":31}},"loc":{"start":{"line":54,"column":34},"end":{"line":56,"column":1}},"line":54},"2":{"name":"commonAfterEach","decl":{"start":{"line":58,"column":15},"end":{"line":58,"column":30}},"loc":{"start":{"line":58,"column":33},"end":{"line":60,"column":1}},"line":58},"3":{"name":"commonAfterAll","decl":{"start":{"line":62,"column":15},"end":{"line":62,"column":29}},"loc":{"start":{"line":62,"column":32},"end":{"line":64,"column":1}},"line":62}},"branchMap":{},"s":{"0":3,"1":3,"2":3,"3":3,"4":3,"5":3,"6":3,"7":3,"8":3,"9":3,"10":3,"11":3,"12":3,"13":3,"14":22,"15":22,"16":3,"17":3,"18":3,"19":3},"f":{"0":3,"1":22,"2":22,"3":3},"b":{},"_coverageSchema":"1a1c01bbd47fc00a2c39e90264f33305004495a9","hash":"6b644afee1ef9d61705f22caf9b1f0109e24d325"}
,"/home/jpendy/springboard/ayc-back/routes/auth.js": {"path":"/home/jpendy/springboard/ayc-back/routes/auth.js","statementMap":{"0":{"start":{"line":5,"column":19},"end":{"line":5,"column":40}},"1":{"start":{"line":7,"column":14},"end":{"line":7,"column":40}},"2":{"start":{"line":8,"column":16},"end":{"line":8,"column":34}},"3":{"start":{"line":10,"column":24},"end":{"line":10,"column":52}},"4":{"start":{"line":11,"column":24},"end":{"line":11,"column":60}},"5":{"start":{"line":12,"column":28},"end":{"line":12,"column":54}},"6":{"start":{"line":14,"column":15},"end":{"line":14,"column":31}},"7":{"start":{"line":22,"column":0},"end":{"line":37,"column":3}},"8":{"start":{"line":23,"column":2},"end":{"line":36,"column":3}},"9":{"start":{"line":24,"column":22},"end":{"line":24,"column":68}},"10":{"start":{"line":25,"column":4},"end":{"line":28,"column":5}},"11":{"start":{"line":26,"column":19},"end":{"line":26,"column":55}},"12":{"start":{"line":26,"column":47},"end":{"line":26,"column":54}},"13":{"start":{"line":27,"column":6},"end":{"line":27,"column":38}},"14":{"start":{"line":30,"column":35},"end":{"line":30,"column":43}},"15":{"start":{"line":31,"column":18},"end":{"line":31,"column":62}},"16":{"start":{"line":32,"column":18},"end":{"line":32,"column":36}},"17":{"start":{"line":33,"column":4},"end":{"line":33,"column":31}},"18":{"start":{"line":35,"column":4},"end":{"line":35,"column":21}},"19":{"start":{"line":39,"column":0},"end":{"line":39,"column":24}}},"fnMap":{"0":{"name":"(anonymous_0)","decl":{"start":{"line":22,"column":22},"end":{"line":22,"column":23}},"loc":{"start":{"line":22,"column":54},"end":{"line":37,"column":1}},"line":22},"1":{"name":"(anonymous_1)","decl":{"start":{"line":26,"column":40},"end":{"line":26,"column":41}},"loc":{"start":{"line":26,"column":47},"end":{"line":26,"column":54}},"line":26}},"branchMap":{"0":{"loc":{"start":{"line":25,"column":4},"end":{"line":28,"column":5}},"type":"if","locations":[{"start":{"line":25,"column":4},"end":{"line":28,"column":5}},{"start":{"line":25,"column":4},"end":{"line":28,"column":5}}],"line":25}},"s":{"0":4,"1":4,"2":4,"3":4,"4":4,"5":4,"6":4,"7":4,"8":1,"9":1,"10":1,"11":0,"12":0,"13":0,"14":1,"15":1,"16":1,"17":1,"18":0,"19":4},"f":{"0":1,"1":0},"b":{"0":[0,1]},"_coverageSchema":"1a1c01bbd47fc00a2c39e90264f33305004495a9","hash":"1d7870fca6df6fc203cf08fd737e55bc622da7e6"}
,"/home/jpendy/springboard/ayc-back/routes/customers.js": {"path":"/home/jpendy/springboard/ayc-back/routes/customers.js","statementMap":{"0":{"start":{"line":5,"column":19},"end":{"line":5,"column":40}},"1":{"start":{"line":6,"column":16},"end":{"line":6,"column":34}},"2":{"start":{"line":8,"column":28},"end":{"line":8,"column":54}},"3":{"start":{"line":9,"column":24},"end":{"line":9,"column":53}},"4":{"start":{"line":10,"column":17},"end":{"line":10,"column":46}},"5":{"start":{"line":15,"column":15},"end":{"line":15,"column":31}},"6":{"start":{"line":24,"column":0},"end":{"line":36,"column":3}},"7":{"start":{"line":25,"column":2},"end":{"line":35,"column":3}},"8":{"start":{"line":31,"column":21},"end":{"line":31,"column":49}},"9":{"start":{"line":32,"column":4},"end":{"line":32,"column":46}},"10":{"start":{"line":34,"column":4},"end":{"line":34,"column":21}},"11":{"start":{"line":44,"column":0},"end":{"line":51,"column":3}},"12":{"start":{"line":45,"column":2},"end":{"line":50,"column":3}},"13":{"start":{"line":46,"column":22},"end":{"line":46,"column":46}},"14":{"start":{"line":47,"column":4},"end":{"line":47,"column":35}},"15":{"start":{"line":49,"column":4},"end":{"line":49,"column":21}},"16":{"start":{"line":59,"column":0},"end":{"line":66,"column":3}},"17":{"start":{"line":60,"column":2},"end":{"line":65,"column":3}},"18":{"start":{"line":61,"column":21},"end":{"line":61,"column":54}},"19":{"start":{"line":62,"column":4},"end":{"line":62,"column":34}},"20":{"start":{"line":64,"column":4},"end":{"line":64,"column":21}},"21":{"start":{"line":75,"column":0},"end":{"line":88,"column":3}},"22":{"start":{"line":76,"column":2},"end":{"line":87,"column":3}},"23":{"start":{"line":83,"column":21},"end":{"line":83,"column":67}},"24":{"start":{"line":84,"column":4},"end":{"line":84,"column":34}},"25":{"start":{"line":86,"column":4},"end":{"line":86,"column":21}},"26":{"start":{"line":96,"column":0},"end":{"line":103,"column":3}},"27":{"start":{"line":97,"column":2},"end":{"line":102,"column":3}},"28":{"start":{"line":98,"column":4},"end":{"line":98,"column":41}},"29":{"start":{"line":99,"column":4},"end":{"line":99,"column":71}},"30":{"start":{"line":101,"column":4},"end":{"line":101,"column":21}},"31":{"start":{"line":105,"column":0},"end":{"line":105,"column":24}}},"fnMap":{"0":{"name":"(anonymous_0)","decl":{"start":{"line":24,"column":30},"end":{"line":24,"column":31}},"loc":{"start":{"line":24,"column":62},"end":{"line":36,"column":1}},"line":24},"1":{"name":"(anonymous_1)","decl":{"start":{"line":44,"column":29},"end":{"line":44,"column":30}},"loc":{"start":{"line":44,"column":61},"end":{"line":51,"column":1}},"line":44},"2":{"name":"(anonymous_2)","decl":{"start":{"line":59,"column":32},"end":{"line":59,"column":33}},"loc":{"start":{"line":59,"column":64},"end":{"line":66,"column":1}},"line":59},"3":{"name":"(anonymous_3)","decl":{"start":{"line":75,"column":34},"end":{"line":75,"column":35}},"loc":{"start":{"line":75,"column":66},"end":{"line":88,"column":1}},"line":75},"4":{"name":"(anonymous_4)","decl":{"start":{"line":96,"column":35},"end":{"line":96,"column":36}},"loc":{"start":{"line":96,"column":67},"end":{"line":103,"column":1}},"line":96}},"branchMap":{},"s":{"0":4,"1":4,"2":4,"3":4,"4":4,"5":4,"6":4,"7":1,"8":1,"9":1,"10":0,"11":4,"12":1,"13":1,"14":1,"15":0,"16":4,"17":2,"18":2,"19":1,"20":1,"21":4,"22":2,"23":2,"24":1,"25":1,"26":4,"27":2,"28":2,"29":1,"30":1,"31":4},"f":{"0":1,"1":1,"2":2,"3":2,"4":2},"b":{},"_coverageSchema":"1a1c01bbd47fc00a2c39e90264f33305004495a9","hash":"7d3376c6d533a574d7189914fd5da399008c03b8"}
,"/home/jpendy/springboard/ayc-back/routes/team.js": {"path":"/home/jpendy/springboard/ayc-back/routes/team.js","statementMap":{"0":{"start":{"line":5,"column":19},"end":{"line":5,"column":40}},"1":{"start":{"line":6,"column":16},"end":{"line":6,"column":34}},"2":{"start":{"line":7,"column":15},"end":{"line":7,"column":42}},"3":{"start":{"line":8,"column":20},"end":{"line":8,"column":49}},"4":{"start":{"line":9,"column":24},"end":{"line":9,"column":53}},"5":{"start":{"line":11,"column":24},"end":{"line":11,"column":60}},"6":{"start":{"line":12,"column":27},"end":{"line":12,"column":66}},"7":{"start":{"line":14,"column":15},"end":{"line":14,"column":31}},"8":{"start":{"line":24,"column":0},"end":{"line":36,"column":3}},"9":{"start":{"line":25,"column":2},"end":{"line":35,"column":3}},"10":{"start":{"line":26,"column":22},"end":{"line":26,"column":68}},"11":{"start":{"line":27,"column":4},"end":{"line":30,"column":5}},"12":{"start":{"line":28,"column":19},"end":{"line":28,"column":55}},"13":{"start":{"line":28,"column":47},"end":{"line":28,"column":54}},"14":{"start":{"line":29,"column":6},"end":{"line":29,"column":39}},"15":{"start":{"line":31,"column":19},"end":{"line":31,"column":51}},"16":{"start":{"line":32,"column":4},"end":{"line":32,"column":44}},"17":{"start":{"line":34,"column":4},"end":{"line":34,"column":21}},"18":{"start":{"line":44,"column":0},"end":{"line":51,"column":3}},"19":{"start":{"line":45,"column":2},"end":{"line":50,"column":3}},"20":{"start":{"line":46,"column":17},"end":{"line":46,"column":39}},"21":{"start":{"line":47,"column":4},"end":{"line":47,"column":30}},"22":{"start":{"line":49,"column":4},"end":{"line":49,"column":21}},"23":{"start":{"line":59,"column":0},"end":{"line":68,"column":3}},"24":{"start":{"line":60,"column":2},"end":{"line":67,"column":3}},"25":{"start":{"line":61,"column":26},"end":{"line":61,"column":50}},"26":{"start":{"line":63,"column":19},"end":{"line":63,"column":50}},"27":{"start":{"line":64,"column":4},"end":{"line":64,"column":32}},"28":{"start":{"line":66,"column":4},"end":{"line":66,"column":21}},"29":{"start":{"line":76,"column":0},"end":{"line":90,"column":3}},"30":{"start":{"line":77,"column":2},"end":{"line":89,"column":3}},"31":{"start":{"line":78,"column":22},"end":{"line":78,"column":71}},"32":{"start":{"line":79,"column":4},"end":{"line":82,"column":5}},"33":{"start":{"line":80,"column":19},"end":{"line":80,"column":55}},"34":{"start":{"line":80,"column":47},"end":{"line":80,"column":54}},"35":{"start":{"line":81,"column":6},"end":{"line":81,"column":39}},"36":{"start":{"line":84,"column":26},"end":{"line":84,"column":50}},"37":{"start":{"line":85,"column":19},"end":{"line":85,"column":63}},"38":{"start":{"line":86,"column":4},"end":{"line":86,"column":32}},"39":{"start":{"line":88,"column":4},"end":{"line":88,"column":21}},"40":{"start":{"line":96,"column":0},"end":{"line":104,"column":3}},"41":{"start":{"line":97,"column":2},"end":{"line":103,"column":3}},"42":{"start":{"line":98,"column":26},"end":{"line":98,"column":50}},"43":{"start":{"line":99,"column":4},"end":{"line":99,"column":39}},"44":{"start":{"line":100,"column":4},"end":{"line":100,"column":48}},"45":{"start":{"line":102,"column":4},"end":{"line":102,"column":21}},"46":{"start":{"line":106,"column":0},"end":{"line":106,"column":24}}},"fnMap":{"0":{"name":"(anonymous_0)","decl":{"start":{"line":24,"column":30},"end":{"line":24,"column":31}},"loc":{"start":{"line":24,"column":62},"end":{"line":36,"column":1}},"line":24},"1":{"name":"(anonymous_1)","decl":{"start":{"line":28,"column":40},"end":{"line":28,"column":41}},"loc":{"start":{"line":28,"column":47},"end":{"line":28,"column":54}},"line":28},"2":{"name":"(anonymous_2)","decl":{"start":{"line":44,"column":16},"end":{"line":44,"column":17}},"loc":{"start":{"line":44,"column":48},"end":{"line":51,"column":1}},"line":44},"3":{"name":"(anonymous_3)","decl":{"start":{"line":59,"column":21},"end":{"line":59,"column":22}},"loc":{"start":{"line":59,"column":53},"end":{"line":68,"column":1}},"line":59},"4":{"name":"(anonymous_4)","decl":{"start":{"line":76,"column":36},"end":{"line":76,"column":37}},"loc":{"start":{"line":76,"column":68},"end":{"line":90,"column":1}},"line":76},"5":{"name":"(anonymous_5)","decl":{"start":{"line":80,"column":40},"end":{"line":80,"column":41}},"loc":{"start":{"line":80,"column":47},"end":{"line":80,"column":54}},"line":80},"6":{"name":"(anonymous_6)","decl":{"start":{"line":96,"column":37},"end":{"line":96,"column":38}},"loc":{"start":{"line":96,"column":69},"end":{"line":104,"column":1}},"line":96}},"branchMap":{"0":{"loc":{"start":{"line":27,"column":4},"end":{"line":30,"column":5}},"type":"if","locations":[{"start":{"line":27,"column":4},"end":{"line":30,"column":5}},{"start":{"line":27,"column":4},"end":{"line":30,"column":5}}],"line":27},"1":{"loc":{"start":{"line":79,"column":4},"end":{"line":82,"column":5}},"type":"if","locations":[{"start":{"line":79,"column":4},"end":{"line":82,"column":5}},{"start":{"line":79,"column":4},"end":{"line":82,"column":5}}],"line":79}},"s":{"0":4,"1":4,"2":4,"3":4,"4":4,"5":4,"6":4,"7":4,"8":4,"9":1,"10":1,"11":1,"12":0,"13":0,"14":0,"15":1,"16":1,"17":0,"18":4,"19":1,"20":1,"21":1,"22":0,"23":4,"24":2,"25":2,"26":2,"27":1,"28":1,"29":4,"30":2,"31":2,"32":2,"33":0,"34":0,"35":0,"36":2,"37":2,"38":1,"39":1,"40":4,"41":2,"42":2,"43":2,"44":1,"45":1,"46":4},"f":{"0":1,"1":0,"2":1,"3":2,"4":2,"5":0,"6":2},"b":{"0":[0,1],"1":[0,2]},"_coverageSchema":"1a1c01bbd47fc00a2c39e90264f33305004495a9","hash":"4378f18053b5a81de3f8d3a0981cda060ca814fa"}
}
