TN:
SF:app.js
FN:28,(anonymous_0)
FN:33,(anonymous_1)
FNF:2
FNH:2
FNDA:2,(anonymous_0)
FNDA:32,(anonymous_1)
DA:5,5
DA:6,5
DA:8,5
DA:10,5
DA:11,5
DA:12,5
DA:13,5
DA:14,5
DA:16,5
DA:18,5
DA:19,5
DA:20,5
DA:22,5
DA:23,5
DA:24,5
DA:25,5
DA:28,5
DA:29,2
DA:33,5
DA:34,32
DA:35,32
DA:36,32
DA:38,32
DA:43,5
LF:24
LH:24
BRDA:34,0,0,1
BRDA:34,0,1,31
BRDA:35,1,0,32
BRDA:35,1,1,0
BRF:4
BRH:3
end_of_record
TN:
SF:config.js
FN:12,getDatabaseUri
FNF:1
FNH:1
FNDA:26,getDatabaseUri
DA:4,13
DA:5,13
DA:7,13
DA:9,13
DA:13,26
DA:19,13
DA:21,13
DA:22,13
DA:23,13
DA:24,13
DA:25,13
DA:26,13
DA:28,13
LF:13
LH:13
BRDA:7,0,0,13
BRDA:7,0,1,12
BRDA:9,1,0,13
BRDA:9,1,1,12
BRDA:13,2,0,23
BRDA:13,2,1,3
BRDA:15,3,0,3
BRDA:15,3,1,1
BRDA:19,4,0,12
BRDA:19,4,1,1
BRF:10
BRH:10
end_of_record
TN:
SF:db.js
FNF:0
FNH:0
DA:4,10
DA:5,10
DA:9,10
DA:10,0
DA:17,10
DA:22,10
DA:24,10
LF:7
LH:6
BRDA:9,0,0,0
BRDA:9,0,1,10
BRF:2
BRH:1
end_of_record
TN:
SF:expressError.js
FN:8,(anonymous_0)
FN:18,(anonymous_1)
FN:26,(anonymous_2)
FN:34,(anonymous_3)
FN:42,(anonymous_4)
FNF:5
FNH:4
FNDA:53,(anonymous_0)
FNDA:23,(anonymous_1)
FNDA:13,(anonymous_2)
FNDA:17,(anonymous_3)
FNDA:0,(anonymous_4)
DA:9,53
DA:10,53
DA:11,53
DA:19,23
DA:27,13
DA:35,17
DA:43,0
DA:47,12
LF:8
LH:7
BRDA:18,0,0,2
BRDA:26,1,0,11
BRDA:34,2,0,0
BRDA:42,3,0,0
BRF:4
BRH:2
end_of_record
TN:
SF:helpers/sql.js
FN:4,sqlForPartialUpdate
FN:10,(anonymous_1)
FNF:2
FNH:2
FNDA:20,sqlForPartialUpdate
FNDA:37,(anonymous_1)
DA:1,11
DA:5,20
DA:6,20
DA:9,17
DA:10,37
DA:13,17
DA:19,11
LF:7
LH:7
BRDA:6,0,0,3
BRDA:6,0,1,17
BRDA:10,1,0,37
BRDA:10,1,1,27
BRF:4
BRH:4
end_of_record
TN:
SF:helpers/toTitle.js
FN:3,toTitle
FN:6,(anonymous_1)
FNF:2
FNH:2
FNDA:7,toTitle
FNDA:11,(anonymous_1)
DA:4,7
DA:7,11
DA:12,6
LF:3
LH:3
BRF:0
BRH:0
end_of_record
TN:
SF:helpers/tokens.js
FN:6,createToken
FNF:1
FNH:1
FNDA:10,createToken
DA:1,6
DA:2,6
DA:12,10
DA:16,10
DA:19,6
LF:5
LH:5
BRF:0
BRH:0
end_of_record
TN:
SF:middleware/auth.js
FN:12,authenticateJWT
FN:26,ensureAdmin
FNF:2
FNH:2
FNDA:54,authenticateJWT
FNDA:42,ensureAdmin
DA:5,6
DA:6,6
DA:7,6
DA:13,54
DA:14,54
DA:16,54
DA:17,33
DA:18,33
DA:20,53
DA:22,1
DA:27,42
DA:28,42
DA:29,31
DA:31,11
DA:35,6
LF:15
LH:15
BRDA:14,0,0,54
BRDA:14,0,1,53
BRDA:16,1,0,33
BRDA:16,1,1,21
BRDA:28,2,0,11
BRDA:28,2,1,31
BRF:6
BRH:6
end_of_record
TN:
SF:models/_testCommon.js
FN:9,commonBeforeAll
FN:22,(anonymous_1)
FN:46,(anonymous_2)
FN:55,(anonymous_3)
FN:65,commonBeforeEach
FN:69,commonAfterEach
FN:73,commonAfterAll
FNF:7
FNH:7
FNDA:5,commonBeforeAll
FNDA:10,(anonymous_1)
FNDA:15,(anonymous_2)
FNDA:15,(anonymous_3)
FNDA:48,commonBeforeEach
FNDA:48,commonAfterEach
FNDA:5,commonAfterAll
DA:1,5
DA:2,5
DA:3,5
DA:5,5
DA:6,5
DA:7,5
DA:10,5
DA:11,5
DA:12,5
DA:13,5
DA:14,5
DA:16,5
DA:22,10
DA:24,5
DA:30,5
DA:41,5
DA:46,15
DA:48,5
DA:55,15
DA:57,5
DA:66,48
DA:70,48
DA:74,5
DA:77,5
LF:24
LH:24
BRF:0
BRH:0
end_of_record
TN:
SF:models/admin.js
FN:23,(anonymous_0)
FNF:1
FNH:1
FNDA:4,(anonymous_0)
DA:3,6
DA:4,6
DA:5,6
DA:10,6
DA:12,6
DA:25,4
DA:32,4
DA:34,4
DA:36,3
DA:37,3
DA:38,2
DA:39,2
DA:43,2
DA:47,6
LF:14
LH:14
BRDA:34,0,0,3
BRDA:34,0,1,1
BRDA:37,1,0,2
BRDA:37,1,1,1
BRF:4
BRH:4
end_of_record
TN:
SF:models/customer.js
FN:18,(anonymous_0)
FN:44,(anonymous_1)
FN:61,(anonymous_2)
FN:87,(anonymous_3)
FN:113,(anonymous_4)
FNF:5
FNH:5
FNDA:13,(anonymous_0)
FNDA:2,(anonymous_1)
FNDA:4,(anonymous_2)
FNDA:7,(anonymous_3)
FNDA:4,(anonymous_4)
DA:3,6
DA:4,6
DA:5,6
DA:6,6
DA:19,13
DA:26,13
DA:27,1
DA:29,12
DA:36,12
DA:38,12
DA:45,2
DA:49,2
DA:50,2
DA:62,4
DA:75,4
DA:76,2
DA:78,2
DA:88,7
DA:89,6
DA:91,6
DA:99,6
DA:100,6
DA:102,6
DA:104,4
DA:114,4
DA:122,4
DA:124,4
DA:126,2
DA:130,6
LF:29
LH:29
BRDA:26,0,0,1
BRDA:26,0,1,12
BRDA:75,1,0,2
BRDA:75,1,1,2
BRDA:102,2,0,2
BRDA:102,2,1,4
BRDA:124,3,0,2
BRDA:124,3,1,2
BRF:8
BRH:8
end_of_record
TN:
SF:models/member.js
FN:12,(anonymous_0)
FN:40,(anonymous_1)
FN:58,(anonymous_2)
FN:81,(anonymous_3)
FN:108,(anonymous_4)
FNF:5
FNH:5
FNDA:11,(anonymous_0)
FNDA:2,(anonymous_1)
FNDA:4,(anonymous_2)
FNDA:6,(anonymous_3)
FNDA:4,(anonymous_4)
DA:3,7
DA:4,7
DA:5,7
DA:13,11
DA:20,11
DA:21,0
DA:24,11
DA:34,11
DA:35,11
DA:41,2
DA:51,2
DA:59,4
DA:69,4
DA:71,4
DA:72,2
DA:82,6
DA:87,5
DA:89,5
DA:96,5
DA:97,5
DA:99,5
DA:101,3
DA:109,4
DA:116,4
DA:118,4
DA:120,2
DA:124,7
LF:27
LH:26
BRDA:20,0,0,0
BRDA:20,0,1,11
BRDA:71,1,0,2
BRDA:71,1,1,2
BRDA:99,2,0,2
BRDA:99,2,1,3
BRDA:118,3,0,2
BRDA:118,3,1,2
BRF:8
BRH:7
end_of_record
TN:
SF:models/tag.js
FN:14,(anonymous_0)
FN:37,(anonymous_1)
FN:46,(anonymous_2)
FN:62,(anonymous_3)
FN:80,(anonymous_4)
FNF:5
FNH:5
FNDA:3,(anonymous_0)
FNDA:1,(anonymous_1)
FNDA:2,(anonymous_2)
FNDA:3,(anonymous_3)
FNDA:2,(anonymous_4)
DA:3,1
DA:4,1
DA:5,1
DA:15,3
DA:22,3
DA:23,1
DA:25,2
DA:32,2
DA:34,2
DA:38,1
DA:43,1
DA:47,2
DA:55,2
DA:57,2
DA:59,1
DA:63,3
DA:64,2
DA:73,2
DA:75,2
DA:77,1
DA:81,2
DA:86,2
DA:87,2
DA:88,1
DA:92,1
LF:25
LH:25
BRDA:22,0,0,1
BRDA:22,0,1,2
BRDA:57,1,0,1
BRDA:57,1,1,1
BRDA:63,2,0,1
BRDA:63,2,1,2
BRDA:75,3,0,1
BRDA:75,3,1,1
BRDA:87,4,0,1
BRDA:87,4,1,1
BRF:10
BRH:10
end_of_record
TN:
SF:models/video.js
FN:14,(anonymous_0)
FN:41,(anonymous_1)
FN:62,(anonymous_2)
FN:84,(anonymous_3)
FN:93,(anonymous_4)
FN:114,(anonymous_5)
FN:128,(anonymous_6)
FNF:7
FNH:7
FNDA:13,(anonymous_0)
FNDA:3,(anonymous_1)
FNDA:4,(anonymous_2)
FNDA:1,(anonymous_3)
FNDA:6,(anonymous_4)
FNDA:4,(anonymous_5)
FNDA:1,(anonymous_6)
DA:3,6
DA:4,6
DA:5,6
DA:15,13
DA:22,13
DA:23,1
DA:25,12
DA:33,12
DA:35,12
DA:42,3
DA:43,3
DA:44,1
DA:46,2
DA:54,3
DA:56,3
DA:63,4
DA:73,4
DA:74,4
DA:76,2
DA:84,2
DA:85,2
DA:94,6
DA:95,5
DA:97,5
DA:104,5
DA:105,5
DA:107,5
DA:109,3
DA:115,4
DA:123,4
DA:125,4
DA:129,1
DA:135,1
DA:137,1
DA:139,1
DA:145,1
DA:147,1
DA:149,1
DA:157,6
LF:39
LH:39
BRDA:22,0,0,1
BRDA:22,0,1,12
BRDA:43,1,0,1
BRDA:43,1,1,2
BRDA:74,2,0,2
BRDA:74,2,1,2
BRDA:107,3,0,2
BRDA:107,3,1,3
BRDA:125,4,0,2
BRDA:125,4,1,2
BRDA:137,5,0,0
BRDA:137,5,1,1
BRDA:147,6,0,0
BRDA:147,6,1,1
BRF:14
BRH:12
end_of_record
TN:
SF:routes/_testCommon.js
FN:12,commonBeforeAll
FN:73,commonBeforeEach
FN:77,commonAfterEach
FN:81,commonAfterAll
FNF:4
FNH:4
FNDA:4,commonBeforeAll
FNDA:49,commonBeforeEach
FNDA:49,commonAfterEach
FNDA:4,commonAfterAll
DA:1,4
DA:2,4
DA:3,4
DA:4,4
DA:5,4
DA:6,4
DA:7,4
DA:9,4
DA:10,4
DA:13,4
DA:14,4
DA:15,4
DA:17,4
DA:22,4
DA:28,4
DA:36,4
DA:45,4
DA:53,4
DA:61,4
DA:74,49
DA:78,49
DA:82,4
DA:85,4
DA:86,4
DA:88,4
LF:25
LH:25
BRF:0
BRH:0
end_of_record
TN:
SF:routes/auth.js
FN:22,(anonymous_0)
FN:26,(anonymous_1)
FNF:2
FNH:1
FNDA:1,(anonymous_0)
FNDA:0,(anonymous_1)
DA:5,5
DA:7,5
DA:8,5
DA:10,5
DA:11,5
DA:12,5
DA:14,5
DA:22,5
DA:23,1
DA:24,1
DA:25,1
DA:26,0
DA:27,0
DA:30,1
DA:31,1
DA:32,1
DA:33,1
DA:35,0
DA:39,5
LF:19
LH:16
BRDA:25,0,0,0
BRDA:25,0,1,1
BRF:2
BRH:1
end_of_record
TN:
SF:routes/customers.js
FN:24,(anonymous_0)
FN:28,(anonymous_1)
FN:44,(anonymous_2)
FN:59,(anonymous_3)
FN:75,(anonymous_4)
FN:79,(anonymous_5)
FN:96,(anonymous_6)
FNF:7
FNH:7
FNDA:4,(anonymous_0)
FNDA:2,(anonymous_1)
FNDA:1,(anonymous_2)
FNDA:2,(anonymous_3)
FNDA:4,(anonymous_4)
FNDA:2,(anonymous_5)
FNDA:2,(anonymous_6)
DA:5,5
DA:6,5
DA:8,5
DA:9,5
DA:10,5
DA:12,5
DA:13,5
DA:15,5
DA:24,5
DA:25,4
DA:26,4
DA:27,4
DA:28,2
DA:29,2
DA:31,2
DA:32,2
DA:34,2
DA:44,5
DA:45,1
DA:46,1
DA:47,1
DA:49,0
DA:59,5
DA:60,2
DA:61,2
DA:62,1
DA:64,1
DA:75,5
DA:76,4
DA:77,4
DA:78,4
DA:79,2
DA:80,2
DA:83,2
DA:84,1
DA:86,3
DA:96,5
DA:97,2
DA:98,2
DA:99,1
DA:101,1
DA:105,5
LF:42
LH:41
BRDA:27,0,0,2
BRDA:27,0,1,2
BRDA:78,1,0,2
BRDA:78,1,1,2
BRF:4
BRH:4
end_of_record
TN:
SF:routes/team.js
FN:25,(anonymous_0)
FN:29,(anonymous_1)
FN:45,(anonymous_2)
FN:60,(anonymous_3)
FN:77,(anonymous_4)
FN:81,(anonymous_5)
FN:97,(anonymous_6)
FNF:7
FNH:7
FNDA:4,(anonymous_0)
FNDA:2,(anonymous_1)
FNDA:1,(anonymous_2)
FNDA:2,(anonymous_3)
FNDA:3,(anonymous_4)
FNDA:1,(anonymous_5)
FNDA:2,(anonymous_6)
DA:5,5
DA:6,5
DA:7,5
DA:8,5
DA:9,5
DA:10,5
DA:12,5
DA:13,5
DA:15,5
DA:25,5
DA:26,4
DA:27,4
DA:28,4
DA:29,2
DA:30,2
DA:32,2
DA:33,2
DA:35,2
DA:45,5
DA:46,1
DA:47,1
DA:48,1
DA:50,0
DA:60,5
DA:61,2
DA:62,2
DA:64,2
DA:65,1
DA:67,1
DA:77,5
DA:78,3
DA:79,3
DA:80,3
DA:81,1
DA:82,1
DA:85,2
DA:86,2
DA:87,1
DA:89,2
DA:97,5
DA:98,2
DA:99,2
DA:100,2
DA:101,1
DA:103,1
DA:107,5
LF:46
LH:45
BRDA:28,0,0,2
BRDA:28,0,1,2
BRDA:80,1,0,1
BRDA:80,1,1,2
BRF:4
BRH:4
end_of_record
TN:
SF:routes/videos.js
FN:24,(anonymous_0)
FN:28,(anonymous_1)
FN:44,(anonymous_2)
FN:59,(anonymous_3)
FN:75,(anonymous_4)
FN:79,(anonymous_5)
FN:96,(anonymous_6)
FNF:7
FNH:6
FNDA:5,(anonymous_0)
FNDA:3,(anonymous_1)
FNDA:1,(anonymous_2)
FNDA:2,(anonymous_3)
FNDA:2,(anonymous_4)
FNDA:0,(anonymous_5)
FNDA:2,(anonymous_6)
DA:5,5
DA:6,5
DA:8,5
DA:9,5
DA:10,5
DA:12,5
DA:13,5
DA:15,5
DA:24,5
DA:25,5
DA:26,5
DA:27,5
DA:28,3
DA:29,3
DA:31,2
DA:32,2
DA:34,3
DA:44,5
DA:45,1
DA:46,1
DA:47,1
DA:49,0
DA:59,5
DA:60,2
DA:61,2
DA:62,1
DA:64,1
DA:75,5
DA:76,2
DA:77,2
DA:78,2
DA:79,0
DA:80,0
DA:83,2
DA:84,1
DA:86,1
DA:96,5
DA:97,2
DA:98,2
DA:99,1
DA:101,1
DA:105,5
LF:42
LH:39
BRDA:27,0,0,3
BRDA:27,0,1,2
BRDA:78,1,0,0
BRDA:78,1,1,2
BRF:4
BRH:3
end_of_record
