TN:
SF:app.js
FN:26,(anonymous_0)
FN:31,(anonymous_1)
FNF:2
FNH:2
FNDA:2,(anonymous_0)
FNDA:13,(anonymous_1)
DA:5,4
DA:6,4
DA:8,4
DA:10,4
DA:11,4
DA:12,4
DA:13,4
DA:15,4
DA:17,4
DA:18,4
DA:19,4
DA:21,4
DA:22,4
DA:23,4
DA:26,4
DA:27,2
DA:31,4
DA:32,13
DA:33,13
DA:34,13
DA:36,13
DA:41,4
LF:22
LH:22
BRDA:32,0,0,1
BRDA:32,0,1,12
BRDA:33,1,0,13
BRDA:33,1,1,0
BRF:4
BRH:3
end_of_record
TN:
SF:config.js
FN:12,getDatabaseUri
FNF:1
FNH:1
FNDA:24,getDatabaseUri
DA:4,12
DA:5,12
DA:7,12
DA:9,12
DA:13,24
DA:19,12
DA:21,12
DA:22,12
DA:23,12
DA:24,12
DA:25,12
DA:26,12
DA:28,12
LF:13
LH:13
BRDA:7,0,0,12
BRDA:7,0,1,11
BRDA:9,1,0,12
BRDA:9,1,1,11
BRDA:13,2,0,21
BRDA:13,2,1,3
BRDA:15,3,0,3
BRDA:15,3,1,1
BRDA:19,4,0,11
BRDA:19,4,1,1
BRF:10
BRH:10
end_of_record
TN:
SF:db.js
FNF:0
FNH:0
DA:4,9
DA:5,9
DA:9,9
DA:10,0
DA:17,9
DA:22,9
DA:24,9
LF:7
LH:6
BRDA:9,0,0,0
BRDA:9,0,1,9
BRF:2
BRH:1
end_of_record
TN:
SF:expressError.js
FN:8,(anonymous_0)
FN:18,(anonymous_1)
FN:26,(anonymous_2)
FN:34,(anonymous_3)
FN:42,(anonymous_4)
FNF:5
FNH:4
FNDA:34,(anonymous_0)
FNDA:20,(anonymous_1)
FNDA:7,(anonymous_2)
FNDA:7,(anonymous_3)
FNDA:0,(anonymous_4)
DA:9,34
DA:10,34
DA:11,34
DA:19,20
DA:27,7
DA:35,7
DA:43,0
DA:47,11
LF:8
LH:7
BRDA:18,0,0,2
BRDA:26,1,0,5
BRDA:34,2,0,0
BRDA:42,3,0,0
BRF:4
BRH:2
end_of_record
TN:
SF:helpers/sql.js
FN:4,sqlForPartialUpdate
FN:10,(anonymous_1)
FNF:2
FNH:2
FNDA:18,sqlForPartialUpdate
FNDA:35,(anonymous_1)
DA:1,10
DA:5,18
DA:6,18
DA:9,15
DA:10,35
DA:13,15
DA:19,10
LF:7
LH:7
BRDA:6,0,0,3
BRDA:6,0,1,15
BRDA:10,1,0,35
BRDA:10,1,1,25
BRF:4
BRH:4
end_of_record
TN:
SF:helpers/toTitle.js
FN:3,toTitle
FN:6,(anonymous_1)
FNF:2
FNH:2
FNDA:7,toTitle
FNDA:11,(anonymous_1)
DA:4,7
DA:7,11
DA:12,5
LF:3
LH:3
BRF:0
BRH:0
end_of_record
TN:
SF:helpers/tokens.js
FN:6,createToken
FNF:1
FNH:1
FNDA:8,createToken
DA:1,5
DA:2,5
DA:12,8
DA:16,8
DA:19,5
LF:5
LH:5
BRF:0
BRH:0
end_of_record
TN:
SF:middleware/auth.js
FN:12,authenticateJWT
FN:26,ensureAdmin
FNF:2
FNH:2
FNDA:27,authenticateJWT
FNDA:18,ensureAdmin
DA:5,5
DA:6,5
DA:7,5
DA:13,27
DA:14,27
DA:16,27
DA:17,15
DA:18,15
DA:20,26
DA:22,1
DA:27,18
DA:28,18
DA:29,13
DA:31,5
DA:35,5
LF:15
LH:15
BRDA:14,0,0,27
BRDA:14,0,1,26
BRDA:16,1,0,15
BRDA:16,1,1,12
BRDA:28,2,0,5
BRDA:28,2,1,13
BRF:6
BRH:6
end_of_record
TN:
SF:models/_testCommon.js
FN:9,commonBeforeAll
FN:22,(anonymous_1)
FN:46,(anonymous_2)
FN:55,(anonymous_3)
FN:65,commonBeforeEach
FN:69,commonAfterEach
FN:73,commonAfterAll
FNF:7
FNH:7
FNDA:5,commonBeforeAll
FNDA:10,(anonymous_1)
FNDA:15,(anonymous_2)
FNDA:15,(anonymous_3)
FNDA:48,commonBeforeEach
FNDA:48,commonAfterEach
FNDA:5,commonAfterAll
DA:1,5
DA:2,5
DA:3,5
DA:5,5
DA:6,5
DA:7,5
DA:10,5
DA:11,5
DA:12,5
DA:13,5
DA:14,5
DA:16,5
DA:22,10
DA:24,5
DA:30,5
DA:41,5
DA:46,15
DA:48,5
DA:55,15
DA:57,5
DA:66,48
DA:70,48
DA:74,5
DA:77,5
LF:24
LH:24
BRF:0
BRH:0
end_of_record
TN:
SF:models/admin.js
FN:23,(anonymous_0)
FNF:1
FNH:1
FNDA:4,(anonymous_0)
DA:3,5
DA:4,5
DA:5,5
DA:10,5
DA:12,5
DA:25,4
DA:32,4
DA:34,4
DA:36,3
DA:37,3
DA:38,2
DA:39,2
DA:43,2
DA:47,5
LF:14
LH:14
BRDA:34,0,0,3
BRDA:34,0,1,1
BRDA:37,1,0,2
BRDA:37,1,1,1
BRF:4
BRH:4
end_of_record
TN:
SF:models/customer.js
FN:18,(anonymous_0)
FN:44,(anonymous_1)
FN:61,(anonymous_2)
FN:87,(anonymous_3)
FN:113,(anonymous_4)
FNF:5
FNH:5
FNDA:10,(anonymous_0)
FNDA:2,(anonymous_1)
FNDA:4,(anonymous_2)
FNDA:7,(anonymous_3)
FNDA:4,(anonymous_4)
DA:3,5
DA:4,5
DA:5,5
DA:6,5
DA:19,10
DA:26,10
DA:27,1
DA:29,9
DA:36,9
DA:38,9
DA:45,2
DA:49,2
DA:50,2
DA:62,4
DA:75,4
DA:76,2
DA:78,2
DA:88,7
DA:89,6
DA:91,6
DA:99,6
DA:100,6
DA:102,6
DA:104,4
DA:114,4
DA:122,4
DA:124,4
DA:126,2
DA:130,5
LF:29
LH:29
BRDA:26,0,0,1
BRDA:26,0,1,9
BRDA:75,1,0,2
BRDA:75,1,1,2
BRDA:102,2,0,2
BRDA:102,2,1,4
BRDA:124,3,0,2
BRDA:124,3,1,2
BRF:8
BRH:8
end_of_record
TN:
SF:models/member.js
FN:12,(anonymous_0)
FN:40,(anonymous_1)
FN:58,(anonymous_2)
FN:81,(anonymous_3)
FN:108,(anonymous_4)
FNF:5
FNH:5
FNDA:8,(anonymous_0)
FNDA:2,(anonymous_1)
FNDA:4,(anonymous_2)
FNDA:6,(anonymous_3)
FNDA:4,(anonymous_4)
DA:3,6
DA:4,6
DA:5,6
DA:13,8
DA:20,8
DA:21,0
DA:24,8
DA:34,8
DA:35,8
DA:41,2
DA:51,2
DA:59,4
DA:69,4
DA:71,4
DA:72,2
DA:82,6
DA:87,5
DA:89,5
DA:96,5
DA:97,5
DA:99,5
DA:101,3
DA:109,4
DA:116,4
DA:118,4
DA:120,2
DA:124,6
LF:27
LH:26
BRDA:20,0,0,0
BRDA:20,0,1,8
BRDA:71,1,0,2
BRDA:71,1,1,2
BRDA:99,2,0,2
BRDA:99,2,1,3
BRDA:118,3,0,2
BRDA:118,3,1,2
BRF:8
BRH:7
end_of_record
TN:
SF:models/tag.js
FN:14,(anonymous_0)
FN:37,(anonymous_1)
FN:46,(anonymous_2)
FN:62,(anonymous_3)
FN:80,(anonymous_4)
FNF:5
FNH:5
FNDA:3,(anonymous_0)
FNDA:1,(anonymous_1)
FNDA:2,(anonymous_2)
FNDA:3,(anonymous_3)
FNDA:2,(anonymous_4)
DA:3,1
DA:4,1
DA:5,1
DA:15,3
DA:22,3
DA:23,1
DA:25,2
DA:32,2
DA:34,2
DA:38,1
DA:43,1
DA:47,2
DA:55,2
DA:57,2
DA:59,1
DA:63,3
DA:64,2
DA:73,2
DA:75,2
DA:77,1
DA:81,2
DA:86,2
DA:87,2
DA:88,1
DA:92,1
LF:25
LH:25
BRDA:22,0,0,1
BRDA:22,0,1,2
BRDA:57,1,0,1
BRDA:57,1,1,1
BRDA:63,2,0,1
BRDA:63,2,1,2
BRDA:75,3,0,1
BRDA:75,3,1,1
BRDA:87,4,0,1
BRDA:87,4,1,1
BRF:10
BRH:10
end_of_record
TN:
SF:models/video.js
FN:14,(anonymous_0)
FN:41,(anonymous_1)
FN:62,(anonymous_2)
FN:84,(anonymous_3)
FN:93,(anonymous_4)
FN:114,(anonymous_5)
FN:128,(anonymous_6)
FNF:7
FNH:7
FNDA:3,(anonymous_0)
FNDA:2,(anonymous_1)
FNDA:2,(anonymous_2)
FNDA:1,(anonymous_3)
FNDA:4,(anonymous_4)
FNDA:2,(anonymous_5)
FNDA:1,(anonymous_6)
DA:3,1
DA:4,1
DA:5,1
DA:15,3
DA:22,3
DA:23,1
DA:25,2
DA:33,2
DA:35,2
DA:42,2
DA:43,2
DA:44,1
DA:46,1
DA:54,2
DA:56,2
DA:63,2
DA:73,2
DA:74,2
DA:76,1
DA:84,1
DA:85,1
DA:94,4
DA:95,3
DA:97,3
DA:104,3
DA:105,3
DA:107,3
DA:109,2
DA:115,2
DA:123,2
DA:125,2
DA:129,1
DA:135,1
DA:137,1
DA:139,1
DA:145,1
DA:147,1
DA:149,1
DA:157,1
LF:39
LH:39
BRDA:22,0,0,1
BRDA:22,0,1,2
BRDA:43,1,0,1
BRDA:43,1,1,1
BRDA:74,2,0,1
BRDA:74,2,1,1
BRDA:107,3,0,1
BRDA:107,3,1,2
BRDA:125,4,0,1
BRDA:125,4,1,1
BRDA:137,5,0,0
BRDA:137,5,1,1
BRDA:147,6,0,0
BRDA:147,6,1,1
BRF:14
BRH:12
end_of_record
TN:
SF:routes/_testCommon.js
FN:10,commonBeforeAll
FN:54,commonBeforeEach
FN:58,commonAfterEach
FN:62,commonAfterAll
FNF:4
FNH:4
FNDA:3,commonBeforeAll
FNDA:22,commonBeforeEach
FNDA:22,commonAfterEach
FNDA:3,commonAfterAll
DA:1,3
DA:2,3
DA:3,3
DA:4,3
DA:5,3
DA:6,3
DA:8,3
DA:11,3
DA:12,3
DA:14,3
DA:19,3
DA:25,3
DA:33,3
DA:42,3
DA:55,22
DA:59,22
DA:63,3
DA:66,3
DA:67,3
DA:69,3
LF:20
LH:20
BRF:0
BRH:0
end_of_record
TN:
SF:routes/auth.js
FN:22,(anonymous_0)
FN:26,(anonymous_1)
FNF:2
FNH:1
FNDA:1,(anonymous_0)
FNDA:0,(anonymous_1)
DA:5,4
DA:7,4
DA:8,4
DA:10,4
DA:11,4
DA:12,4
DA:14,4
DA:22,4
DA:23,1
DA:24,1
DA:25,1
DA:26,0
DA:27,0
DA:30,1
DA:31,1
DA:32,1
DA:33,1
DA:35,0
DA:39,4
LF:19
LH:16
BRDA:25,0,0,0
BRDA:25,0,1,1
BRF:2
BRH:1
end_of_record
TN:
SF:routes/customers.js
FN:24,(anonymous_0)
FN:44,(anonymous_1)
FN:59,(anonymous_2)
FN:75,(anonymous_3)
FN:96,(anonymous_4)
FNF:5
FNH:5
FNDA:1,(anonymous_0)
FNDA:1,(anonymous_1)
FNDA:2,(anonymous_2)
FNDA:2,(anonymous_3)
FNDA:2,(anonymous_4)
DA:5,4
DA:6,4
DA:8,4
DA:9,4
DA:10,4
DA:15,4
DA:24,4
DA:25,1
DA:31,1
DA:32,1
DA:34,0
DA:44,4
DA:45,1
DA:46,1
DA:47,1
DA:49,0
DA:59,4
DA:60,2
DA:61,2
DA:62,1
DA:64,1
DA:75,4
DA:76,2
DA:83,2
DA:84,1
DA:86,1
DA:96,4
DA:97,2
DA:98,2
DA:99,1
DA:101,1
DA:105,4
LF:32
LH:30
BRF:0
BRH:0
end_of_record
TN:
SF:routes/team.js
FN:24,(anonymous_0)
FN:28,(anonymous_1)
FN:44,(anonymous_2)
FN:59,(anonymous_3)
FN:76,(anonymous_4)
FN:80,(anonymous_5)
FN:96,(anonymous_6)
FNF:7
FNH:5
FNDA:1,(anonymous_0)
FNDA:0,(anonymous_1)
FNDA:1,(anonymous_2)
FNDA:2,(anonymous_3)
FNDA:2,(anonymous_4)
FNDA:0,(anonymous_5)
FNDA:2,(anonymous_6)
DA:5,4
DA:6,4
DA:7,4
DA:8,4
DA:9,4
DA:11,4
DA:12,4
DA:14,4
DA:24,4
DA:25,1
DA:26,1
DA:27,1
DA:28,0
DA:29,0
DA:31,1
DA:32,1
DA:34,0
DA:44,4
DA:45,1
DA:46,1
DA:47,1
DA:49,0
DA:59,4
DA:60,2
DA:61,2
DA:63,2
DA:64,1
DA:66,1
DA:76,4
DA:77,2
DA:78,2
DA:79,2
DA:80,0
DA:81,0
DA:84,2
DA:85,2
DA:86,1
DA:88,1
DA:96,4
DA:97,2
DA:98,2
DA:99,2
DA:100,1
DA:102,1
DA:106,4
LF:45
LH:39
BRDA:27,0,0,0
BRDA:27,0,1,1
BRDA:79,1,0,0
BRDA:79,1,1,2
BRF:4
BRH:2
end_of_record
